24-Feb-2023 08:59:42.642 INFO [main] org.apache.catalina.startup.VersionLoggerListener.log Nombre de la versión del servidor: Apache Tomcat/10.1.5
24-Feb-2023 08:59:42.649 INFO [main] org.apache.catalina.startup.VersionLoggerListener.log Server built:                      Jan 9 2023 19:52:50 UTC
24-Feb-2023 08:59:42.650 INFO [main] org.apache.catalina.startup.VersionLoggerListener.log Número de versión de servidor:     10.1.5.0
24-Feb-2023 08:59:42.650 INFO [main] org.apache.catalina.startup.VersionLoggerListener.log OS Name:                           Windows 10
24-Feb-2023 08:59:42.650 INFO [main] org.apache.catalina.startup.VersionLoggerListener.log Versión de Systema Operativo:      10.0
24-Feb-2023 08:59:42.650 INFO [main] org.apache.catalina.startup.VersionLoggerListener.log Arquitectura:                      amd64
24-Feb-2023 08:59:42.650 INFO [main] org.apache.catalina.startup.VersionLoggerListener.log Java Home:                         C:\Program Files\Java\jdk-19
24-Feb-2023 08:59:42.650 INFO [main] org.apache.catalina.startup.VersionLoggerListener.log JVM Version:                       19+36-2238
24-Feb-2023 08:59:42.651 INFO [main] org.apache.catalina.startup.VersionLoggerListener.log Vededor JVM:                       Oracle Corporation
24-Feb-2023 08:59:42.651 INFO [main] org.apache.catalina.startup.VersionLoggerListener.log CATALINA_BASE:                     C:\Users\camer\Documents\Programas\apache-tomcat-10.1.5
24-Feb-2023 08:59:42.651 INFO [main] org.apache.catalina.startup.VersionLoggerListener.log CATALINA_HOME:                     C:\Users\camer\Documents\Programas\apache-tomcat-10.1.5
24-Feb-2023 08:59:42.670 INFO [main] org.apache.catalina.startup.VersionLoggerListener.log Command line argument:             -Djava.util.logging.config.file=C:\Users\camer\Documents\Programas\apache-tomcat-10.1.5\conf\logging.properties
24-Feb-2023 08:59:42.671 INFO [main] org.apache.catalina.startup.VersionLoggerListener.log Command line argument:             -Djava.util.logging.manager=org.apache.juli.ClassLoaderLogManager
24-Feb-2023 08:59:42.672 INFO [main] org.apache.catalina.startup.VersionLoggerListener.log Command line argument:             -Djdk.tls.ephemeralDHKeySize=2048
24-Feb-2023 08:59:42.672 INFO [main] org.apache.catalina.startup.VersionLoggerListener.log Command line argument:             -Djava.protocol.handler.pkgs=org.apache.catalina.webresources
24-Feb-2023 08:59:42.672 INFO [main] org.apache.catalina.startup.VersionLoggerListener.log Command line argument:             --add-opens=java.base/java.lang=ALL-UNNAMED
24-Feb-2023 08:59:42.672 INFO [main] org.apache.catalina.startup.VersionLoggerListener.log Command line argument:             --add-opens=java.base/java.io=ALL-UNNAMED
24-Feb-2023 08:59:42.673 INFO [main] org.apache.catalina.startup.VersionLoggerListener.log Command line argument:             --add-opens=java.base/java.util=ALL-UNNAMED
24-Feb-2023 08:59:42.673 INFO [main] org.apache.catalina.startup.VersionLoggerListener.log Command line argument:             --add-opens=java.base/java.util.concurrent=ALL-UNNAMED
24-Feb-2023 08:59:42.674 INFO [main] org.apache.catalina.startup.VersionLoggerListener.log Command line argument:             --add-opens=java.rmi/sun.rmi.transport=ALL-UNNAMED
24-Feb-2023 08:59:42.674 INFO [main] org.apache.catalina.startup.VersionLoggerListener.log Command line argument:             -Dcatalina.base=C:\Users\camer\Documents\Programas\apache-tomcat-10.1.5
24-Feb-2023 08:59:42.675 INFO [main] org.apache.catalina.startup.VersionLoggerListener.log Command line argument:             -Dcatalina.home=C:\Users\camer\Documents\Programas\apache-tomcat-10.1.5
24-Feb-2023 08:59:42.675 INFO [main] org.apache.catalina.startup.VersionLoggerListener.log Command line argument:             -Djava.io.tmpdir=C:\Users\camer\Documents\Programas\apache-tomcat-10.1.5\temp
24-Feb-2023 08:59:42.680 INFO [main] org.apache.catalina.core.AprLifecycleListener.lifecycleEvent Cargada la biblioteca nativa APR de Apache Tomcat [2.0.2] con la versión APR [1.7.0].
24-Feb-2023 08:59:42.694 INFO [main] org.apache.catalina.core.AprLifecycleListener.initializeSSL OpenSSL inicializado correctamente [OpenSSL 3.0.7 1 Nov 2022]
24-Feb-2023 08:59:42.956 INFO [main] org.apache.coyote.AbstractProtocol.init Inicializando el manejador de protocolo ["http-nio-8080"]

24-Feb-2023 08:59:42.987 INFO [main] org.apache.catalina.startup.Catalina.load Server initialization in [573] milliseconds
24-Feb-2023 08:59:43.030 INFO [main] org.apache.catalina.core.StandardService.startInternal Arrancando servicio [Catalina]
24-Feb-2023 08:59:43.031 INFO [main] org.apache.catalina.core.StandardEngine.startInternal Starting Servlet engine: [Apache Tomcat/10.1.5]
24-Feb-2023 08:59:43.042 INFO [main] org.apache.catalina.startup.HostConfig.deployDirectory Desplegando el directorio [C:\Users\camer\Documents\Programas\apache-tomcat-10.1.5\webapps\docs] de la aplicación web
24-Feb-2023 08:59:43.377 INFO [main] org.apache.catalina.startup.HostConfig.deployDirectory Deployment of web application directory [C:\Users\camer\Documents\Programas\apache-tomcat-10.1.5\webapps\docs] has finished in [330] ms
24-Feb-2023 08:59:43.378 INFO [main] org.apache.catalina.startup.HostConfig.deployDirectory Desplegando el directorio [C:\Users\camer\Documents\Programas\apache-tomcat-10.1.5\webapps\examples] de la aplicación web
24-Feb-2023 08:59:43.940 INFO [main] org.apache.catalina.startup.HostConfig.deployDirectory Deployment of web application directory [C:\Users\camer\Documents\Programas\apache-tomcat-10.1.5\webapps\examples] has finished in [561] ms
24-Feb-2023 08:59:43.940 INFO [main] org.apache.catalina.startup.HostConfig.deployDirectory Desplegando el directorio [C:\Users\camer\Documents\Programas\apache-tomcat-10.1.5\webapps\host-manager] de la aplicación web
24-Feb-2023 08:59:43.995 INFO [main] org.apache.catalina.startup.HostConfig.deployDirectory Deployment of web application directory [C:\Users\camer\Documents\Programas\apache-tomcat-10.1.5\webapps\host-manager] has finished in [55] ms
24-Feb-2023 08:59:43.995 INFO [main] org.apache.catalina.startup.HostConfig.deployDirectory Desplegando el directorio [C:\Users\camer\Documents\Programas\apache-tomcat-10.1.5\webapps\manager] de la aplicación web
24-Feb-2023 08:59:44.046 INFO [main] org.apache.catalina.startup.HostConfig.deployDirectory Deployment of web application directory [C:\Users\camer\Documents\Programas\apache-tomcat-10.1.5\webapps\manager] has finished in [51] ms
24-Feb-2023 08:59:44.047 INFO [main] org.apache.catalina.startup.HostConfig.deployDirectory Desplegando el directorio [C:\Users\camer\Documents\Programas\apache-tomcat-10.1.5\webapps\ROOT] de la aplicación web
24-Feb-2023 08:59:44.073 INFO [main] org.apache.catalina.startup.HostConfig.deployDirectory Deployment of web application directory [C:\Users\camer\Documents\Programas\apache-tomcat-10.1.5\webapps\ROOT] has finished in [26] ms
24-Feb-2023 08:59:44.075 INFO [main] org.apache.coyote.AbstractProtocol.start Starting ProtocolHandler ["http-nio-8080"]
24-Feb-2023 08:59:44.110 INFO [main] org.apache.catalina.startup.Catalina.start Server startup in [1121] milliseconds
