20-Feb-2024 09:03:20.079 INFO [main] org.apache.catalina.startup.VersionLoggerListener.log Nombre de la versión del servidor: Apache Tomcat/9.0.80
20-Feb-2024 09:03:20.082 INFO [main] org.apache.catalina.startup.VersionLoggerListener.log Server built:                      Aug 23 2023 21:59:38 UTC
20-Feb-2024 09:03:20.083 INFO [main] org.apache.catalina.startup.VersionLoggerListener.log Número de versión de servidor:     9.0.80.0
20-Feb-2024 09:03:20.083 INFO [main] org.apache.catalina.startup.VersionLoggerListener.log OS Name:                           Windows 10
20-Feb-2024 09:03:20.083 INFO [main] org.apache.catalina.startup.VersionLoggerListener.log Versión de Systema Operativo:      10.0
20-Feb-2024 09:03:20.083 INFO [main] org.apache.catalina.startup.VersionLoggerListener.log Arquitectura:                      amd64
20-Feb-2024 09:03:20.083 INFO [main] org.apache.catalina.startup.VersionLoggerListener.log Java Home:                         C:\Program Files\Java\jdk-19
20-Feb-2024 09:03:20.083 INFO [main] org.apache.catalina.startup.VersionLoggerListener.log JVM Version:                       19+36-2238
20-Feb-2024 09:03:20.083 INFO [main] org.apache.catalina.startup.VersionLoggerListener.log Vededor JVM:                       Oracle Corporation
20-Feb-2024 09:03:20.083 INFO [main] org.apache.catalina.startup.VersionLoggerListener.log CATALINA_BASE:                     C:\Users\camer\Documents\Programas\apache-tomcat-9.0.80
20-Feb-2024 09:03:20.084 INFO [main] org.apache.catalina.startup.VersionLoggerListener.log CATALINA_HOME:                     C:\Users\camer\Documents\Programas\apache-tomcat-9.0.80
20-Feb-2024 09:03:20.100 INFO [main] org.apache.catalina.startup.VersionLoggerListener.log Command line argument:             --add-opens=java.base/java.lang=ALL-UNNAMED
20-Feb-2024 09:03:20.100 INFO [main] org.apache.catalina.startup.VersionLoggerListener.log Command line argument:             --add-opens=java.base/java.io=ALL-UNNAMED
20-Feb-2024 09:03:20.100 INFO [main] org.apache.catalina.startup.VersionLoggerListener.log Command line argument:             --add-opens=java.base/java.util=ALL-UNNAMED
20-Feb-2024 09:03:20.101 INFO [main] org.apache.catalina.startup.VersionLoggerListener.log Command line argument:             --add-opens=java.base/java.util.concurrent=ALL-UNNAMED
20-Feb-2024 09:03:20.101 INFO [main] org.apache.catalina.startup.VersionLoggerListener.log Command line argument:             --add-opens=java.rmi/sun.rmi.transport=ALL-UNNAMED
20-Feb-2024 09:03:20.101 INFO [main] org.apache.catalina.startup.VersionLoggerListener.log Command line argument:             -Djava.util.logging.config.file=C:\Users\camer\Documents\Programas\apache-tomcat-9.0.80\conf\logging.properties
20-Feb-2024 09:03:20.101 INFO [main] org.apache.catalina.startup.VersionLoggerListener.log Command line argument:             -Djava.util.logging.manager=org.apache.juli.ClassLoaderLogManager
20-Feb-2024 09:03:20.101 INFO [main] org.apache.catalina.startup.VersionLoggerListener.log Command line argument:             -Dhttp.nonProxyHosts=localhost|127.0.0.1|LAPTOP-1PICP9GL
20-Feb-2024 09:03:20.101 INFO [main] org.apache.catalina.startup.VersionLoggerListener.log Command line argument:             -Djdk.tls.ephemeralDHKeySize=2048
20-Feb-2024 09:03:20.102 INFO [main] org.apache.catalina.startup.VersionLoggerListener.log Command line argument:             -Djava.protocol.handler.pkgs=org.apache.catalina.webresources
20-Feb-2024 09:03:20.102 INFO [main] org.apache.catalina.startup.VersionLoggerListener.log Command line argument:             -Dignore.endorsed.dirs=
20-Feb-2024 09:03:20.103 INFO [main] org.apache.catalina.startup.VersionLoggerListener.log Command line argument:             -Dcatalina.base=C:\Users\camer\Documents\Programas\apache-tomcat-9.0.80
20-Feb-2024 09:03:20.103 INFO [main] org.apache.catalina.startup.VersionLoggerListener.log Command line argument:             -Dcatalina.home=C:\Users\camer\Documents\Programas\apache-tomcat-9.0.80
20-Feb-2024 09:03:20.103 INFO [main] org.apache.catalina.startup.VersionLoggerListener.log Command line argument:             -Djava.io.tmpdir=C:\Users\camer\Documents\Programas\apache-tomcat-9.0.80\temp
20-Feb-2024 09:03:20.120 INFO [main] org.apache.catalina.core.AprLifecycleListener.lifecycleEvent Cargada la biblioteca nativa APR de Apache Tomcat [1.2.38] con la versión APR [1.7.4].
20-Feb-2024 09:03:20.121 INFO [main] org.apache.catalina.core.AprLifecycleListener.lifecycleEvent Capacidades APR: IPv6 [true], enviar fichero [true], aceptar filtros [false], aleatorio [true], UDS [true].
20-Feb-2024 09:03:20.121 INFO [main] org.apache.catalina.core.AprLifecycleListener.lifecycleEvent APR/OpenSSL configuration: useAprConnector [false], useOpenSSL [true]
20-Feb-2024 09:03:20.138 INFO [main] org.apache.catalina.core.AprLifecycleListener.initializeSSL OpenSSL inicializado correctamente [OpenSSL 1.1.1v  1 Aug 2023]
20-Feb-2024 09:03:20.465 INFO [main] org.apache.coyote.AbstractProtocol.init Inicializando el manejador de protocolo ["http-nio-8080"]

20-Feb-2024 09:03:20.494 INFO [main] org.apache.catalina.startup.Catalina.load Server initialization in [698] milliseconds
20-Feb-2024 09:03:20.587 INFO [main] org.apache.catalina.core.StandardService.startInternal Arrancando servicio [Catalina]
20-Feb-2024 09:03:20.587 INFO [main] org.apache.catalina.core.StandardEngine.startInternal Starting Servlet engine: [Apache Tomcat/9.0.80]
20-Feb-2024 09:03:20.602 INFO [main] org.apache.catalina.startup.HostConfig.deployDescriptor Desplieque del descriptor de configuración [C:\Users\camer\Documents\Programas\apache-tomcat-9.0.80\conf\Catalina\localhost\BoletinDeProblemas2.xml]
20-Feb-2024 09:03:20.618 WARNING [main] org.apache.catalina.startup.HostConfig.deployDescriptor The path attribute with value [/BoletinDeProblemas2] in deployment descriptor [C:\Users\camer\Documents\Programas\apache-tomcat-9.0.80\conf\Catalina\localhost\BoletinDeProblemas2.xml] has been ignored
20-Feb-2024 09:03:21.889 INFO [main] org.apache.jasper.servlet.TldScanner.scanJars Al menos un JAR, que se ha explorado buscando TLDs, aún no contenía TLDs. Activar historial de depuración para este historiador para una completa lista de los JARs que fueron explorados y de los que nos se halló TLDs. Saltarse JARs no necesarios durante la exploración puede dar lugar a una mejora de tiempo significativa en el arranque y compilación de JSP .
20-Feb-2024 09:03:22.027 INFO [main] org.apache.catalina.startup.HostConfig.deployDescriptor Deployment of deployment descriptor [C:\Users\camer\Documents\Programas\apache-tomcat-9.0.80\conf\Catalina\localhost\BoletinDeProblemas2.xml] has finished in [1.423] ms
20-Feb-2024 09:03:22.028 INFO [main] org.apache.catalina.startup.HostConfig.deployDescriptor Desplieque del descriptor de configuración [C:\Users\camer\Documents\Programas\apache-tomcat-9.0.80\conf\Catalina\localhost\EjemploGraficas.xml]
20-Feb-2024 09:03:22.030 WARNING [main] org.apache.catalina.startup.HostConfig.deployDescriptor The path attribute with value [/EjemploGraficas] in deployment descriptor [C:\Users\camer\Documents\Programas\apache-tomcat-9.0.80\conf\Catalina\localhost\EjemploGraficas.xml] has been ignored
20-Feb-2024 09:03:22.256 INFO [main] org.apache.catalina.startup.HostConfig.deployDescriptor Deployment of deployment descriptor [C:\Users\camer\Documents\Programas\apache-tomcat-9.0.80\conf\Catalina\localhost\EjemploGraficas.xml] has finished in [228] ms
20-Feb-2024 09:03:22.256 INFO [main] org.apache.catalina.startup.HostConfig.deployDescriptor Desplieque del descriptor de configuración [C:\Users\camer\Documents\Programas\apache-tomcat-9.0.80\conf\Catalina\localhost\Ejercicio1.xml]
20-Feb-2024 09:03:22.258 WARNING [main] org.apache.catalina.startup.HostConfig.deployDescriptor The path attribute with value [/Ejercicio1] in deployment descriptor [C:\Users\camer\Documents\Programas\apache-tomcat-9.0.80\conf\Catalina\localhost\Ejercicio1.xml] has been ignored
20-Feb-2024 09:03:22.267 SEVERE [main] org.apache.catalina.startup.HostConfig.deployDescriptor Error durante el despliegue del descriptor de configuración [C:\Users\camer\Documents\Programas\apache-tomcat-9.0.80\conf\Catalina\localhost\Ejercicio1.xml]
	java.lang.IllegalStateException: Error starting child
		at org.apache.catalina.core.ContainerBase.addChildInternal(ContainerBase.java:686)
		at org.apache.catalina.core.ContainerBase.addChild(ContainerBase.java:658)
		at org.apache.catalina.core.StandardHost.addChild(StandardHost.java:662)
		at org.apache.catalina.startup.HostConfig.deployDescriptor(HostConfig.java:689)
		at org.apache.catalina.startup.HostConfig$DeployDescriptor.run(HostConfig.java:1888)
		at java.base/java.util.concurrent.Executors$RunnableAdapter.call(Executors.java:577)
		at java.base/java.util.concurrent.FutureTask.run(FutureTask.java:317)
		at org.apache.tomcat.util.threads.InlineExecutorService.execute(InlineExecutorService.java:75)
		at java.base/java.util.concurrent.AbstractExecutorService.submit(AbstractExecutorService.java:123)
		at org.apache.catalina.startup.HostConfig.deployDescriptors(HostConfig.java:582)
		at org.apache.catalina.startup.HostConfig.deployApps(HostConfig.java:472)
		at org.apache.catalina.startup.HostConfig.start(HostConfig.java:1617)
		at org.apache.catalina.startup.HostConfig.lifecycleEvent(HostConfig.java:318)
		at org.apache.catalina.util.LifecycleBase.fireLifecycleEvent(LifecycleBase.java:114)
		at org.apache.catalina.util.LifecycleBase.setStateInternal(LifecycleBase.java:402)
		at org.apache.catalina.util.LifecycleBase.setState(LifecycleBase.java:345)
		at org.apache.catalina.core.ContainerBase.startInternal(ContainerBase.java:893)
		at org.apache.catalina.core.StandardHost.startInternal(StandardHost.java:795)
		at org.apache.catalina.util.LifecycleBase.start(LifecycleBase.java:171)
		at org.apache.catalina.core.ContainerBase$StartChild.call(ContainerBase.java:1332)
		at org.apache.catalina.core.ContainerBase$StartChild.call(ContainerBase.java:1322)
		at java.base/java.util.concurrent.FutureTask.run(FutureTask.java:317)
		at org.apache.tomcat.util.threads.InlineExecutorService.execute(InlineExecutorService.java:75)
		at java.base/java.util.concurrent.AbstractExecutorService.submit(AbstractExecutorService.java:145)
		at org.apache.catalina.core.ContainerBase.startInternal(ContainerBase.java:866)
		at org.apache.catalina.core.StandardEngine.startInternal(StandardEngine.java:249)
		at org.apache.catalina.util.LifecycleBase.start(LifecycleBase.java:171)
		at org.apache.catalina.core.StandardService.startInternal(StandardService.java:433)
		at org.apache.catalina.util.LifecycleBase.start(LifecycleBase.java:171)
		at org.apache.catalina.core.StandardServer.startInternal(StandardServer.java:922)
		at org.apache.catalina.util.LifecycleBase.start(LifecycleBase.java:171)
		at org.apache.catalina.startup.Catalina.start(Catalina.java:772)
		at java.base/jdk.internal.reflect.DirectMethodHandleAccessor.invoke(DirectMethodHandleAccessor.java:104)
		at java.base/java.lang.reflect.Method.invoke(Method.java:578)
		at org.apache.catalina.startup.Bootstrap.start(Bootstrap.java:347)
		at org.apache.catalina.startup.Bootstrap.main(Bootstrap.java:478)
	Caused by: org.apache.catalina.LifecycleException: Failed to start component [org.apache.catalina.webresources.StandardRoot@100c567f]
		at org.apache.catalina.util.LifecycleBase.handleSubClassException(LifecycleBase.java:419)
		at org.apache.catalina.util.LifecycleBase.start(LifecycleBase.java:186)
		at org.apache.catalina.core.StandardContext.resourcesStart(StandardContext.java:4575)
		at org.apache.catalina.core.StandardContext.startInternal(StandardContext.java:4708)
		at org.apache.catalina.util.LifecycleBase.start(LifecycleBase.java:171)
		at org.apache.catalina.core.ContainerBase.addChildInternal(ContainerBase.java:683)
		... 35 more
	Caused by: java.lang.IllegalArgumentException: The main resource set specified [C:\Users\camer\Desktop\2º DAW (I.E.S. Camas)\NetBeansProjects\Desarrollo web en entorno servidor\Examen\Ejercicio1\build\web] is not a directory or war file, or is not readable (it does not exist or permissions to access it are missing)
		at org.apache.catalina.webresources.StandardRoot.createMainResourceSet(StandardRoot.java:749)
		at org.apache.catalina.webresources.StandardRoot.startInternal(StandardRoot.java:707)
		at org.apache.catalina.util.LifecycleBase.start(LifecycleBase.java:171)
		... 39 more
20-Feb-2024 09:03:22.279 INFO [main] org.apache.catalina.startup.HostConfig.deployDescriptor Deployment of deployment descriptor [C:\Users\camer\Documents\Programas\apache-tomcat-9.0.80\conf\Catalina\localhost\Ejercicio1.xml] has finished in [23] ms
20-Feb-2024 09:03:22.279 INFO [main] org.apache.catalina.startup.HostConfig.deployDescriptor Desplieque del descriptor de configuración [C:\Users\camer\Documents\Programas\apache-tomcat-9.0.80\conf\Catalina\localhost\Ejercicio2.xml]
20-Feb-2024 09:03:22.281 WARNING [main] org.apache.catalina.startup.HostConfig.deployDescriptor The path attribute with value [/Ejercicio2] in deployment descriptor [C:\Users\camer\Documents\Programas\apache-tomcat-9.0.80\conf\Catalina\localhost\Ejercicio2.xml] has been ignored
20-Feb-2024 09:03:22.289 SEVERE [main] org.apache.catalina.startup.HostConfig.deployDescriptor Error durante el despliegue del descriptor de configuración [C:\Users\camer\Documents\Programas\apache-tomcat-9.0.80\conf\Catalina\localhost\Ejercicio2.xml]
	java.lang.IllegalStateException: Error starting child
		at org.apache.catalina.core.ContainerBase.addChildInternal(ContainerBase.java:686)
		at org.apache.catalina.core.ContainerBase.addChild(ContainerBase.java:658)
		at org.apache.catalina.core.StandardHost.addChild(StandardHost.java:662)
		at org.apache.catalina.startup.HostConfig.deployDescriptor(HostConfig.java:689)
		at org.apache.catalina.startup.HostConfig$DeployDescriptor.run(HostConfig.java:1888)
		at java.base/java.util.concurrent.Executors$RunnableAdapter.call(Executors.java:577)
		at java.base/java.util.concurrent.FutureTask.run(FutureTask.java:317)
		at org.apache.tomcat.util.threads.InlineExecutorService.execute(InlineExecutorService.java:75)
		at java.base/java.util.concurrent.AbstractExecutorService.submit(AbstractExecutorService.java:123)
		at org.apache.catalina.startup.HostConfig.deployDescriptors(HostConfig.java:582)
		at org.apache.catalina.startup.HostConfig.deployApps(HostConfig.java:472)
		at org.apache.catalina.startup.HostConfig.start(HostConfig.java:1617)
		at org.apache.catalina.startup.HostConfig.lifecycleEvent(HostConfig.java:318)
		at org.apache.catalina.util.LifecycleBase.fireLifecycleEvent(LifecycleBase.java:114)
		at org.apache.catalina.util.LifecycleBase.setStateInternal(LifecycleBase.java:402)
		at org.apache.catalina.util.LifecycleBase.setState(LifecycleBase.java:345)
		at org.apache.catalina.core.ContainerBase.startInternal(ContainerBase.java:893)
		at org.apache.catalina.core.StandardHost.startInternal(StandardHost.java:795)
		at org.apache.catalina.util.LifecycleBase.start(LifecycleBase.java:171)
		at org.apache.catalina.core.ContainerBase$StartChild.call(ContainerBase.java:1332)
		at org.apache.catalina.core.ContainerBase$StartChild.call(ContainerBase.java:1322)
		at java.base/java.util.concurrent.FutureTask.run(FutureTask.java:317)
		at org.apache.tomcat.util.threads.InlineExecutorService.execute(InlineExecutorService.java:75)
		at java.base/java.util.concurrent.AbstractExecutorService.submit(AbstractExecutorService.java:145)
		at org.apache.catalina.core.ContainerBase.startInternal(ContainerBase.java:866)
		at org.apache.catalina.core.StandardEngine.startInternal(StandardEngine.java:249)
		at org.apache.catalina.util.LifecycleBase.start(LifecycleBase.java:171)
		at org.apache.catalina.core.StandardService.startInternal(StandardService.java:433)
		at org.apache.catalina.util.LifecycleBase.start(LifecycleBase.java:171)
		at org.apache.catalina.core.StandardServer.startInternal(StandardServer.java:922)
		at org.apache.catalina.util.LifecycleBase.start(LifecycleBase.java:171)
		at org.apache.catalina.startup.Catalina.start(Catalina.java:772)
		at java.base/jdk.internal.reflect.DirectMethodHandleAccessor.invoke(DirectMethodHandleAccessor.java:104)
		at java.base/java.lang.reflect.Method.invoke(Method.java:578)
		at org.apache.catalina.startup.Bootstrap.start(Bootstrap.java:347)
		at org.apache.catalina.startup.Bootstrap.main(Bootstrap.java:478)
	Caused by: org.apache.catalina.LifecycleException: Failed to start component [org.apache.catalina.webresources.StandardRoot@70e13fa]
		at org.apache.catalina.util.LifecycleBase.handleSubClassException(LifecycleBase.java:419)
		at org.apache.catalina.util.LifecycleBase.start(LifecycleBase.java:186)
		at org.apache.catalina.core.StandardContext.resourcesStart(StandardContext.java:4575)
		at org.apache.catalina.core.StandardContext.startInternal(StandardContext.java:4708)
		at org.apache.catalina.util.LifecycleBase.start(LifecycleBase.java:171)
		at org.apache.catalina.core.ContainerBase.addChildInternal(ContainerBase.java:683)
		... 35 more
	Caused by: java.lang.IllegalArgumentException: The main resource set specified [C:\Users\camer\Desktop\2º DAW (I.E.S. Camas)\NetBeansProjects\Desarrollo web en entorno servidor\Examen\Ejercicio2\build\web] is not a directory or war file, or is not readable (it does not exist or permissions to access it are missing)
		at org.apache.catalina.webresources.StandardRoot.createMainResourceSet(StandardRoot.java:749)
		at org.apache.catalina.webresources.StandardRoot.startInternal(StandardRoot.java:707)
		at org.apache.catalina.util.LifecycleBase.start(LifecycleBase.java:171)
		... 39 more
20-Feb-2024 09:03:22.750 INFO [main] org.apache.catalina.startup.HostConfig.deployDescriptor Deployment of deployment descriptor [C:\Users\camer\Documents\Programas\apache-tomcat-9.0.80\conf\Catalina\localhost\Ejercicio2.xml] has finished in [471] ms
20-Feb-2024 09:03:22.750 INFO [main] org.apache.catalina.startup.HostConfig.deployDescriptor Desplieque del descriptor de configuración [C:\Users\camer\Documents\Programas\apache-tomcat-9.0.80\conf\Catalina\localhost\Empresa2023.xml]
20-Feb-2024 09:03:22.752 WARNING [main] org.apache.catalina.startup.HostConfig.deployDescriptor The path attribute with value [/Empresa2023] in deployment descriptor [C:\Users\camer\Documents\Programas\apache-tomcat-9.0.80\conf\Catalina\localhost\Empresa2023.xml] has been ignored
20-Feb-2024 09:03:25.140 INFO [main] org.apache.jasper.servlet.TldScanner.scanJars Al menos un JAR, que se ha explorado buscando TLDs, aún no contenía TLDs. Activar historial de depuración para este historiador para una completa lista de los JARs que fueron explorados y de los que nos se halló TLDs. Saltarse JARs no necesarios durante la exploración puede dar lugar a una mejora de tiempo significativa en el arranque y compilación de JSP .
20-Feb-2024 09:03:25.147 INFO [main] org.apache.catalina.startup.HostConfig.deployDescriptor Deployment of deployment descriptor [C:\Users\camer\Documents\Programas\apache-tomcat-9.0.80\conf\Catalina\localhost\Empresa2023.xml] has finished in [2.397] ms
20-Feb-2024 09:03:25.148 INFO [main] org.apache.catalina.startup.HostConfig.deployDescriptor Desplieque del descriptor de configuración [C:\Users\camer\Documents\Programas\apache-tomcat-9.0.80\conf\Catalina\localhost\EnviarEmail.xml]
20-Feb-2024 09:03:25.156 WARNING [main] org.apache.catalina.startup.HostConfig.deployDescriptor The path attribute with value [/EnviarEmail] in deployment descriptor [C:\Users\camer\Documents\Programas\apache-tomcat-9.0.80\conf\Catalina\localhost\EnviarEmail.xml] has been ignored
20-Feb-2024 09:03:25.394 INFO [main] org.apache.jasper.servlet.TldScanner.scanJars Al menos un JAR, que se ha explorado buscando TLDs, aún no contenía TLDs. Activar historial de depuración para este historiador para una completa lista de los JARs que fueron explorados y de los que nos se halló TLDs. Saltarse JARs no necesarios durante la exploración puede dar lugar a una mejora de tiempo significativa en el arranque y compilación de JSP .
20-Feb-2024 09:03:25.399 INFO [main] org.apache.catalina.startup.HostConfig.deployDescriptor Deployment of deployment descriptor [C:\Users\camer\Documents\Programas\apache-tomcat-9.0.80\conf\Catalina\localhost\EnviarEmail.xml] has finished in [251] ms
20-Feb-2024 09:03:25.401 INFO [main] org.apache.catalina.startup.HostConfig.deployDescriptor Desplieque del descriptor de configuración [C:\Users\camer\Documents\Programas\apache-tomcat-9.0.80\conf\Catalina\localhost\FileUpload.xml]
20-Feb-2024 09:03:25.404 WARNING [main] org.apache.catalina.startup.HostConfig.deployDescriptor The path attribute with value [/FileUpload] in deployment descriptor [C:\Users\camer\Documents\Programas\apache-tomcat-9.0.80\conf\Catalina\localhost\FileUpload.xml] has been ignored
20-Feb-2024 09:03:25.557 INFO [main] org.apache.catalina.startup.HostConfig.deployDescriptor Deployment of deployment descriptor [C:\Users\camer\Documents\Programas\apache-tomcat-9.0.80\conf\Catalina\localhost\FileUpload.xml] has finished in [156] ms
20-Feb-2024 09:03:25.557 INFO [main] org.apache.catalina.startup.HostConfig.deployDescriptor Desplieque del descriptor de configuración [C:\Users\camer\Documents\Programas\apache-tomcat-9.0.80\conf\Catalina\localhost\GestionProductos.xml]
20-Feb-2024 09:03:25.558 WARNING [main] org.apache.catalina.startup.HostConfig.deployDescriptor The path attribute with value [/GestionProductos] in deployment descriptor [C:\Users\camer\Documents\Programas\apache-tomcat-9.0.80\conf\Catalina\localhost\GestionProductos.xml] has been ignored
20-Feb-2024 09:03:25.682 INFO [main] org.apache.catalina.startup.HostConfig.deployDescriptor Deployment of deployment descriptor [C:\Users\camer\Documents\Programas\apache-tomcat-9.0.80\conf\Catalina\localhost\GestionProductos.xml] has finished in [125] ms
20-Feb-2024 09:03:25.683 INFO [main] org.apache.catalina.startup.HostConfig.deployDescriptor Desplieque del descriptor de configuración [C:\Users\camer\Documents\Programas\apache-tomcat-9.0.80\conf\Catalina\localhost\HolaMundoWeb.xml]
20-Feb-2024 09:03:25.684 WARNING [main] org.apache.catalina.startup.HostConfig.deployDescriptor The path attribute with value [/HolaMundoWeb] in deployment descriptor [C:\Users\camer\Documents\Programas\apache-tomcat-9.0.80\conf\Catalina\localhost\HolaMundoWeb.xml] has been ignored
20-Feb-2024 09:03:25.794 INFO [main] org.apache.catalina.startup.HostConfig.deployDescriptor Deployment of deployment descriptor [C:\Users\camer\Documents\Programas\apache-tomcat-9.0.80\conf\Catalina\localhost\HolaMundoWeb.xml] has finished in [111] ms
20-Feb-2024 09:03:25.794 INFO [main] org.apache.catalina.startup.HostConfig.deployDescriptor Desplieque del descriptor de configuración [C:\Users\camer\Documents\Programas\apache-tomcat-9.0.80\conf\Catalina\localhost\Laberinto.xml]
20-Feb-2024 09:03:25.795 WARNING [main] org.apache.catalina.startup.HostConfig.deployDescriptor The path attribute with value [/Laberinto] in deployment descriptor [C:\Users\camer\Documents\Programas\apache-tomcat-9.0.80\conf\Catalina\localhost\Laberinto.xml] has been ignored
20-Feb-2024 09:03:25.899 INFO [main] org.apache.catalina.startup.HostConfig.deployDescriptor Deployment of deployment descriptor [C:\Users\camer\Documents\Programas\apache-tomcat-9.0.80\conf\Catalina\localhost\Laberinto.xml] has finished in [105] ms
20-Feb-2024 09:03:25.899 INFO [main] org.apache.catalina.startup.HostConfig.deployDescriptor Desplieque del descriptor de configuración [C:\Users\camer\Documents\Programas\apache-tomcat-9.0.80\conf\Catalina\localhost\PruebaAjax.xml]
20-Feb-2024 09:03:25.900 WARNING [main] org.apache.catalina.startup.HostConfig.deployDescriptor The path attribute with value [/PruebaAjax] in deployment descriptor [C:\Users\camer\Documents\Programas\apache-tomcat-9.0.80\conf\Catalina\localhost\PruebaAjax.xml] has been ignored
20-Feb-2024 09:03:26.603 INFO [main] org.apache.jasper.servlet.TldScanner.scanJars Al menos un JAR, que se ha explorado buscando TLDs, aún no contenía TLDs. Activar historial de depuración para este historiador para una completa lista de los JARs que fueron explorados y de los que nos se halló TLDs. Saltarse JARs no necesarios durante la exploración puede dar lugar a una mejora de tiempo significativa en el arranque y compilación de JSP .
20-Feb-2024 09:03:26.609 INFO [main] org.apache.catalina.startup.HostConfig.deployDescriptor Deployment of deployment descriptor [C:\Users\camer\Documents\Programas\apache-tomcat-9.0.80\conf\Catalina\localhost\PruebaAjax.xml] has finished in [710] ms
20-Feb-2024 09:03:26.609 INFO [main] org.apache.catalina.startup.HostConfig.deployDescriptor Desplieque del descriptor de configuración [C:\Users\camer\Documents\Programas\apache-tomcat-9.0.80\conf\Catalina\localhost\pruebaTagLib.xml]
20-Feb-2024 09:03:26.611 WARNING [main] org.apache.catalina.startup.HostConfig.deployDescriptor The path attribute with value [/pruebaTagLib] in deployment descriptor [C:\Users\camer\Documents\Programas\apache-tomcat-9.0.80\conf\Catalina\localhost\pruebaTagLib.xml] has been ignored
20-Feb-2024 09:03:26.785 INFO [main] org.apache.jasper.servlet.TldScanner.scanJars Al menos un JAR, que se ha explorado buscando TLDs, aún no contenía TLDs. Activar historial de depuración para este historiador para una completa lista de los JARs que fueron explorados y de los que nos se halló TLDs. Saltarse JARs no necesarios durante la exploración puede dar lugar a una mejora de tiempo significativa en el arranque y compilación de JSP .
20-Feb-2024 09:03:26.819 INFO [main] org.apache.catalina.startup.HostConfig.deployDescriptor Deployment of deployment descriptor [C:\Users\camer\Documents\Programas\apache-tomcat-9.0.80\conf\Catalina\localhost\pruebaTagLib.xml] has finished in [210] ms
20-Feb-2024 09:03:26.819 INFO [main] org.apache.catalina.startup.HostConfig.deployDirectory Desplegando el directorio [C:\Users\camer\Documents\Programas\apache-tomcat-9.0.80\webapps\docs] de la aplicación web
20-Feb-2024 09:03:26.907 INFO [main] org.apache.catalina.startup.HostConfig.deployDirectory Deployment of web application directory [C:\Users\camer\Documents\Programas\apache-tomcat-9.0.80\webapps\docs] has finished in [87] ms
20-Feb-2024 09:03:26.907 INFO [main] org.apache.catalina.startup.HostConfig.deployDirectory Desplegando el directorio [C:\Users\camer\Documents\Programas\apache-tomcat-9.0.80\webapps\examples] de la aplicación web
20-Feb-2024 09:03:27.530 INFO [main] org.apache.catalina.startup.HostConfig.deployDirectory Deployment of web application directory [C:\Users\camer\Documents\Programas\apache-tomcat-9.0.80\webapps\examples] has finished in [623] ms
20-Feb-2024 09:03:27.530 INFO [main] org.apache.catalina.startup.HostConfig.deployDirectory Desplegando el directorio [C:\Users\camer\Documents\Programas\apache-tomcat-9.0.80\webapps\host-manager] de la aplicación web
20-Feb-2024 09:03:27.622 INFO [main] org.apache.catalina.startup.HostConfig.deployDirectory Deployment of web application directory [C:\Users\camer\Documents\Programas\apache-tomcat-9.0.80\webapps\host-manager] has finished in [92] ms
20-Feb-2024 09:03:27.623 INFO [main] org.apache.catalina.startup.HostConfig.deployDirectory Desplegando el directorio [C:\Users\camer\Documents\Programas\apache-tomcat-9.0.80\webapps\manager] de la aplicación web
20-Feb-2024 09:03:27.716 INFO [main] org.apache.catalina.startup.HostConfig.deployDirectory Deployment of web application directory [C:\Users\camer\Documents\Programas\apache-tomcat-9.0.80\webapps\manager] has finished in [92] ms
20-Feb-2024 09:03:27.716 INFO [main] org.apache.catalina.startup.HostConfig.deployDirectory Desplegando el directorio [C:\Users\camer\Documents\Programas\apache-tomcat-9.0.80\webapps\ROOT] de la aplicación web
20-Feb-2024 09:03:27.785 INFO [main] org.apache.catalina.startup.HostConfig.deployDirectory Deployment of web application directory [C:\Users\camer\Documents\Programas\apache-tomcat-9.0.80\webapps\ROOT] has finished in [69] ms
20-Feb-2024 09:03:27.789 INFO [main] org.apache.coyote.AbstractProtocol.start Starting ProtocolHandler ["http-nio-8080"]
20-Feb-2024 09:03:27.836 INFO [main] org.apache.catalina.startup.Catalina.start Server startup in [7339] milliseconds
20-Feb-2024 09:27:19.201 INFO [http-nio-8080-exec-8] org.apache.catalina.core.StandardContext.reload Ha comenzado la recarga de Contexto [/Empresa2023]
20-Feb-2024 09:27:19.231 WARNING [http-nio-8080-exec-8] org.apache.catalina.loader.WebappClassLoaderBase.clearReferencesJdbc La aplicación web [Empresa2023] registró el conductor JDBC [com.mysql.cj.jdbc.Driver] pero falló al anular el registro mientras la aplicación web estaba parada. Para prevenir un fallo de memoria, se ha anulado el registro del conductor JDBC por la fuerza.
20-Feb-2024 09:27:19.233 WARNING [http-nio-8080-exec-8] org.apache.catalina.loader.WebappClassLoaderBase.clearReferencesThreads The web application [Empresa2023] appears to have started a thread named [mysql-cj-abandoned-connection-cleanup] but has failed to stop it. This is very likely to create a memory leak. Stack trace of thread:
 java.base/jdk.internal.misc.Unsafe.park(Native Method)
 java.base/java.util.concurrent.locks.LockSupport.parkNanos(LockSupport.java:269)
 java.base/java.util.concurrent.locks.AbstractQueuedSynchronizer$ConditionObject.await(AbstractQueuedSynchronizer.java:1759)
 java.base/java.lang.ref.ReferenceQueue.await(ReferenceQueue.java:71)
 java.base/java.lang.ref.ReferenceQueue.remove0(ReferenceQueue.java:143)
 java.base/java.lang.ref.ReferenceQueue.remove(ReferenceQueue.java:218)
 com.mysql.cj.jdbc.AbandonedConnectionCleanupThread.run(AbandonedConnectionCleanupThread.java:85)
 java.base/java.util.concurrent.ThreadPoolExecutor.runWorker(ThreadPoolExecutor.java:1144)
 java.base/java.util.concurrent.ThreadPoolExecutor$Worker.run(ThreadPoolExecutor.java:642)
 java.base/java.lang.Thread.run(Thread.java:1589)
20-Feb-2024 09:27:19.525 INFO [mysql-cj-abandoned-connection-cleanup] org.apache.catalina.loader.WebappClassLoaderBase.checkStateForResourceLoading Acceso ilegal: esta instancia de aplicación web ya ha sido parada.  Could not load [].  La eventual traza de pila que sigue ha sido motivada por un error lanzado con motivos de depuración así como para intentar terminar el hilo que motivó el acceso ilegal y no tiene impacto funcional.
	java.lang.IllegalStateException: Acceso ilegal: esta instancia de aplicación web ya ha sido parada.  Could not load [].  La eventual traza de pila que sigue ha sido motivada por un error lanzado con motivos de depuración así como para intentar terminar el hilo que motivó el acceso ilegal y no tiene impacto funcional.
		at org.apache.catalina.loader.WebappClassLoaderBase.checkStateForResourceLoading(WebappClassLoaderBase.java:1432)
		at org.apache.catalina.loader.WebappClassLoaderBase.getResource(WebappClassLoaderBase.java:1057)
		at com.mysql.cj.jdbc.AbandonedConnectionCleanupThread.checkThreadContextClassLoader(AbandonedConnectionCleanupThread.java:117)
		at com.mysql.cj.jdbc.AbandonedConnectionCleanupThread.run(AbandonedConnectionCleanupThread.java:84)
		at java.base/java.util.concurrent.ThreadPoolExecutor.runWorker(ThreadPoolExecutor.java:1144)
		at java.base/java.util.concurrent.ThreadPoolExecutor$Worker.run(ThreadPoolExecutor.java:642)
		at java.base/java.lang.Thread.run(Thread.java:1589)
20-Feb-2024 09:27:21.537 INFO [http-nio-8080-exec-8] org.apache.jasper.servlet.TldScanner.scanJars Al menos un JAR, que se ha explorado buscando TLDs, aún no contenía TLDs. Activar historial de depuración para este historiador para una completa lista de los JARs que fueron explorados y de los que nos se halló TLDs. Saltarse JARs no necesarios durante la exploración puede dar lugar a una mejora de tiempo significativa en el arranque y compilación de JSP .
20-Feb-2024 09:27:21.636 INFO [http-nio-8080-exec-8] org.apache.catalina.core.StandardContext.reload Se ha completado la recarga de este Contexto
20-Feb-2024 09:27:22.006 INFO [http-nio-8080-exec-9] org.apache.catalina.core.StandardContext.reload Ha comenzado la recarga de Contexto [/Empresa2023]
20-Feb-2024 09:27:23.978 INFO [http-nio-8080-exec-9] org.apache.jasper.servlet.TldScanner.scanJars Al menos un JAR, que se ha explorado buscando TLDs, aún no contenía TLDs. Activar historial de depuración para este historiador para una completa lista de los JARs que fueron explorados y de los que nos se halló TLDs. Saltarse JARs no necesarios durante la exploración puede dar lugar a una mejora de tiempo significativa en el arranque y compilación de JSP .
20-Feb-2024 09:27:24.059 INFO [http-nio-8080-exec-9] org.apache.catalina.core.StandardContext.reload Se ha completado la recarga de este Contexto
20-Feb-2024 09:27:43.171 INFO [http-nio-8080-exec-2] org.apache.catalina.core.StandardContext.reload Ha comenzado la recarga de Contexto [/Empresa2023]
20-Feb-2024 09:27:45.101 INFO [http-nio-8080-exec-2] org.apache.jasper.servlet.TldScanner.scanJars Al menos un JAR, que se ha explorado buscando TLDs, aún no contenía TLDs. Activar historial de depuración para este historiador para una completa lista de los JARs que fueron explorados y de los que nos se halló TLDs. Saltarse JARs no necesarios durante la exploración puede dar lugar a una mejora de tiempo significativa en el arranque y compilación de JSP .
20-Feb-2024 09:27:45.210 INFO [http-nio-8080-exec-2] org.apache.catalina.core.StandardContext.reload Se ha completado la recarga de este Contexto
20-Feb-2024 09:30:35.921 INFO [http-nio-8080-exec-19] org.apache.catalina.core.StandardContext.reload Ha comenzado la recarga de Contexto [/Empresa2023]
20-Feb-2024 09:30:37.928 INFO [http-nio-8080-exec-19] org.apache.jasper.servlet.TldScanner.scanJars Al menos un JAR, que se ha explorado buscando TLDs, aún no contenía TLDs. Activar historial de depuración para este historiador para una completa lista de los JARs que fueron explorados y de los que nos se halló TLDs. Saltarse JARs no necesarios durante la exploración puede dar lugar a una mejora de tiempo significativa en el arranque y compilación de JSP .
20-Feb-2024 09:30:38.002 INFO [http-nio-8080-exec-19] org.apache.catalina.core.StandardContext.reload Se ha completado la recarga de este Contexto
20-Feb-2024 09:31:07.959 INFO [http-nio-8080-exec-16] org.apache.catalina.core.StandardContext.reload Ha comenzado la recarga de Contexto [/Empresa2023]
20-Feb-2024 09:31:09.933 INFO [http-nio-8080-exec-16] org.apache.jasper.servlet.TldScanner.scanJars Al menos un JAR, que se ha explorado buscando TLDs, aún no contenía TLDs. Activar historial de depuración para este historiador para una completa lista de los JARs que fueron explorados y de los que nos se halló TLDs. Saltarse JARs no necesarios durante la exploración puede dar lugar a una mejora de tiempo significativa en el arranque y compilación de JSP .
20-Feb-2024 09:31:10.008 INFO [http-nio-8080-exec-16] org.apache.catalina.core.StandardContext.reload Se ha completado la recarga de este Contexto
20-Feb-2024 09:38:50.496 INFO [http-nio-8080-exec-31] org.apache.catalina.core.StandardContext.reload Ha comenzado la recarga de Contexto [/Empresa2023]
20-Feb-2024 09:38:52.627 INFO [http-nio-8080-exec-31] org.apache.jasper.servlet.TldScanner.scanJars Al menos un JAR, que se ha explorado buscando TLDs, aún no contenía TLDs. Activar historial de depuración para este historiador para una completa lista de los JARs que fueron explorados y de los que nos se halló TLDs. Saltarse JARs no necesarios durante la exploración puede dar lugar a una mejora de tiempo significativa en el arranque y compilación de JSP .
20-Feb-2024 09:38:52.633 INFO [http-nio-8080-exec-31] org.apache.catalina.core.StandardContext.reload Se ha completado la recarga de este Contexto
20-Feb-2024 09:38:53.002 INFO [http-nio-8080-exec-22] org.apache.catalina.core.StandardContext.reload Ha comenzado la recarga de Contexto [/Empresa2023]
20-Feb-2024 09:38:54.969 INFO [http-nio-8080-exec-22] org.apache.jasper.servlet.TldScanner.scanJars Al menos un JAR, que se ha explorado buscando TLDs, aún no contenía TLDs. Activar historial de depuración para este historiador para una completa lista de los JARs que fueron explorados y de los que nos se halló TLDs. Saltarse JARs no necesarios durante la exploración puede dar lugar a una mejora de tiempo significativa en el arranque y compilación de JSP .
20-Feb-2024 09:38:54.974 INFO [http-nio-8080-exec-22] org.apache.catalina.core.StandardContext.reload Se ha completado la recarga de este Contexto
20-Feb-2024 09:42:03.629 INFO [http-nio-8080-exec-35] org.apache.catalina.core.StandardContext.reload Ha comenzado la recarga de Contexto [/Empresa2023]
20-Feb-2024 09:42:05.576 INFO [http-nio-8080-exec-35] org.apache.jasper.servlet.TldScanner.scanJars Al menos un JAR, que se ha explorado buscando TLDs, aún no contenía TLDs. Activar historial de depuración para este historiador para una completa lista de los JARs que fueron explorados y de los que nos se halló TLDs. Saltarse JARs no necesarios durante la exploración puede dar lugar a una mejora de tiempo significativa en el arranque y compilación de JSP .
20-Feb-2024 09:42:05.585 INFO [http-nio-8080-exec-35] org.apache.catalina.core.StandardContext.reload Se ha completado la recarga de este Contexto
20-Feb-2024 09:42:14.109 INFO [http-nio-8080-exec-39] org.apache.catalina.core.StandardContext.reload Ha comenzado la recarga de Contexto [/Empresa2023]
20-Feb-2024 09:42:16.008 INFO [http-nio-8080-exec-39] org.apache.jasper.servlet.TldScanner.scanJars Al menos un JAR, que se ha explorado buscando TLDs, aún no contenía TLDs. Activar historial de depuración para este historiador para una completa lista de los JARs que fueron explorados y de los que nos se halló TLDs. Saltarse JARs no necesarios durante la exploración puede dar lugar a una mejora de tiempo significativa en el arranque y compilación de JSP .
20-Feb-2024 09:42:16.012 INFO [http-nio-8080-exec-39] org.apache.catalina.core.StandardContext.reload Se ha completado la recarga de este Contexto
20-Feb-2024 09:51:19.201 INFO [http-nio-8080-exec-46] org.apache.catalina.core.StandardContext.reload Ha comenzado la recarga de Contexto [/Empresa2023]
20-Feb-2024 09:51:21.039 INFO [http-nio-8080-exec-46] org.apache.jasper.servlet.TldScanner.scanJars Al menos un JAR, que se ha explorado buscando TLDs, aún no contenía TLDs. Activar historial de depuración para este historiador para una completa lista de los JARs que fueron explorados y de los que nos se halló TLDs. Saltarse JARs no necesarios durante la exploración puede dar lugar a una mejora de tiempo significativa en el arranque y compilación de JSP .
20-Feb-2024 09:51:21.043 INFO [http-nio-8080-exec-46] org.apache.catalina.core.StandardContext.reload Se ha completado la recarga de este Contexto
20-Feb-2024 10:20:31.647 INFO [main] org.apache.catalina.core.StandardServer.await Se ha recibido un comando de apagado a través del puerto de apagado. Parando la instancia del Servidor.
20-Feb-2024 10:20:31.648 INFO [main] org.apache.coyote.AbstractProtocol.pause Pausing ProtocolHandler ["http-nio-8080"]
20-Feb-2024 10:20:31.664 INFO [main] org.apache.catalina.core.StandardService.stopInternal Parando servicio [Catalina]
20-Feb-2024 10:20:31.684 WARNING [main] org.apache.catalina.loader.WebappClassLoaderBase.clearReferencesJdbc La aplicación web [Empresa2023] registró el conductor JDBC [com.mysql.cj.jdbc.Driver] pero falló al anular el registro mientras la aplicación web estaba parada. Para prevenir un fallo de memoria, se ha anulado el registro del conductor JDBC por la fuerza.
20-Feb-2024 10:20:31.684 WARNING [main] org.apache.catalina.loader.WebappClassLoaderBase.clearReferencesThreads The web application [Empresa2023] appears to have started a thread named [mysql-cj-abandoned-connection-cleanup] but has failed to stop it. This is very likely to create a memory leak. Stack trace of thread:
 java.base/jdk.internal.misc.Unsafe.park(Native Method)
 java.base/java.util.concurrent.locks.LockSupport.parkNanos(LockSupport.java:269)
 java.base/java.util.concurrent.locks.AbstractQueuedSynchronizer$ConditionObject.await(AbstractQueuedSynchronizer.java:1759)
 java.base/java.lang.ref.ReferenceQueue.await(ReferenceQueue.java:71)
 java.base/java.lang.ref.ReferenceQueue.remove0(ReferenceQueue.java:143)
 java.base/java.lang.ref.ReferenceQueue.remove(ReferenceQueue.java:218)
 com.mysql.cj.jdbc.AbandonedConnectionCleanupThread.run(AbandonedConnectionCleanupThread.java:85)
 java.base/java.util.concurrent.ThreadPoolExecutor.runWorker(ThreadPoolExecutor.java:1144)
 java.base/java.util.concurrent.ThreadPoolExecutor$Worker.run(ThreadPoolExecutor.java:642)
 java.base/java.lang.Thread.run(Thread.java:1589)
20-Feb-2024 10:20:31.703 INFO [main] org.apache.coyote.AbstractProtocol.stop Stopping ProtocolHandler ["http-nio-8080"]
20-Feb-2024 10:20:31.713 INFO [main] org.apache.coyote.AbstractProtocol.destroy Destroying ProtocolHandler ["http-nio-8080"]
