24-Jan-2024 11:56:36.965 INFO [http-nio-8080-exec-96] org.apache.catalina.core.StandardContext.reload Ha comenzado la recarga de Contexto [/Empresa2023]
24-Jan-2024 11:56:39.158 INFO [http-nio-8080-exec-96] org.apache.jasper.servlet.TldScanner.scanJars Al menos un JAR, que se ha explorado buscando TLDs, aún no contenía TLDs. Activar historial de depuración para este historiador para una completa lista de los JARs que fueron explorados y de los que nos se halló TLDs. Saltarse JARs no necesarios durante la exploración puede dar lugar a una mejora de tiempo significativa en el arranque y compilación de JSP .
24-Jan-2024 11:56:39.163 INFO [http-nio-8080-exec-96] org.apache.catalina.core.StandardContext.reload Se ha completado la recarga de este Contexto
24-Jan-2024 11:56:56.091 INFO [http-nio-8080-exec-101] org.apache.catalina.core.StandardContext.reload Ha comenzado la recarga de Contexto [/Empresa2023]
24-Jan-2024 11:56:58.201 INFO [http-nio-8080-exec-101] org.apache.jasper.servlet.TldScanner.scanJars Al menos un JAR, que se ha explorado buscando TLDs, aún no contenía TLDs. Activar historial de depuración para este historiador para una completa lista de los JARs que fueron explorados y de los que nos se halló TLDs. Saltarse JARs no necesarios durante la exploración puede dar lugar a una mejora de tiempo significativa en el arranque y compilación de JSP .
24-Jan-2024 11:56:58.206 INFO [http-nio-8080-exec-101] org.apache.catalina.core.StandardContext.reload Se ha completado la recarga de este Contexto
24-Jan-2024 12:00:59.362 INFO [http-nio-8080-exec-109] org.apache.catalina.core.StandardContext.reload Ha comenzado la recarga de Contexto [/Empresa2023]
24-Jan-2024 12:01:01.423 INFO [http-nio-8080-exec-109] org.apache.jasper.servlet.TldScanner.scanJars Al menos un JAR, que se ha explorado buscando TLDs, aún no contenía TLDs. Activar historial de depuración para este historiador para una completa lista de los JARs que fueron explorados y de los que nos se halló TLDs. Saltarse JARs no necesarios durante la exploración puede dar lugar a una mejora de tiempo significativa en el arranque y compilación de JSP .
24-Jan-2024 12:01:01.427 INFO [http-nio-8080-exec-109] org.apache.catalina.core.StandardContext.reload Se ha completado la recarga de este Contexto
24-Jan-2024 12:01:03.692 INFO [http-nio-8080-exec-115] org.apache.catalina.core.StandardContext.reload Ha comenzado la recarga de Contexto [/Empresa2023]
24-Jan-2024 12:01:05.686 INFO [http-nio-8080-exec-115] org.apache.jasper.servlet.TldScanner.scanJars Al menos un JAR, que se ha explorado buscando TLDs, aún no contenía TLDs. Activar historial de depuración para este historiador para una completa lista de los JARs que fueron explorados y de los que nos se halló TLDs. Saltarse JARs no necesarios durante la exploración puede dar lugar a una mejora de tiempo significativa en el arranque y compilación de JSP .
24-Jan-2024 12:01:05.692 INFO [http-nio-8080-exec-115] org.apache.catalina.core.StandardContext.reload Se ha completado la recarga de este Contexto
24-Jan-2024 12:16:37.594 INFO [http-nio-8080-exec-120] org.apache.catalina.core.StandardContext.reload Ha comenzado la recarga de Contexto [/Empresa2023]
24-Jan-2024 12:16:39.641 INFO [http-nio-8080-exec-120] org.apache.jasper.servlet.TldScanner.scanJars Al menos un JAR, que se ha explorado buscando TLDs, aún no contenía TLDs. Activar historial de depuración para este historiador para una completa lista de los JARs que fueron explorados y de los que nos se halló TLDs. Saltarse JARs no necesarios durante la exploración puede dar lugar a una mejora de tiempo significativa en el arranque y compilación de JSP .
24-Jan-2024 12:16:39.645 INFO [http-nio-8080-exec-120] org.apache.catalina.core.StandardContext.reload Se ha completado la recarga de este Contexto
24-Jan-2024 12:18:14.569 INFO [http-nio-8080-exec-125] org.apache.catalina.core.StandardContext.reload Ha comenzado la recarga de Contexto [/Empresa2023]
24-Jan-2024 12:18:16.599 INFO [http-nio-8080-exec-125] org.apache.jasper.servlet.TldScanner.scanJars Al menos un JAR, que se ha explorado buscando TLDs, aún no contenía TLDs. Activar historial de depuración para este historiador para una completa lista de los JARs que fueron explorados y de los que nos se halló TLDs. Saltarse JARs no necesarios durante la exploración puede dar lugar a una mejora de tiempo significativa en el arranque y compilación de JSP .
24-Jan-2024 12:18:16.603 INFO [http-nio-8080-exec-125] org.apache.catalina.core.StandardContext.reload Se ha completado la recarga de este Contexto
24-Jan-2024 12:18:41.487 INFO [http-nio-8080-exec-129] org.apache.catalina.core.StandardContext.reload Ha comenzado la recarga de Contexto [/Empresa2023]
24-Jan-2024 12:18:43.511 INFO [http-nio-8080-exec-129] org.apache.jasper.servlet.TldScanner.scanJars Al menos un JAR, que se ha explorado buscando TLDs, aún no contenía TLDs. Activar historial de depuración para este historiador para una completa lista de los JARs que fueron explorados y de los que nos se halló TLDs. Saltarse JARs no necesarios durante la exploración puede dar lugar a una mejora de tiempo significativa en el arranque y compilación de JSP .
24-Jan-2024 12:18:43.515 INFO [http-nio-8080-exec-129] org.apache.catalina.core.StandardContext.reload Se ha completado la recarga de este Contexto
24-Jan-2024 12:18:44.713 INFO [http-nio-8080-exec-133] org.apache.catalina.core.StandardContext.reload Ha comenzado la recarga de Contexto [/Empresa2023]
24-Jan-2024 12:18:46.726 INFO [http-nio-8080-exec-133] org.apache.jasper.servlet.TldScanner.scanJars Al menos un JAR, que se ha explorado buscando TLDs, aún no contenía TLDs. Activar historial de depuración para este historiador para una completa lista de los JARs que fueron explorados y de los que nos se halló TLDs. Saltarse JARs no necesarios durante la exploración puede dar lugar a una mejora de tiempo significativa en el arranque y compilación de JSP .
24-Jan-2024 12:18:46.731 INFO [http-nio-8080-exec-133] org.apache.catalina.core.StandardContext.reload Se ha completado la recarga de este Contexto
24-Jan-2024 17:51:10.037 INFO [http-nio-8080-exec-137] org.apache.catalina.core.StandardContext.reload Ha comenzado la recarga de Contexto [/Empresa2023]
24-Jan-2024 17:51:12.136 INFO [http-nio-8080-exec-137] org.apache.jasper.servlet.TldScanner.scanJars Al menos un JAR, que se ha explorado buscando TLDs, aún no contenía TLDs. Activar historial de depuración para este historiador para una completa lista de los JARs que fueron explorados y de los que nos se halló TLDs. Saltarse JARs no necesarios durante la exploración puede dar lugar a una mejora de tiempo significativa en el arranque y compilación de JSP .
24-Jan-2024 17:51:12.142 INFO [http-nio-8080-exec-137] org.apache.catalina.core.StandardContext.reload Se ha completado la recarga de este Contexto
24-Jan-2024 17:54:10.938 INFO [http-nio-8080-exec-148] org.apache.catalina.core.StandardContext.reload Ha comenzado la recarga de Contexto [/Empresa2023]
24-Jan-2024 17:54:13.119 INFO [http-nio-8080-exec-148] org.apache.jasper.servlet.TldScanner.scanJars Al menos un JAR, que se ha explorado buscando TLDs, aún no contenía TLDs. Activar historial de depuración para este historiador para una completa lista de los JARs que fueron explorados y de los que nos se halló TLDs. Saltarse JARs no necesarios durante la exploración puede dar lugar a una mejora de tiempo significativa en el arranque y compilación de JSP .
24-Jan-2024 17:54:13.124 INFO [http-nio-8080-exec-148] org.apache.catalina.core.StandardContext.reload Se ha completado la recarga de este Contexto
24-Jan-2024 17:56:17.173 INFO [http-nio-8080-exec-157] org.apache.catalina.core.StandardContext.reload Ha comenzado la recarga de Contexto [/Empresa2023]
24-Jan-2024 17:56:19.195 INFO [http-nio-8080-exec-157] org.apache.jasper.servlet.TldScanner.scanJars Al menos un JAR, que se ha explorado buscando TLDs, aún no contenía TLDs. Activar historial de depuración para este historiador para una completa lista de los JARs que fueron explorados y de los que nos se halló TLDs. Saltarse JARs no necesarios durante la exploración puede dar lugar a una mejora de tiempo significativa en el arranque y compilación de JSP .
24-Jan-2024 17:56:19.199 INFO [http-nio-8080-exec-157] org.apache.catalina.core.StandardContext.reload Se ha completado la recarga de este Contexto
24-Jan-2024 17:59:11.391 INFO [http-nio-8080-exec-163] org.apache.catalina.core.StandardContext.reload Ha comenzado la recarga de Contexto [/Empresa2023]
24-Jan-2024 17:59:13.407 INFO [http-nio-8080-exec-163] org.apache.jasper.servlet.TldScanner.scanJars Al menos un JAR, que se ha explorado buscando TLDs, aún no contenía TLDs. Activar historial de depuración para este historiador para una completa lista de los JARs que fueron explorados y de los que nos se halló TLDs. Saltarse JARs no necesarios durante la exploración puede dar lugar a una mejora de tiempo significativa en el arranque y compilación de JSP .
24-Jan-2024 17:59:13.411 INFO [http-nio-8080-exec-163] org.apache.catalina.core.StandardContext.reload Se ha completado la recarga de este Contexto
24-Jan-2024 18:04:51.227 INFO [http-nio-8080-exec-167] org.apache.catalina.core.StandardContext.reload Ha comenzado la recarga de Contexto [/Empresa2023]
24-Jan-2024 18:04:53.217 INFO [http-nio-8080-exec-167] org.apache.jasper.servlet.TldScanner.scanJars Al menos un JAR, que se ha explorado buscando TLDs, aún no contenía TLDs. Activar historial de depuración para este historiador para una completa lista de los JARs que fueron explorados y de los que nos se halló TLDs. Saltarse JARs no necesarios durante la exploración puede dar lugar a una mejora de tiempo significativa en el arranque y compilación de JSP .
24-Jan-2024 18:04:53.222 INFO [http-nio-8080-exec-167] org.apache.catalina.core.StandardContext.reload Se ha completado la recarga de este Contexto
24-Jan-2024 18:14:10.315 INFO [http-nio-8080-exec-177] org.apache.catalina.core.StandardContext.reload Ha comenzado la recarga de Contexto [/Empresa2023]
24-Jan-2024 18:14:12.441 INFO [http-nio-8080-exec-177] org.apache.jasper.servlet.TldScanner.scanJars Al menos un JAR, que se ha explorado buscando TLDs, aún no contenía TLDs. Activar historial de depuración para este historiador para una completa lista de los JARs que fueron explorados y de los que nos se halló TLDs. Saltarse JARs no necesarios durante la exploración puede dar lugar a una mejora de tiempo significativa en el arranque y compilación de JSP .
24-Jan-2024 18:14:12.447 INFO [http-nio-8080-exec-177] org.apache.catalina.core.StandardContext.reload Se ha completado la recarga de este Contexto
24-Jan-2024 18:14:40.397 INFO [http-nio-8080-exec-174] org.apache.catalina.core.StandardContext.reload Ha comenzado la recarga de Contexto [/Empresa2023]
24-Jan-2024 18:14:42.429 INFO [http-nio-8080-exec-174] org.apache.jasper.servlet.TldScanner.scanJars Al menos un JAR, que se ha explorado buscando TLDs, aún no contenía TLDs. Activar historial de depuración para este historiador para una completa lista de los JARs que fueron explorados y de los que nos se halló TLDs. Saltarse JARs no necesarios durante la exploración puede dar lugar a una mejora de tiempo significativa en el arranque y compilación de JSP .
24-Jan-2024 18:14:42.436 INFO [http-nio-8080-exec-174] org.apache.catalina.core.StandardContext.reload Se ha completado la recarga de este Contexto
24-Jan-2024 18:17:04.687 INFO [http-nio-8080-exec-191] org.apache.catalina.core.StandardContext.reload Ha comenzado la recarga de Contexto [/Empresa2023]
24-Jan-2024 18:17:06.673 INFO [http-nio-8080-exec-191] org.apache.jasper.servlet.TldScanner.scanJars Al menos un JAR, que se ha explorado buscando TLDs, aún no contenía TLDs. Activar historial de depuración para este historiador para una completa lista de los JARs que fueron explorados y de los que nos se halló TLDs. Saltarse JARs no necesarios durante la exploración puede dar lugar a una mejora de tiempo significativa en el arranque y compilación de JSP .
24-Jan-2024 18:17:06.677 INFO [http-nio-8080-exec-191] org.apache.catalina.core.StandardContext.reload Se ha completado la recarga de este Contexto
24-Jan-2024 18:18:01.039 INFO [http-nio-8080-exec-189] org.apache.catalina.core.StandardContext.reload Ha comenzado la recarga de Contexto [/Empresa2023]
24-Jan-2024 18:18:03.079 INFO [http-nio-8080-exec-189] org.apache.jasper.servlet.TldScanner.scanJars Al menos un JAR, que se ha explorado buscando TLDs, aún no contenía TLDs. Activar historial de depuración para este historiador para una completa lista de los JARs que fueron explorados y de los que nos se halló TLDs. Saltarse JARs no necesarios durante la exploración puede dar lugar a una mejora de tiempo significativa en el arranque y compilación de JSP .
24-Jan-2024 18:18:03.083 INFO [http-nio-8080-exec-189] org.apache.catalina.core.StandardContext.reload Se ha completado la recarga de este Contexto
24-Jan-2024 18:18:39.973 INFO [http-nio-8080-exec-176] org.apache.catalina.core.StandardContext.reload Ha comenzado la recarga de Contexto [/Empresa2023]
24-Jan-2024 18:18:41.991 INFO [http-nio-8080-exec-176] org.apache.jasper.servlet.TldScanner.scanJars Al menos un JAR, que se ha explorado buscando TLDs, aún no contenía TLDs. Activar historial de depuración para este historiador para una completa lista de los JARs que fueron explorados y de los que nos se halló TLDs. Saltarse JARs no necesarios durante la exploración puede dar lugar a una mejora de tiempo significativa en el arranque y compilación de JSP .
24-Jan-2024 18:18:41.996 INFO [http-nio-8080-exec-176] org.apache.catalina.core.StandardContext.reload Se ha completado la recarga de este Contexto
24-Jan-2024 18:19:29.669 INFO [http-nio-8080-exec-188] org.apache.catalina.core.StandardContext.reload Ha comenzado la recarga de Contexto [/Empresa2023]
24-Jan-2024 18:19:31.578 INFO [http-nio-8080-exec-188] org.apache.jasper.servlet.TldScanner.scanJars Al menos un JAR, que se ha explorado buscando TLDs, aún no contenía TLDs. Activar historial de depuración para este historiador para una completa lista de los JARs que fueron explorados y de los que nos se halló TLDs. Saltarse JARs no necesarios durante la exploración puede dar lugar a una mejora de tiempo significativa en el arranque y compilación de JSP .
24-Jan-2024 18:19:31.582 INFO [http-nio-8080-exec-188] org.apache.catalina.core.StandardContext.reload Se ha completado la recarga de este Contexto
24-Jan-2024 18:19:51.842 INFO [http-nio-8080-exec-196] org.apache.catalina.core.StandardContext.reload Ha comenzado la recarga de Contexto [/Empresa2023]
24-Jan-2024 18:19:53.771 INFO [http-nio-8080-exec-196] org.apache.jasper.servlet.TldScanner.scanJars Al menos un JAR, que se ha explorado buscando TLDs, aún no contenía TLDs. Activar historial de depuración para este historiador para una completa lista de los JARs que fueron explorados y de los que nos se halló TLDs. Saltarse JARs no necesarios durante la exploración puede dar lugar a una mejora de tiempo significativa en el arranque y compilación de JSP .
24-Jan-2024 18:19:53.775 INFO [http-nio-8080-exec-196] org.apache.catalina.core.StandardContext.reload Se ha completado la recarga de este Contexto
24-Jan-2024 18:21:32.518 INFO [http-nio-8080-exec-187] org.apache.catalina.core.StandardContext.reload Ha comenzado la recarga de Contexto [/Empresa2023]
24-Jan-2024 18:21:34.470 INFO [http-nio-8080-exec-187] org.apache.jasper.servlet.TldScanner.scanJars Al menos un JAR, que se ha explorado buscando TLDs, aún no contenía TLDs. Activar historial de depuración para este historiador para una completa lista de los JARs que fueron explorados y de los que nos se halló TLDs. Saltarse JARs no necesarios durante la exploración puede dar lugar a una mejora de tiempo significativa en el arranque y compilación de JSP .
24-Jan-2024 18:21:34.474 INFO [http-nio-8080-exec-187] org.apache.catalina.core.StandardContext.reload Se ha completado la recarga de este Contexto
24-Jan-2024 18:23:00.856 INFO [http-nio-8080-exec-199] org.apache.catalina.core.StandardContext.reload Ha comenzado la recarga de Contexto [/Empresa2023]
24-Jan-2024 18:23:02.811 INFO [http-nio-8080-exec-199] org.apache.jasper.servlet.TldScanner.scanJars Al menos un JAR, que se ha explorado buscando TLDs, aún no contenía TLDs. Activar historial de depuración para este historiador para una completa lista de los JARs que fueron explorados y de los que nos se halló TLDs. Saltarse JARs no necesarios durante la exploración puede dar lugar a una mejora de tiempo significativa en el arranque y compilación de JSP .
24-Jan-2024 18:23:02.822 INFO [http-nio-8080-exec-199] org.apache.catalina.core.StandardContext.reload Se ha completado la recarga de este Contexto
24-Jan-2024 18:25:34.785 INFO [http-nio-8080-exec-209] org.apache.catalina.core.StandardContext.reload Ha comenzado la recarga de Contexto [/Empresa2023]
24-Jan-2024 18:25:36.811 INFO [http-nio-8080-exec-209] org.apache.jasper.servlet.TldScanner.scanJars Al menos un JAR, que se ha explorado buscando TLDs, aún no contenía TLDs. Activar historial de depuración para este historiador para una completa lista de los JARs que fueron explorados y de los que nos se halló TLDs. Saltarse JARs no necesarios durante la exploración puede dar lugar a una mejora de tiempo significativa en el arranque y compilación de JSP .
24-Jan-2024 18:25:36.817 INFO [http-nio-8080-exec-209] org.apache.catalina.core.StandardContext.reload Se ha completado la recarga de este Contexto
24-Jan-2024 18:25:53.449 INFO [http-nio-8080-exec-208] org.apache.catalina.core.StandardContext.reload Ha comenzado la recarga de Contexto [/Empresa2023]
24-Jan-2024 18:25:55.460 INFO [http-nio-8080-exec-208] org.apache.jasper.servlet.TldScanner.scanJars Al menos un JAR, que se ha explorado buscando TLDs, aún no contenía TLDs. Activar historial de depuración para este historiador para una completa lista de los JARs que fueron explorados y de los que nos se halló TLDs. Saltarse JARs no necesarios durante la exploración puede dar lugar a una mejora de tiempo significativa en el arranque y compilación de JSP .
24-Jan-2024 18:25:55.464 INFO [http-nio-8080-exec-208] org.apache.catalina.core.StandardContext.reload Se ha completado la recarga de este Contexto
24-Jan-2024 18:28:45.436 INFO [http-nio-8080-exec-221] org.apache.catalina.core.StandardContext.reload Ha comenzado la recarga de Contexto [/Empresa2023]
24-Jan-2024 18:28:47.392 INFO [http-nio-8080-exec-221] org.apache.jasper.servlet.TldScanner.scanJars Al menos un JAR, que se ha explorado buscando TLDs, aún no contenía TLDs. Activar historial de depuración para este historiador para una completa lista de los JARs que fueron explorados y de los que nos se halló TLDs. Saltarse JARs no necesarios durante la exploración puede dar lugar a una mejora de tiempo significativa en el arranque y compilación de JSP .
24-Jan-2024 18:28:47.396 INFO [http-nio-8080-exec-221] org.apache.catalina.core.StandardContext.reload Se ha completado la recarga de este Contexto
24-Jan-2024 18:28:55.719 INFO [http-nio-8080-exec-219] org.apache.catalina.core.StandardContext.reload Ha comenzado la recarga de Contexto [/Empresa2023]
24-Jan-2024 18:28:57.679 INFO [http-nio-8080-exec-219] org.apache.jasper.servlet.TldScanner.scanJars Al menos un JAR, que se ha explorado buscando TLDs, aún no contenía TLDs. Activar historial de depuración para este historiador para una completa lista de los JARs que fueron explorados y de los que nos se halló TLDs. Saltarse JARs no necesarios durante la exploración puede dar lugar a una mejora de tiempo significativa en el arranque y compilación de JSP .
24-Jan-2024 18:28:57.683 INFO [http-nio-8080-exec-219] org.apache.catalina.core.StandardContext.reload Se ha completado la recarga de este Contexto
24-Jan-2024 18:30:29.417 INFO [http-nio-8080-exec-212] org.apache.catalina.core.StandardContext.reload Ha comenzado la recarga de Contexto [/Empresa2023]
24-Jan-2024 18:30:31.380 INFO [http-nio-8080-exec-212] org.apache.jasper.servlet.TldScanner.scanJars Al menos un JAR, que se ha explorado buscando TLDs, aún no contenía TLDs. Activar historial de depuración para este historiador para una completa lista de los JARs que fueron explorados y de los que nos se halló TLDs. Saltarse JARs no necesarios durante la exploración puede dar lugar a una mejora de tiempo significativa en el arranque y compilación de JSP .
24-Jan-2024 18:30:31.384 INFO [http-nio-8080-exec-212] org.apache.catalina.core.StandardContext.reload Se ha completado la recarga de este Contexto
24-Jan-2024 18:30:56.145 INFO [http-nio-8080-exec-222] org.apache.catalina.core.StandardContext.reload Ha comenzado la recarga de Contexto [/Empresa2023]
24-Jan-2024 18:30:58.160 INFO [http-nio-8080-exec-222] org.apache.jasper.servlet.TldScanner.scanJars Al menos un JAR, que se ha explorado buscando TLDs, aún no contenía TLDs. Activar historial de depuración para este historiador para una completa lista de los JARs que fueron explorados y de los que nos se halló TLDs. Saltarse JARs no necesarios durante la exploración puede dar lugar a una mejora de tiempo significativa en el arranque y compilación de JSP .
24-Jan-2024 18:30:58.164 INFO [http-nio-8080-exec-222] org.apache.catalina.core.StandardContext.reload Se ha completado la recarga de este Contexto
24-Jan-2024 18:31:52.576 INFO [http-nio-8080-exec-225] org.apache.catalina.core.StandardContext.reload Ha comenzado la recarga de Contexto [/Empresa2023]
24-Jan-2024 18:31:54.571 INFO [http-nio-8080-exec-225] org.apache.jasper.servlet.TldScanner.scanJars Al menos un JAR, que se ha explorado buscando TLDs, aún no contenía TLDs. Activar historial de depuración para este historiador para una completa lista de los JARs que fueron explorados y de los que nos se halló TLDs. Saltarse JARs no necesarios durante la exploración puede dar lugar a una mejora de tiempo significativa en el arranque y compilación de JSP .
24-Jan-2024 18:31:54.578 INFO [http-nio-8080-exec-225] org.apache.catalina.core.StandardContext.reload Se ha completado la recarga de este Contexto
24-Jan-2024 18:33:30.147 INFO [http-nio-8080-exec-235] org.apache.catalina.core.StandardContext.reload Ha comenzado la recarga de Contexto [/Empresa2023]
24-Jan-2024 18:33:32.083 INFO [http-nio-8080-exec-235] org.apache.jasper.servlet.TldScanner.scanJars Al menos un JAR, que se ha explorado buscando TLDs, aún no contenía TLDs. Activar historial de depuración para este historiador para una completa lista de los JARs que fueron explorados y de los que nos se halló TLDs. Saltarse JARs no necesarios durante la exploración puede dar lugar a una mejora de tiempo significativa en el arranque y compilación de JSP .
24-Jan-2024 18:33:32.087 INFO [http-nio-8080-exec-235] org.apache.catalina.core.StandardContext.reload Se ha completado la recarga de este Contexto
24-Jan-2024 18:33:38.569 INFO [http-nio-8080-exec-234] org.apache.catalina.core.StandardContext.reload Ha comenzado la recarga de Contexto [/Empresa2023]
24-Jan-2024 18:33:40.477 INFO [http-nio-8080-exec-234] org.apache.jasper.servlet.TldScanner.scanJars Al menos un JAR, que se ha explorado buscando TLDs, aún no contenía TLDs. Activar historial de depuración para este historiador para una completa lista de los JARs que fueron explorados y de los que nos se halló TLDs. Saltarse JARs no necesarios durante la exploración puede dar lugar a una mejora de tiempo significativa en el arranque y compilación de JSP .
24-Jan-2024 18:33:40.482 INFO [http-nio-8080-exec-234] org.apache.catalina.core.StandardContext.reload Se ha completado la recarga de este Contexto
24-Jan-2024 18:33:55.760 INFO [http-nio-8080-exec-205] org.apache.catalina.core.StandardContext.reload Ha comenzado la recarga de Contexto [/Empresa2023]
24-Jan-2024 18:33:57.731 INFO [http-nio-8080-exec-205] org.apache.jasper.servlet.TldScanner.scanJars Al menos un JAR, que se ha explorado buscando TLDs, aún no contenía TLDs. Activar historial de depuración para este historiador para una completa lista de los JARs que fueron explorados y de los que nos se halló TLDs. Saltarse JARs no necesarios durante la exploración puede dar lugar a una mejora de tiempo significativa en el arranque y compilación de JSP .
24-Jan-2024 18:33:57.735 INFO [http-nio-8080-exec-205] org.apache.catalina.core.StandardContext.reload Se ha completado la recarga de este Contexto
24-Jan-2024 18:34:17.101 INFO [http-nio-8080-exec-238] org.apache.catalina.core.StandardContext.reload Ha comenzado la recarga de Contexto [/Empresa2023]
24-Jan-2024 18:34:18.995 INFO [http-nio-8080-exec-238] org.apache.jasper.servlet.TldScanner.scanJars Al menos un JAR, que se ha explorado buscando TLDs, aún no contenía TLDs. Activar historial de depuración para este historiador para una completa lista de los JARs que fueron explorados y de los que nos se halló TLDs. Saltarse JARs no necesarios durante la exploración puede dar lugar a una mejora de tiempo significativa en el arranque y compilación de JSP .
24-Jan-2024 18:34:18.999 INFO [http-nio-8080-exec-238] org.apache.catalina.core.StandardContext.reload Se ha completado la recarga de este Contexto
24-Jan-2024 18:34:28.467 INFO [http-nio-8080-exec-240] org.apache.catalina.core.StandardContext.reload Ha comenzado la recarga de Contexto [/Empresa2023]
24-Jan-2024 18:34:30.460 INFO [http-nio-8080-exec-240] org.apache.jasper.servlet.TldScanner.scanJars Al menos un JAR, que se ha explorado buscando TLDs, aún no contenía TLDs. Activar historial de depuración para este historiador para una completa lista de los JARs que fueron explorados y de los que nos se halló TLDs. Saltarse JARs no necesarios durante la exploración puede dar lugar a una mejora de tiempo significativa en el arranque y compilación de JSP .
24-Jan-2024 18:34:30.465 INFO [http-nio-8080-exec-240] org.apache.catalina.core.StandardContext.reload Se ha completado la recarga de este Contexto
24-Jan-2024 18:34:58.479 INFO [http-nio-8080-exec-226] org.apache.catalina.core.StandardContext.reload Ha comenzado la recarga de Contexto [/Empresa2023]
24-Jan-2024 18:35:00.455 INFO [http-nio-8080-exec-226] org.apache.jasper.servlet.TldScanner.scanJars Al menos un JAR, que se ha explorado buscando TLDs, aún no contenía TLDs. Activar historial de depuración para este historiador para una completa lista de los JARs que fueron explorados y de los que nos se halló TLDs. Saltarse JARs no necesarios durante la exploración puede dar lugar a una mejora de tiempo significativa en el arranque y compilación de JSP .
24-Jan-2024 18:35:00.459 INFO [http-nio-8080-exec-226] org.apache.catalina.core.StandardContext.reload Se ha completado la recarga de este Contexto
24-Jan-2024 18:35:05.282 INFO [http-nio-8080-exec-245] org.apache.catalina.core.StandardContext.reload Ha comenzado la recarga de Contexto [/Empresa2023]
24-Jan-2024 18:35:07.289 INFO [http-nio-8080-exec-245] org.apache.jasper.servlet.TldScanner.scanJars Al menos un JAR, que se ha explorado buscando TLDs, aún no contenía TLDs. Activar historial de depuración para este historiador para una completa lista de los JARs que fueron explorados y de los que nos se halló TLDs. Saltarse JARs no necesarios durante la exploración puede dar lugar a una mejora de tiempo significativa en el arranque y compilación de JSP .
24-Jan-2024 18:35:07.293 INFO [http-nio-8080-exec-245] org.apache.catalina.core.StandardContext.reload Se ha completado la recarga de este Contexto
24-Jan-2024 18:37:01.562 INFO [http-nio-8080-exec-251] org.apache.catalina.core.StandardContext.reload Ha comenzado la recarga de Contexto [/Empresa2023]
24-Jan-2024 18:37:03.545 INFO [http-nio-8080-exec-251] org.apache.jasper.servlet.TldScanner.scanJars Al menos un JAR, que se ha explorado buscando TLDs, aún no contenía TLDs. Activar historial de depuración para este historiador para una completa lista de los JARs que fueron explorados y de los que nos se halló TLDs. Saltarse JARs no necesarios durante la exploración puede dar lugar a una mejora de tiempo significativa en el arranque y compilación de JSP .
24-Jan-2024 18:37:03.549 INFO [http-nio-8080-exec-251] org.apache.catalina.core.StandardContext.reload Se ha completado la recarga de este Contexto
24-Jan-2024 18:37:14.535 INFO [main] org.apache.catalina.core.StandardServer.await Se ha recibido un comando de apagado a través del puerto de apagado. Parando la instancia del Servidor.
24-Jan-2024 18:37:14.535 INFO [main] org.apache.coyote.AbstractProtocol.pause Pausing ProtocolHandler ["http-nio-8080"]
24-Jan-2024 18:37:14.552 INFO [main] org.apache.catalina.core.StandardService.stopInternal Parando servicio [Catalina]
24-Jan-2024 18:37:14.575 INFO [main] org.apache.coyote.AbstractProtocol.stop Stopping ProtocolHandler ["http-nio-8080"]
24-Jan-2024 18:37:14.588 INFO [main] org.apache.coyote.AbstractProtocol.destroy Destroying ProtocolHandler ["http-nio-8080"]
