15-Feb-2024 09:22:14.393 INFO [main] org.apache.catalina.startup.VersionLoggerListener.log Nombre de la versión del servidor: Apache Tomcat/9.0.80
15-Feb-2024 09:22:14.396 INFO [main] org.apache.catalina.startup.VersionLoggerListener.log Server built:                      Aug 23 2023 21:59:38 UTC
15-Feb-2024 09:22:14.396 INFO [main] org.apache.catalina.startup.VersionLoggerListener.log Número de versión de servidor:     9.0.80.0
15-Feb-2024 09:22:14.397 INFO [main] org.apache.catalina.startup.VersionLoggerListener.log OS Name:                           Windows 10
15-Feb-2024 09:22:14.397 INFO [main] org.apache.catalina.startup.VersionLoggerListener.log Versión de Systema Operativo:      10.0
15-Feb-2024 09:22:14.397 INFO [main] org.apache.catalina.startup.VersionLoggerListener.log Arquitectura:                      amd64
15-Feb-2024 09:22:14.397 INFO [main] org.apache.catalina.startup.VersionLoggerListener.log Java Home:                         C:\Program Files\Java\jdk-19
15-Feb-2024 09:22:14.397 INFO [main] org.apache.catalina.startup.VersionLoggerListener.log JVM Version:                       19+36-2238
15-Feb-2024 09:22:14.397 INFO [main] org.apache.catalina.startup.VersionLoggerListener.log Vededor JVM:                       Oracle Corporation
15-Feb-2024 09:22:14.397 INFO [main] org.apache.catalina.startup.VersionLoggerListener.log CATALINA_BASE:                     C:\Users\camer\Documents\Programas\apache-tomcat-9.0.80
15-Feb-2024 09:22:14.397 INFO [main] org.apache.catalina.startup.VersionLoggerListener.log CATALINA_HOME:                     C:\Users\camer\Documents\Programas\apache-tomcat-9.0.80
15-Feb-2024 09:22:14.410 INFO [main] org.apache.catalina.startup.VersionLoggerListener.log Command line argument:             --add-opens=java.base/java.lang=ALL-UNNAMED
15-Feb-2024 09:22:14.410 INFO [main] org.apache.catalina.startup.VersionLoggerListener.log Command line argument:             --add-opens=java.base/java.io=ALL-UNNAMED
15-Feb-2024 09:22:14.411 INFO [main] org.apache.catalina.startup.VersionLoggerListener.log Command line argument:             --add-opens=java.base/java.util=ALL-UNNAMED
15-Feb-2024 09:22:14.411 INFO [main] org.apache.catalina.startup.VersionLoggerListener.log Command line argument:             --add-opens=java.base/java.util.concurrent=ALL-UNNAMED
15-Feb-2024 09:22:14.411 INFO [main] org.apache.catalina.startup.VersionLoggerListener.log Command line argument:             --add-opens=java.rmi/sun.rmi.transport=ALL-UNNAMED
15-Feb-2024 09:22:14.411 INFO [main] org.apache.catalina.startup.VersionLoggerListener.log Command line argument:             -Djava.util.logging.config.file=C:\Users\camer\Documents\Programas\apache-tomcat-9.0.80\conf\logging.properties
15-Feb-2024 09:22:14.411 INFO [main] org.apache.catalina.startup.VersionLoggerListener.log Command line argument:             -Djava.util.logging.manager=org.apache.juli.ClassLoaderLogManager
15-Feb-2024 09:22:14.411 INFO [main] org.apache.catalina.startup.VersionLoggerListener.log Command line argument:             -Dhttp.nonProxyHosts=localhost|127.0.0.1|LAPTOP-1PICP9GL
15-Feb-2024 09:22:14.411 INFO [main] org.apache.catalina.startup.VersionLoggerListener.log Command line argument:             -Djdk.tls.ephemeralDHKeySize=2048
15-Feb-2024 09:22:14.412 INFO [main] org.apache.catalina.startup.VersionLoggerListener.log Command line argument:             -Djava.protocol.handler.pkgs=org.apache.catalina.webresources
15-Feb-2024 09:22:14.412 INFO [main] org.apache.catalina.startup.VersionLoggerListener.log Command line argument:             -Dignore.endorsed.dirs=
15-Feb-2024 09:22:14.412 INFO [main] org.apache.catalina.startup.VersionLoggerListener.log Command line argument:             -Dcatalina.base=C:\Users\camer\Documents\Programas\apache-tomcat-9.0.80
15-Feb-2024 09:22:14.412 INFO [main] org.apache.catalina.startup.VersionLoggerListener.log Command line argument:             -Dcatalina.home=C:\Users\camer\Documents\Programas\apache-tomcat-9.0.80
15-Feb-2024 09:22:14.413 INFO [main] org.apache.catalina.startup.VersionLoggerListener.log Command line argument:             -Djava.io.tmpdir=C:\Users\camer\Documents\Programas\apache-tomcat-9.0.80\temp
15-Feb-2024 09:22:14.421 INFO [main] org.apache.catalina.core.AprLifecycleListener.lifecycleEvent Cargada la biblioteca nativa APR de Apache Tomcat [1.2.38] con la versión APR [1.7.4].
15-Feb-2024 09:22:14.421 INFO [main] org.apache.catalina.core.AprLifecycleListener.lifecycleEvent Capacidades APR: IPv6 [true], enviar fichero [true], aceptar filtros [false], aleatorio [true], UDS [true].
15-Feb-2024 09:22:14.421 INFO [main] org.apache.catalina.core.AprLifecycleListener.lifecycleEvent APR/OpenSSL configuration: useAprConnector [false], useOpenSSL [true]
15-Feb-2024 09:22:14.439 INFO [main] org.apache.catalina.core.AprLifecycleListener.initializeSSL OpenSSL inicializado correctamente [OpenSSL 1.1.1v  1 Aug 2023]
15-Feb-2024 09:22:14.726 INFO [main] org.apache.coyote.AbstractProtocol.init Inicializando el manejador de protocolo ["http-nio-8080"]

15-Feb-2024 09:22:14.749 INFO [main] org.apache.catalina.startup.Catalina.load Server initialization in [621] milliseconds
15-Feb-2024 09:22:14.804 INFO [main] org.apache.catalina.core.StandardService.startInternal Arrancando servicio [Catalina]
15-Feb-2024 09:22:14.804 INFO [main] org.apache.catalina.core.StandardEngine.startInternal Starting Servlet engine: [Apache Tomcat/9.0.80]
15-Feb-2024 09:22:14.816 INFO [main] org.apache.catalina.startup.HostConfig.deployDescriptor Desplieque del descriptor de configuración [C:\Users\camer\Documents\Programas\apache-tomcat-9.0.80\conf\Catalina\localhost\BoletinDeProblemas2.xml]
15-Feb-2024 09:22:14.834 WARNING [main] org.apache.catalina.startup.HostConfig.deployDescriptor The path attribute with value [/BoletinDeProblemas2] in deployment descriptor [C:\Users\camer\Documents\Programas\apache-tomcat-9.0.80\conf\Catalina\localhost\BoletinDeProblemas2.xml] has been ignored
15-Feb-2024 09:22:15.942 INFO [main] org.apache.jasper.servlet.TldScanner.scanJars Al menos un JAR, que se ha explorado buscando TLDs, aún no contenía TLDs. Activar historial de depuración para este historiador para una completa lista de los JARs que fueron explorados y de los que nos se halló TLDs. Saltarse JARs no necesarios durante la exploración puede dar lugar a una mejora de tiempo significativa en el arranque y compilación de JSP .
15-Feb-2024 09:22:16.066 INFO [main] org.apache.catalina.startup.HostConfig.deployDescriptor Deployment of deployment descriptor [C:\Users\camer\Documents\Programas\apache-tomcat-9.0.80\conf\Catalina\localhost\BoletinDeProblemas2.xml] has finished in [1.248] ms
15-Feb-2024 09:22:16.067 INFO [main] org.apache.catalina.startup.HostConfig.deployDescriptor Desplieque del descriptor de configuración [C:\Users\camer\Documents\Programas\apache-tomcat-9.0.80\conf\Catalina\localhost\Ejercicio1.xml]
15-Feb-2024 09:22:16.068 WARNING [main] org.apache.catalina.startup.HostConfig.deployDescriptor The path attribute with value [/Ejercicio1] in deployment descriptor [C:\Users\camer\Documents\Programas\apache-tomcat-9.0.80\conf\Catalina\localhost\Ejercicio1.xml] has been ignored
15-Feb-2024 09:22:16.073 SEVERE [main] org.apache.catalina.startup.HostConfig.deployDescriptor Error durante el despliegue del descriptor de configuración [C:\Users\camer\Documents\Programas\apache-tomcat-9.0.80\conf\Catalina\localhost\Ejercicio1.xml]
	java.lang.IllegalStateException: Error starting child
		at org.apache.catalina.core.ContainerBase.addChildInternal(ContainerBase.java:686)
		at org.apache.catalina.core.ContainerBase.addChild(ContainerBase.java:658)
		at org.apache.catalina.core.StandardHost.addChild(StandardHost.java:662)
		at org.apache.catalina.startup.HostConfig.deployDescriptor(HostConfig.java:689)
		at org.apache.catalina.startup.HostConfig$DeployDescriptor.run(HostConfig.java:1888)
		at java.base/java.util.concurrent.Executors$RunnableAdapter.call(Executors.java:577)
		at java.base/java.util.concurrent.FutureTask.run(FutureTask.java:317)
		at org.apache.tomcat.util.threads.InlineExecutorService.execute(InlineExecutorService.java:75)
		at java.base/java.util.concurrent.AbstractExecutorService.submit(AbstractExecutorService.java:123)
		at org.apache.catalina.startup.HostConfig.deployDescriptors(HostConfig.java:582)
		at org.apache.catalina.startup.HostConfig.deployApps(HostConfig.java:472)
		at org.apache.catalina.startup.HostConfig.start(HostConfig.java:1617)
		at org.apache.catalina.startup.HostConfig.lifecycleEvent(HostConfig.java:318)
		at org.apache.catalina.util.LifecycleBase.fireLifecycleEvent(LifecycleBase.java:114)
		at org.apache.catalina.util.LifecycleBase.setStateInternal(LifecycleBase.java:402)
		at org.apache.catalina.util.LifecycleBase.setState(LifecycleBase.java:345)
		at org.apache.catalina.core.ContainerBase.startInternal(ContainerBase.java:893)
		at org.apache.catalina.core.StandardHost.startInternal(StandardHost.java:795)
		at org.apache.catalina.util.LifecycleBase.start(LifecycleBase.java:171)
		at org.apache.catalina.core.ContainerBase$StartChild.call(ContainerBase.java:1332)
		at org.apache.catalina.core.ContainerBase$StartChild.call(ContainerBase.java:1322)
		at java.base/java.util.concurrent.FutureTask.run(FutureTask.java:317)
		at org.apache.tomcat.util.threads.InlineExecutorService.execute(InlineExecutorService.java:75)
		at java.base/java.util.concurrent.AbstractExecutorService.submit(AbstractExecutorService.java:145)
		at org.apache.catalina.core.ContainerBase.startInternal(ContainerBase.java:866)
		at org.apache.catalina.core.StandardEngine.startInternal(StandardEngine.java:249)
		at org.apache.catalina.util.LifecycleBase.start(LifecycleBase.java:171)
		at org.apache.catalina.core.StandardService.startInternal(StandardService.java:433)
		at org.apache.catalina.util.LifecycleBase.start(LifecycleBase.java:171)
		at org.apache.catalina.core.StandardServer.startInternal(StandardServer.java:922)
		at org.apache.catalina.util.LifecycleBase.start(LifecycleBase.java:171)
		at org.apache.catalina.startup.Catalina.start(Catalina.java:772)
		at java.base/jdk.internal.reflect.DirectMethodHandleAccessor.invoke(DirectMethodHandleAccessor.java:104)
		at java.base/java.lang.reflect.Method.invoke(Method.java:578)
		at org.apache.catalina.startup.Bootstrap.start(Bootstrap.java:347)
		at org.apache.catalina.startup.Bootstrap.main(Bootstrap.java:478)
	Caused by: org.apache.catalina.LifecycleException: Failed to start component [org.apache.catalina.webresources.StandardRoot@1d25c1c]
		at org.apache.catalina.util.LifecycleBase.handleSubClassException(LifecycleBase.java:419)
		at org.apache.catalina.util.LifecycleBase.start(LifecycleBase.java:186)
		at org.apache.catalina.core.StandardContext.resourcesStart(StandardContext.java:4575)
		at org.apache.catalina.core.StandardContext.startInternal(StandardContext.java:4708)
		at org.apache.catalina.util.LifecycleBase.start(LifecycleBase.java:171)
		at org.apache.catalina.core.ContainerBase.addChildInternal(ContainerBase.java:683)
		... 35 more
	Caused by: java.lang.IllegalArgumentException: The main resource set specified [C:\Users\camer\Desktop\2º DAW (I.E.S. Camas)\NetBeansProjects\Desarrollo web en entorno servidor\Examen\Ejercicio1\build\web] is not a directory or war file, or is not readable (it does not exist or permissions to access it are missing)
		at org.apache.catalina.webresources.StandardRoot.createMainResourceSet(StandardRoot.java:749)
		at org.apache.catalina.webresources.StandardRoot.startInternal(StandardRoot.java:707)
		at org.apache.catalina.util.LifecycleBase.start(LifecycleBase.java:171)
		... 39 more
15-Feb-2024 09:22:16.126 INFO [main] org.apache.catalina.startup.HostConfig.deployDescriptor Deployment of deployment descriptor [C:\Users\camer\Documents\Programas\apache-tomcat-9.0.80\conf\Catalina\localhost\Ejercicio1.xml] has finished in [59] ms
15-Feb-2024 09:22:16.126 INFO [main] org.apache.catalina.startup.HostConfig.deployDescriptor Desplieque del descriptor de configuración [C:\Users\camer\Documents\Programas\apache-tomcat-9.0.80\conf\Catalina\localhost\Ejercicio2.xml]
15-Feb-2024 09:22:16.127 WARNING [main] org.apache.catalina.startup.HostConfig.deployDescriptor The path attribute with value [/Ejercicio2] in deployment descriptor [C:\Users\camer\Documents\Programas\apache-tomcat-9.0.80\conf\Catalina\localhost\Ejercicio2.xml] has been ignored
15-Feb-2024 09:22:16.134 SEVERE [main] org.apache.catalina.startup.HostConfig.deployDescriptor Error durante el despliegue del descriptor de configuración [C:\Users\camer\Documents\Programas\apache-tomcat-9.0.80\conf\Catalina\localhost\Ejercicio2.xml]
	java.lang.IllegalStateException: Error starting child
		at org.apache.catalina.core.ContainerBase.addChildInternal(ContainerBase.java:686)
		at org.apache.catalina.core.ContainerBase.addChild(ContainerBase.java:658)
		at org.apache.catalina.core.StandardHost.addChild(StandardHost.java:662)
		at org.apache.catalina.startup.HostConfig.deployDescriptor(HostConfig.java:689)
		at org.apache.catalina.startup.HostConfig$DeployDescriptor.run(HostConfig.java:1888)
		at java.base/java.util.concurrent.Executors$RunnableAdapter.call(Executors.java:577)
		at java.base/java.util.concurrent.FutureTask.run(FutureTask.java:317)
		at org.apache.tomcat.util.threads.InlineExecutorService.execute(InlineExecutorService.java:75)
		at java.base/java.util.concurrent.AbstractExecutorService.submit(AbstractExecutorService.java:123)
		at org.apache.catalina.startup.HostConfig.deployDescriptors(HostConfig.java:582)
		at org.apache.catalina.startup.HostConfig.deployApps(HostConfig.java:472)
		at org.apache.catalina.startup.HostConfig.start(HostConfig.java:1617)
		at org.apache.catalina.startup.HostConfig.lifecycleEvent(HostConfig.java:318)
		at org.apache.catalina.util.LifecycleBase.fireLifecycleEvent(LifecycleBase.java:114)
		at org.apache.catalina.util.LifecycleBase.setStateInternal(LifecycleBase.java:402)
		at org.apache.catalina.util.LifecycleBase.setState(LifecycleBase.java:345)
		at org.apache.catalina.core.ContainerBase.startInternal(ContainerBase.java:893)
		at org.apache.catalina.core.StandardHost.startInternal(StandardHost.java:795)
		at org.apache.catalina.util.LifecycleBase.start(LifecycleBase.java:171)
		at org.apache.catalina.core.ContainerBase$StartChild.call(ContainerBase.java:1332)
		at org.apache.catalina.core.ContainerBase$StartChild.call(ContainerBase.java:1322)
		at java.base/java.util.concurrent.FutureTask.run(FutureTask.java:317)
		at org.apache.tomcat.util.threads.InlineExecutorService.execute(InlineExecutorService.java:75)
		at java.base/java.util.concurrent.AbstractExecutorService.submit(AbstractExecutorService.java:145)
		at org.apache.catalina.core.ContainerBase.startInternal(ContainerBase.java:866)
		at org.apache.catalina.core.StandardEngine.startInternal(StandardEngine.java:249)
		at org.apache.catalina.util.LifecycleBase.start(LifecycleBase.java:171)
		at org.apache.catalina.core.StandardService.startInternal(StandardService.java:433)
		at org.apache.catalina.util.LifecycleBase.start(LifecycleBase.java:171)
		at org.apache.catalina.core.StandardServer.startInternal(StandardServer.java:922)
		at org.apache.catalina.util.LifecycleBase.start(LifecycleBase.java:171)
		at org.apache.catalina.startup.Catalina.start(Catalina.java:772)
		at java.base/jdk.internal.reflect.DirectMethodHandleAccessor.invoke(DirectMethodHandleAccessor.java:104)
		at java.base/java.lang.reflect.Method.invoke(Method.java:578)
		at org.apache.catalina.startup.Bootstrap.start(Bootstrap.java:347)
		at org.apache.catalina.startup.Bootstrap.main(Bootstrap.java:478)
	Caused by: org.apache.catalina.LifecycleException: Failed to start component [org.apache.catalina.webresources.StandardRoot@7f829c76]
		at org.apache.catalina.util.LifecycleBase.handleSubClassException(LifecycleBase.java:419)
		at org.apache.catalina.util.LifecycleBase.start(LifecycleBase.java:186)
		at org.apache.catalina.core.StandardContext.resourcesStart(StandardContext.java:4575)
		at org.apache.catalina.core.StandardContext.startInternal(StandardContext.java:4708)
		at org.apache.catalina.util.LifecycleBase.start(LifecycleBase.java:171)
		at org.apache.catalina.core.ContainerBase.addChildInternal(ContainerBase.java:683)
		... 35 more
	Caused by: java.lang.IllegalArgumentException: The main resource set specified [C:\Users\camer\Desktop\2º DAW (I.E.S. Camas)\NetBeansProjects\Desarrollo web en entorno servidor\Examen\Ejercicio2\build\web] is not a directory or war file, or is not readable (it does not exist or permissions to access it are missing)
		at org.apache.catalina.webresources.StandardRoot.createMainResourceSet(StandardRoot.java:749)
		at org.apache.catalina.webresources.StandardRoot.startInternal(StandardRoot.java:707)
		at org.apache.catalina.util.LifecycleBase.start(LifecycleBase.java:171)
		... 39 more
15-Feb-2024 09:22:16.688 INFO [main] org.apache.catalina.startup.HostConfig.deployDescriptor Deployment of deployment descriptor [C:\Users\camer\Documents\Programas\apache-tomcat-9.0.80\conf\Catalina\localhost\Ejercicio2.xml] has finished in [561] ms
15-Feb-2024 09:22:16.689 INFO [main] org.apache.catalina.startup.HostConfig.deployDescriptor Desplieque del descriptor de configuración [C:\Users\camer\Documents\Programas\apache-tomcat-9.0.80\conf\Catalina\localhost\Empresa2023.xml]
15-Feb-2024 09:22:16.692 WARNING [main] org.apache.catalina.startup.HostConfig.deployDescriptor The path attribute with value [/Empresa2023] in deployment descriptor [C:\Users\camer\Documents\Programas\apache-tomcat-9.0.80\conf\Catalina\localhost\Empresa2023.xml] has been ignored
15-Feb-2024 09:22:18.798 INFO [main] org.apache.jasper.servlet.TldScanner.scanJars Al menos un JAR, que se ha explorado buscando TLDs, aún no contenía TLDs. Activar historial de depuración para este historiador para una completa lista de los JARs que fueron explorados y de los que nos se halló TLDs. Saltarse JARs no necesarios durante la exploración puede dar lugar a una mejora de tiempo significativa en el arranque y compilación de JSP .
15-Feb-2024 09:22:18.805 INFO [main] org.apache.catalina.startup.HostConfig.deployDescriptor Deployment of deployment descriptor [C:\Users\camer\Documents\Programas\apache-tomcat-9.0.80\conf\Catalina\localhost\Empresa2023.xml] has finished in [2.116] ms
15-Feb-2024 09:22:18.805 INFO [main] org.apache.catalina.startup.HostConfig.deployDescriptor Desplieque del descriptor de configuración [C:\Users\camer\Documents\Programas\apache-tomcat-9.0.80\conf\Catalina\localhost\FileUpload.xml]
15-Feb-2024 09:22:18.806 WARNING [main] org.apache.catalina.startup.HostConfig.deployDescriptor The path attribute with value [/FileUpload] in deployment descriptor [C:\Users\camer\Documents\Programas\apache-tomcat-9.0.80\conf\Catalina\localhost\FileUpload.xml] has been ignored
15-Feb-2024 09:22:18.938 INFO [main] org.apache.catalina.startup.HostConfig.deployDescriptor Deployment of deployment descriptor [C:\Users\camer\Documents\Programas\apache-tomcat-9.0.80\conf\Catalina\localhost\FileUpload.xml] has finished in [133] ms
15-Feb-2024 09:22:18.941 INFO [main] org.apache.catalina.startup.HostConfig.deployDescriptor Desplieque del descriptor de configuración [C:\Users\camer\Documents\Programas\apache-tomcat-9.0.80\conf\Catalina\localhost\GestionProductos.xml]
15-Feb-2024 09:22:18.942 WARNING [main] org.apache.catalina.startup.HostConfig.deployDescriptor The path attribute with value [/GestionProductos] in deployment descriptor [C:\Users\camer\Documents\Programas\apache-tomcat-9.0.80\conf\Catalina\localhost\GestionProductos.xml] has been ignored
15-Feb-2024 09:22:19.051 INFO [main] org.apache.catalina.startup.HostConfig.deployDescriptor Deployment of deployment descriptor [C:\Users\camer\Documents\Programas\apache-tomcat-9.0.80\conf\Catalina\localhost\GestionProductos.xml] has finished in [113] ms
15-Feb-2024 09:22:19.051 INFO [main] org.apache.catalina.startup.HostConfig.deployDescriptor Desplieque del descriptor de configuración [C:\Users\camer\Documents\Programas\apache-tomcat-9.0.80\conf\Catalina\localhost\HolaMundoWeb.xml]
15-Feb-2024 09:22:19.053 WARNING [main] org.apache.catalina.startup.HostConfig.deployDescriptor The path attribute with value [/HolaMundoWeb] in deployment descriptor [C:\Users\camer\Documents\Programas\apache-tomcat-9.0.80\conf\Catalina\localhost\HolaMundoWeb.xml] has been ignored
15-Feb-2024 09:22:19.156 INFO [main] org.apache.catalina.startup.HostConfig.deployDescriptor Deployment of deployment descriptor [C:\Users\camer\Documents\Programas\apache-tomcat-9.0.80\conf\Catalina\localhost\HolaMundoWeb.xml] has finished in [105] ms
15-Feb-2024 09:22:19.156 INFO [main] org.apache.catalina.startup.HostConfig.deployDescriptor Desplieque del descriptor de configuración [C:\Users\camer\Documents\Programas\apache-tomcat-9.0.80\conf\Catalina\localhost\Laberinto.xml]
15-Feb-2024 09:22:19.158 WARNING [main] org.apache.catalina.startup.HostConfig.deployDescriptor The path attribute with value [/Laberinto] in deployment descriptor [C:\Users\camer\Documents\Programas\apache-tomcat-9.0.80\conf\Catalina\localhost\Laberinto.xml] has been ignored
15-Feb-2024 09:22:19.248 INFO [main] org.apache.catalina.startup.HostConfig.deployDescriptor Deployment of deployment descriptor [C:\Users\camer\Documents\Programas\apache-tomcat-9.0.80\conf\Catalina\localhost\Laberinto.xml] has finished in [92] ms
15-Feb-2024 09:22:19.248 INFO [main] org.apache.catalina.startup.HostConfig.deployDescriptor Desplieque del descriptor de configuración [C:\Users\camer\Documents\Programas\apache-tomcat-9.0.80\conf\Catalina\localhost\PruebaAjax.xml]
15-Feb-2024 09:22:19.249 WARNING [main] org.apache.catalina.startup.HostConfig.deployDescriptor The path attribute with value [/PruebaAjax] in deployment descriptor [C:\Users\camer\Documents\Programas\apache-tomcat-9.0.80\conf\Catalina\localhost\PruebaAjax.xml] has been ignored
15-Feb-2024 09:22:19.853 INFO [main] org.apache.jasper.servlet.TldScanner.scanJars Al menos un JAR, que se ha explorado buscando TLDs, aún no contenía TLDs. Activar historial de depuración para este historiador para una completa lista de los JARs que fueron explorados y de los que nos se halló TLDs. Saltarse JARs no necesarios durante la exploración puede dar lugar a una mejora de tiempo significativa en el arranque y compilación de JSP .
15-Feb-2024 09:22:19.860 INFO [main] org.apache.catalina.startup.HostConfig.deployDescriptor Deployment of deployment descriptor [C:\Users\camer\Documents\Programas\apache-tomcat-9.0.80\conf\Catalina\localhost\PruebaAjax.xml] has finished in [611] ms
15-Feb-2024 09:22:19.862 INFO [main] org.apache.catalina.startup.HostConfig.deployDescriptor Desplieque del descriptor de configuración [C:\Users\camer\Documents\Programas\apache-tomcat-9.0.80\conf\Catalina\localhost\pruebaTagLib.xml]
15-Feb-2024 09:22:19.863 WARNING [main] org.apache.catalina.startup.HostConfig.deployDescriptor The path attribute with value [/pruebaTagLib] in deployment descriptor [C:\Users\camer\Documents\Programas\apache-tomcat-9.0.80\conf\Catalina\localhost\pruebaTagLib.xml] has been ignored
15-Feb-2024 09:22:20.014 INFO [main] org.apache.jasper.servlet.TldScanner.scanJars Al menos un JAR, que se ha explorado buscando TLDs, aún no contenía TLDs. Activar historial de depuración para este historiador para una completa lista de los JARs que fueron explorados y de los que nos se halló TLDs. Saltarse JARs no necesarios durante la exploración puede dar lugar a una mejora de tiempo significativa en el arranque y compilación de JSP .
15-Feb-2024 09:22:20.046 INFO [main] org.apache.catalina.startup.HostConfig.deployDescriptor Deployment of deployment descriptor [C:\Users\camer\Documents\Programas\apache-tomcat-9.0.80\conf\Catalina\localhost\pruebaTagLib.xml] has finished in [186] ms
15-Feb-2024 09:22:20.048 INFO [main] org.apache.catalina.startup.HostConfig.deployDirectory Desplegando el directorio [C:\Users\camer\Documents\Programas\apache-tomcat-9.0.80\webapps\docs] de la aplicación web
15-Feb-2024 09:22:20.140 INFO [main] org.apache.catalina.startup.HostConfig.deployDirectory Deployment of web application directory [C:\Users\camer\Documents\Programas\apache-tomcat-9.0.80\webapps\docs] has finished in [92] ms
15-Feb-2024 09:22:20.140 INFO [main] org.apache.catalina.startup.HostConfig.deployDirectory Desplegando el directorio [C:\Users\camer\Documents\Programas\apache-tomcat-9.0.80\webapps\examples] de la aplicación web
15-Feb-2024 09:22:20.733 INFO [main] org.apache.catalina.startup.HostConfig.deployDirectory Deployment of web application directory [C:\Users\camer\Documents\Programas\apache-tomcat-9.0.80\webapps\examples] has finished in [593] ms
15-Feb-2024 09:22:20.733 INFO [main] org.apache.catalina.startup.HostConfig.deployDirectory Desplegando el directorio [C:\Users\camer\Documents\Programas\apache-tomcat-9.0.80\webapps\host-manager] de la aplicación web
15-Feb-2024 09:22:20.816 INFO [main] org.apache.catalina.startup.HostConfig.deployDirectory Deployment of web application directory [C:\Users\camer\Documents\Programas\apache-tomcat-9.0.80\webapps\host-manager] has finished in [83] ms
15-Feb-2024 09:22:20.817 INFO [main] org.apache.catalina.startup.HostConfig.deployDirectory Desplegando el directorio [C:\Users\camer\Documents\Programas\apache-tomcat-9.0.80\webapps\manager] de la aplicación web
15-Feb-2024 09:22:20.902 INFO [main] org.apache.catalina.startup.HostConfig.deployDirectory Deployment of web application directory [C:\Users\camer\Documents\Programas\apache-tomcat-9.0.80\webapps\manager] has finished in [85] ms
15-Feb-2024 09:22:20.903 INFO [main] org.apache.catalina.startup.HostConfig.deployDirectory Desplegando el directorio [C:\Users\camer\Documents\Programas\apache-tomcat-9.0.80\webapps\ROOT] de la aplicación web
15-Feb-2024 09:22:20.965 INFO [main] org.apache.catalina.startup.HostConfig.deployDirectory Deployment of web application directory [C:\Users\camer\Documents\Programas\apache-tomcat-9.0.80\webapps\ROOT] has finished in [61] ms
15-Feb-2024 09:22:20.967 INFO [main] org.apache.coyote.AbstractProtocol.start Starting ProtocolHandler ["http-nio-8080"]
15-Feb-2024 09:22:21.011 INFO [main] org.apache.catalina.startup.Catalina.start Server startup in [6261] milliseconds
15-Feb-2024 09:22:22.818 INFO [http-nio-8080-exec-4] org.apache.catalina.startup.HostConfig.deployDescriptor Desplieque del descriptor de configuración [C:\Users\camer\Documents\Programas\apache-tomcat-9.0.80\conf\Catalina\localhost\EnviarEmail.xml]
15-Feb-2024 09:22:22.819 WARNING [http-nio-8080-exec-4] org.apache.catalina.startup.HostConfig.deployDescriptor The path attribute with value [/EnviarEmail] in deployment descriptor [C:\Users\camer\Documents\Programas\apache-tomcat-9.0.80\conf\Catalina\localhost\EnviarEmail.xml] has been ignored
15-Feb-2024 09:22:23.027 INFO [http-nio-8080-exec-4] org.apache.jasper.servlet.TldScanner.scanJars Al menos un JAR, que se ha explorado buscando TLDs, aún no contenía TLDs. Activar historial de depuración para este historiador para una completa lista de los JARs que fueron explorados y de los que nos se halló TLDs. Saltarse JARs no necesarios durante la exploración puede dar lugar a una mejora de tiempo significativa en el arranque y compilación de JSP .
15-Feb-2024 09:22:23.033 INFO [http-nio-8080-exec-4] org.apache.catalina.startup.HostConfig.deployDescriptor Deployment of deployment descriptor [C:\Users\camer\Documents\Programas\apache-tomcat-9.0.80\conf\Catalina\localhost\EnviarEmail.xml] has finished in [215] ms
15-Feb-2024 09:22:23.036 INFO [http-nio-8080-exec-1] org.apache.catalina.util.LifecycleBase.start The start() method was called on component [StandardEngine[Catalina].StandardHost[localhost].StandardContext[/EnviarEmail]] after start() had already been called. The second call will be ignored.
15-Feb-2024 09:29:15.794 INFO [http-nio-8080-exec-5] org.apache.catalina.core.StandardContext.reload Ha comenzado la recarga de Contexto [/EnviarEmail]
15-Feb-2024 09:29:16.012 INFO [http-nio-8080-exec-5] org.apache.jasper.servlet.TldScanner.scanJars Al menos un JAR, que se ha explorado buscando TLDs, aún no contenía TLDs. Activar historial de depuración para este historiador para una completa lista de los JARs que fueron explorados y de los que nos se halló TLDs. Saltarse JARs no necesarios durante la exploración puede dar lugar a una mejora de tiempo significativa en el arranque y compilación de JSP .
15-Feb-2024 09:29:16.019 INFO [http-nio-8080-exec-5] org.apache.catalina.core.StandardContext.reload Se ha completado la recarga de este Contexto
15-Feb-2024 09:29:32.199 INFO [http-nio-8080-exec-2] org.apache.catalina.core.StandardContext.reload Ha comenzado la recarga de Contexto [/EnviarEmail]
15-Feb-2024 09:29:32.384 INFO [http-nio-8080-exec-2] org.apache.jasper.servlet.TldScanner.scanJars Al menos un JAR, que se ha explorado buscando TLDs, aún no contenía TLDs. Activar historial de depuración para este historiador para una completa lista de los JARs que fueron explorados y de los que nos se halló TLDs. Saltarse JARs no necesarios durante la exploración puede dar lugar a una mejora de tiempo significativa en el arranque y compilación de JSP .
15-Feb-2024 09:29:32.389 INFO [http-nio-8080-exec-2] org.apache.catalina.core.StandardContext.reload Se ha completado la recarga de este Contexto
15-Feb-2024 10:19:25.719 INFO [http-nio-8080-exec-16] org.apache.catalina.core.StandardContext.reload Ha comenzado la recarga de Contexto [/EnviarEmail]
15-Feb-2024 10:19:25.899 INFO [http-nio-8080-exec-16] org.apache.jasper.servlet.TldScanner.scanJars Al menos un JAR, que se ha explorado buscando TLDs, aún no contenía TLDs. Activar historial de depuración para este historiador para una completa lista de los JARs que fueron explorados y de los que nos se halló TLDs. Saltarse JARs no necesarios durante la exploración puede dar lugar a una mejora de tiempo significativa en el arranque y compilación de JSP .
15-Feb-2024 10:19:25.903 INFO [http-nio-8080-exec-16] org.apache.catalina.core.StandardContext.reload Se ha completado la recarga de este Contexto
15-Feb-2024 10:21:49.023 INFO [main] org.apache.catalina.core.StandardServer.await Se ha recibido un comando de apagado a través del puerto de apagado. Parando la instancia del Servidor.
15-Feb-2024 10:21:49.024 INFO [main] org.apache.coyote.AbstractProtocol.pause Pausing ProtocolHandler ["http-nio-8080"]
15-Feb-2024 10:21:49.037 INFO [main] org.apache.catalina.core.StandardService.stopInternal Parando servicio [Catalina]
15-Feb-2024 10:21:49.066 INFO [main] org.apache.coyote.AbstractProtocol.stop Stopping ProtocolHandler ["http-nio-8080"]
15-Feb-2024 10:21:49.084 INFO [main] org.apache.coyote.AbstractProtocol.destroy Destroying ProtocolHandler ["http-nio-8080"]
