04-Mar-2024 17:17:22.591 INFO [http-nio-8080-exec-7] org.apache.catalina.core.ApplicationContext.log Manager: init: Associated with Deployer 'Catalina:type=Deployer,host=localhost'
04-Mar-2024 17:17:22.591 INFO [http-nio-8080-exec-7] org.apache.catalina.core.ApplicationContext.log Manager: init: Global resources are available
04-Mar-2024 17:17:22.621 INFO [http-nio-8080-exec-4] org.apache.catalina.core.ApplicationContext.log Manager: list: Listing contexts for virtual host 'localhost'
04-Mar-2024 17:17:22.625 INFO [http-nio-8080-exec-1] org.apache.catalina.core.ApplicationContext.log Manager: list: Listing contexts for virtual host 'localhost'
04-Mar-2024 17:17:22.767 INFO [http-nio-8080-exec-5] org.apache.catalina.core.ApplicationContext.log Manager: restart: Reloading web application '/GestionDeUnaBiblioteca'
04-Mar-2024 17:18:46.968 INFO [http-nio-8080-exec-15] org.apache.catalina.core.ApplicationContext.log Manager: list: Listing contexts for virtual host 'localhost'
04-Mar-2024 17:19:10.388 INFO [http-nio-8080-exec-13] org.apache.catalina.core.ApplicationContext.log Manager: list: Listing contexts for virtual host 'localhost'
04-Mar-2024 17:20:36.871 INFO [http-nio-8080-exec-12] org.apache.catalina.core.ApplicationContext.log Manager: list: Listing contexts for virtual host 'localhost'
04-Mar-2024 17:20:47.257 INFO [http-nio-8080-exec-20] org.apache.catalina.core.ApplicationContext.log Manager: list: Listing contexts for virtual host 'localhost'
04-Mar-2024 17:21:03.523 INFO [http-nio-8080-exec-18] org.apache.catalina.core.ApplicationContext.log Manager: list: Listing contexts for virtual host 'localhost'
04-Mar-2024 17:21:35.992 INFO [http-nio-8080-exec-14] org.apache.catalina.core.ApplicationContext.log Manager: list: Listing contexts for virtual host 'localhost'
04-Mar-2024 17:21:36.009 INFO [http-nio-8080-exec-15] org.apache.catalina.core.ApplicationContext.log Manager: restart: Reloading web application '/GestionDeUnaBiblioteca'
04-Mar-2024 17:21:38.387 INFO [http-nio-8080-exec-16] org.apache.catalina.core.ApplicationContext.log Manager: list: Listing contexts for virtual host 'localhost'
04-Mar-2024 17:21:38.418 INFO [http-nio-8080-exec-13] org.apache.catalina.core.ApplicationContext.log Manager: restart: Reloading web application '/GestionDeUnaBiblioteca'
04-Mar-2024 17:21:54.574 INFO [http-nio-8080-exec-14] org.apache.catalina.core.ApplicationContext.log Manager: list: Listing contexts for virtual host 'localhost'
04-Mar-2024 17:21:54.580 INFO [http-nio-8080-exec-19] org.apache.catalina.core.ApplicationContext.log Manager: restart: Reloading web application '/GestionDeUnaBiblioteca'
04-Mar-2024 17:23:42.835 INFO [http-nio-8080-exec-21] org.apache.catalina.core.ApplicationContext.log Manager: list: Listing contexts for virtual host 'localhost'
04-Mar-2024 17:23:42.842 INFO [http-nio-8080-exec-22] org.apache.catalina.core.ApplicationContext.log Manager: restart: Reloading web application '/GestionDeUnaBiblioteca'
04-Mar-2024 17:25:19.402 INFO [http-nio-8080-exec-11] org.apache.catalina.core.ApplicationContext.log Manager: list: Listing contexts for virtual host 'localhost'
04-Mar-2024 17:25:19.409 INFO [http-nio-8080-exec-17] org.apache.catalina.core.ApplicationContext.log Manager: restart: Reloading web application '/GestionDeUnaBiblioteca'
04-Mar-2024 17:25:37.513 INFO [http-nio-8080-exec-31] org.apache.catalina.core.ApplicationContext.log Manager: list: Listing contexts for virtual host 'localhost'
04-Mar-2024 17:25:37.519 INFO [http-nio-8080-exec-11] org.apache.catalina.core.ApplicationContext.log Manager: restart: Reloading web application '/GestionDeUnaBiblioteca'
04-Mar-2024 17:34:05.298 INFO [http-nio-8080-exec-37] org.apache.catalina.core.ApplicationContext.log Manager: list: Listing contexts for virtual host 'localhost'
04-Mar-2024 17:34:05.308 INFO [http-nio-8080-exec-36] org.apache.catalina.core.ApplicationContext.log Manager: restart: Reloading web application '/GestionDeUnaBiblioteca'
04-Mar-2024 17:34:07.601 INFO [http-nio-8080-exec-40] org.apache.catalina.core.ApplicationContext.log Manager: list: Listing contexts for virtual host 'localhost'
04-Mar-2024 17:34:07.613 INFO [http-nio-8080-exec-42] org.apache.catalina.core.ApplicationContext.log Manager: restart: Reloading web application '/GestionDeUnaBiblioteca'
04-Mar-2024 17:34:28.687 INFO [http-nio-8080-exec-38] org.apache.catalina.core.ApplicationContext.log Manager: list: Listing contexts for virtual host 'localhost'
04-Mar-2024 17:34:28.693 INFO [http-nio-8080-exec-40] org.apache.catalina.core.ApplicationContext.log Manager: restart: Reloading web application '/GestionDeUnaBiblioteca'
04-Mar-2024 17:34:39.485 INFO [http-nio-8080-exec-38] org.apache.catalina.core.ApplicationContext.log Manager: list: Listing contexts for virtual host 'localhost'
04-Mar-2024 17:34:39.492 INFO [http-nio-8080-exec-46] org.apache.catalina.core.ApplicationContext.log Manager: restart: Reloading web application '/GestionDeUnaBiblioteca'
04-Mar-2024 17:35:52.309 INFO [http-nio-8080-exec-37] org.apache.catalina.core.ApplicationContext.log Manager: list: Listing contexts for virtual host 'localhost'
04-Mar-2024 17:35:52.315 INFO [http-nio-8080-exec-41] org.apache.catalina.core.ApplicationContext.log Manager: restart: Reloading web application '/GestionDeUnaBiblioteca'
04-Mar-2024 17:36:26.099 INFO [http-nio-8080-exec-45] org.apache.catalina.core.ApplicationContext.log Manager: list: Listing contexts for virtual host 'localhost'
04-Mar-2024 17:36:26.106 INFO [http-nio-8080-exec-48] org.apache.catalina.core.ApplicationContext.log Manager: restart: Reloading web application '/GestionDeUnaBiblioteca'
04-Mar-2024 17:36:47.060 INFO [http-nio-8080-exec-37] org.apache.catalina.core.ApplicationContext.log Manager: list: Listing contexts for virtual host 'localhost'
04-Mar-2024 17:36:47.392 INFO [http-nio-8080-exec-47] org.apache.catalina.core.ApplicationContext.log Manager: list: Listing contexts for virtual host 'localhost'
04-Mar-2024 17:38:05.382 INFO [http-nio-8080-exec-51] org.apache.catalina.core.ApplicationContext.log Manager: list: Listing contexts for virtual host 'localhost'
04-Mar-2024 17:38:05.391 INFO [http-nio-8080-exec-58] org.apache.catalina.core.ApplicationContext.log Manager: restart: Reloading web application '/GestionDeUnaBiblioteca'
04-Mar-2024 17:38:07.662 INFO [http-nio-8080-exec-54] org.apache.catalina.core.ApplicationContext.log Manager: list: Listing contexts for virtual host 'localhost'
04-Mar-2024 17:38:07.691 INFO [http-nio-8080-exec-52] org.apache.catalina.core.ApplicationContext.log Manager: restart: Reloading web application '/GestionDeUnaBiblioteca'
04-Mar-2024 17:38:24.753 INFO [http-nio-8080-exec-54] org.apache.catalina.core.ApplicationContext.log Manager: list: Listing contexts for virtual host 'localhost'
04-Mar-2024 17:38:24.760 INFO [http-nio-8080-exec-55] org.apache.catalina.core.ApplicationContext.log Manager: restart: Reloading web application '/GestionDeUnaBiblioteca'
04-Mar-2024 17:38:29.440 INFO [http-nio-8080-exec-57] org.apache.catalina.core.ApplicationContext.log Manager: list: Listing contexts for virtual host 'localhost'
04-Mar-2024 17:38:29.498 INFO [http-nio-8080-exec-62] org.apache.catalina.core.ApplicationContext.log Manager: list: Listing contexts for virtual host 'localhost'
04-Mar-2024 17:38:51.023 INFO [http-nio-8080-exec-57] org.apache.catalina.core.ApplicationContext.log Manager: list: Listing contexts for virtual host 'localhost'
04-Mar-2024 17:38:51.035 INFO [http-nio-8080-exec-54] org.apache.catalina.core.ApplicationContext.log Manager: restart: Reloading web application '/GestionDeUnaBiblioteca'
04-Mar-2024 17:38:53.230 INFO [http-nio-8080-exec-64] org.apache.catalina.core.ApplicationContext.log Manager: list: Listing contexts for virtual host 'localhost'
04-Mar-2024 17:38:53.262 INFO [http-nio-8080-exec-59] org.apache.catalina.core.ApplicationContext.log Manager: restart: Reloading web application '/GestionDeUnaBiblioteca'
04-Mar-2024 17:39:17.948 INFO [http-nio-8080-exec-60] org.apache.catalina.core.ApplicationContext.log Manager: list: Listing contexts for virtual host 'localhost'
04-Mar-2024 17:39:17.955 INFO [http-nio-8080-exec-49] org.apache.catalina.core.ApplicationContext.log Manager: restart: Reloading web application '/GestionDeUnaBiblioteca'
04-Mar-2024 17:39:37.042 INFO [http-nio-8080-exec-62] org.apache.catalina.core.ApplicationContext.log Manager: list: Listing contexts for virtual host 'localhost'
04-Mar-2024 17:39:37.048 INFO [http-nio-8080-exec-50] org.apache.catalina.core.ApplicationContext.log Manager: restart: Reloading web application '/GestionDeUnaBiblioteca'
04-Mar-2024 17:39:48.774 INFO [http-nio-8080-exec-66] org.apache.catalina.core.ApplicationContext.log Manager: list: Listing contexts for virtual host 'localhost'
04-Mar-2024 17:39:48.780 INFO [http-nio-8080-exec-69] org.apache.catalina.core.ApplicationContext.log Manager: restart: Reloading web application '/GestionDeUnaBiblioteca'
04-Mar-2024 17:41:54.927 INFO [http-nio-8080-exec-74] org.apache.catalina.core.ApplicationContext.log Manager: list: Listing contexts for virtual host 'localhost'
04-Mar-2024 17:41:54.933 INFO [http-nio-8080-exec-77] org.apache.catalina.core.ApplicationContext.log Manager: restart: Reloading web application '/GestionDeUnaBiblioteca'
04-Mar-2024 17:42:28.282 INFO [http-nio-8080-exec-73] org.apache.catalina.core.ApplicationContext.log Manager: list: Listing contexts for virtual host 'localhost'
04-Mar-2024 17:42:28.290 INFO [http-nio-8080-exec-66] org.apache.catalina.core.ApplicationContext.log Manager: restart: Reloading web application '/GestionDeUnaBiblioteca'
04-Mar-2024 17:42:31.687 INFO [http-nio-8080-exec-72] org.apache.catalina.core.ApplicationContext.log Manager: list: Listing contexts for virtual host 'localhost'
04-Mar-2024 17:42:31.693 INFO [http-nio-8080-exec-79] org.apache.catalina.core.ApplicationContext.log Manager: restart: Reloading web application '/GestionDeUnaBiblioteca'
04-Mar-2024 17:43:20.809 INFO [http-nio-8080-exec-72] org.apache.catalina.core.ApplicationContext.log Manager: list: Listing contexts for virtual host 'localhost'
04-Mar-2024 17:43:20.815 INFO [http-nio-8080-exec-78] org.apache.catalina.core.ApplicationContext.log Manager: restart: Reloading web application '/GestionDeUnaBiblioteca'
04-Mar-2024 17:43:57.147 INFO [http-nio-8080-exec-80] org.apache.catalina.core.ApplicationContext.log Manager: list: Listing contexts for virtual host 'localhost'
04-Mar-2024 17:43:57.153 INFO [http-nio-8080-exec-76] org.apache.catalina.core.ApplicationContext.log Manager: restart: Reloading web application '/GestionDeUnaBiblioteca'
04-Mar-2024 17:46:04.842 INFO [http-nio-8080-exec-87] org.apache.catalina.core.ApplicationContext.log Manager: list: Listing contexts for virtual host 'localhost'
04-Mar-2024 17:46:04.849 INFO [http-nio-8080-exec-88] org.apache.catalina.core.ApplicationContext.log Manager: restart: Reloading web application '/GestionDeUnaBiblioteca'
04-Mar-2024 17:46:09.075 INFO [http-nio-8080-exec-86] org.apache.catalina.core.ApplicationContext.log Manager: list: Listing contexts for virtual host 'localhost'
04-Mar-2024 17:46:09.082 INFO [http-nio-8080-exec-82] org.apache.catalina.core.ApplicationContext.log Manager: restart: Reloading web application '/GestionDeUnaBiblioteca'
04-Mar-2024 17:47:39.621 INFO [http-nio-8080-exec-84] org.apache.catalina.core.ApplicationContext.log Manager: list: Listing contexts for virtual host 'localhost'
04-Mar-2024 17:47:39.628 INFO [http-nio-8080-exec-97] org.apache.catalina.core.ApplicationContext.log Manager: restart: Reloading web application '/GestionDeUnaBiblioteca'
04-Mar-2024 17:49:18.803 INFO [http-nio-8080-exec-95] org.apache.catalina.core.ApplicationContext.log Manager: list: Listing contexts for virtual host 'localhost'
04-Mar-2024 17:49:18.809 INFO [http-nio-8080-exec-101] org.apache.catalina.core.ApplicationContext.log Manager: restart: Reloading web application '/GestionDeUnaBiblioteca'
04-Mar-2024 17:49:27.491 INFO [http-nio-8080-exec-72] org.apache.catalina.core.ApplicationContext.log Manager: list: Listing contexts for virtual host 'localhost'
04-Mar-2024 17:49:27.497 INFO [http-nio-8080-exec-84] org.apache.catalina.core.ApplicationContext.log Manager: restart: Reloading web application '/GestionDeUnaBiblioteca'
04-Mar-2024 17:51:38.726 INFO [http-nio-8080-exec-106] org.apache.catalina.core.ApplicationContext.log Manager: list: Listing contexts for virtual host 'localhost'
04-Mar-2024 17:51:38.734 INFO [http-nio-8080-exec-109] org.apache.catalina.core.ApplicationContext.log Manager: restart: Reloading web application '/GestionDeUnaBiblioteca'
04-Mar-2024 17:52:22.101 INFO [http-nio-8080-exec-107] org.apache.catalina.core.ApplicationContext.log Manager: list: Listing contexts for virtual host 'localhost'
04-Mar-2024 17:57:24.472 INFO [http-nio-8080-exec-113] org.apache.catalina.core.ApplicationContext.log Manager: list: Listing contexts for virtual host 'localhost'
04-Mar-2024 17:57:43.972 INFO [http-nio-8080-exec-104] org.apache.catalina.core.ApplicationContext.log Manager: list: Listing contexts for virtual host 'localhost'
04-Mar-2024 17:57:52.447 INFO [http-nio-8080-exec-115] org.apache.catalina.core.ApplicationContext.log Manager: list: Listing contexts for virtual host 'localhost'
04-Mar-2024 17:58:28.710 INFO [http-nio-8080-exec-114] org.apache.catalina.core.ApplicationContext.log Manager: list: Listing contexts for virtual host 'localhost'
04-Mar-2024 17:59:38.476 INFO [http-nio-8080-exec-111] org.apache.catalina.core.ApplicationContext.log Manager: list: Listing contexts for virtual host 'localhost'
04-Mar-2024 18:01:03.231 INFO [http-nio-8080-exec-117] org.apache.catalina.core.ApplicationContext.log Manager: list: Listing contexts for virtual host 'localhost'
04-Mar-2024 18:01:20.952 INFO [http-nio-8080-exec-115] org.apache.catalina.core.ApplicationContext.log Manager: list: Listing contexts for virtual host 'localhost'
04-Mar-2024 18:02:15.411 INFO [http-nio-8080-exec-114] org.apache.catalina.core.ApplicationContext.log Manager: list: Listing contexts for virtual host 'localhost'
04-Mar-2024 18:02:21.948 INFO [http-nio-8080-exec-119] org.apache.catalina.core.ApplicationContext.log Manager: list: Listing contexts for virtual host 'localhost'
04-Mar-2024 18:03:13.510 INFO [http-nio-8080-exec-112] org.apache.catalina.core.ApplicationContext.log Manager: list: Listing contexts for virtual host 'localhost'
04-Mar-2024 18:05:21.299 INFO [http-nio-8080-exec-113] org.apache.catalina.core.ApplicationContext.log Manager: list: Listing contexts for virtual host 'localhost'
04-Mar-2024 18:05:44.602 INFO [http-nio-8080-exec-110] org.apache.catalina.core.ApplicationContext.log Manager: list: Listing contexts for virtual host 'localhost'
04-Mar-2024 18:06:22.804 INFO [http-nio-8080-exec-118] org.apache.catalina.core.ApplicationContext.log Manager: list: Listing contexts for virtual host 'localhost'
04-Mar-2024 18:06:52.825 INFO [http-nio-8080-exec-112] org.apache.catalina.core.ApplicationContext.log Manager: list: Listing contexts for virtual host 'localhost'
04-Mar-2024 18:07:03.021 INFO [http-nio-8080-exec-114] org.apache.catalina.core.ApplicationContext.log Manager: list: Listing contexts for virtual host 'localhost'
04-Mar-2024 18:08:26.111 INFO [http-nio-8080-exec-115] org.apache.catalina.core.ApplicationContext.log Manager: list: Listing contexts for virtual host 'localhost'
04-Mar-2024 18:08:44.441 INFO [http-nio-8080-exec-111] org.apache.catalina.core.ApplicationContext.log Manager: list: Listing contexts for virtual host 'localhost'
04-Mar-2024 18:08:52.439 INFO [http-nio-8080-exec-112] org.apache.catalina.core.ApplicationContext.log Manager: list: Listing contexts for virtual host 'localhost'
04-Mar-2024 18:10:55.577 INFO [http-nio-8080-exec-111] org.apache.catalina.core.ApplicationContext.log Manager: list: Listing contexts for virtual host 'localhost'
04-Mar-2024 18:10:55.584 INFO [http-nio-8080-exec-113] org.apache.catalina.core.ApplicationContext.log Manager: restart: Reloading web application '/GestionDeUnaBiblioteca'
04-Mar-2024 18:12:40.988 INFO [http-nio-8080-exec-119] org.apache.catalina.core.ApplicationContext.log Manager: list: Listing contexts for virtual host 'localhost'
04-Mar-2024 18:12:40.994 INFO [http-nio-8080-exec-118] org.apache.catalina.core.ApplicationContext.log Manager: restart: Reloading web application '/GestionDeUnaBiblioteca'
04-Mar-2024 18:13:26.484 INFO [http-nio-8080-exec-115] org.apache.catalina.core.ApplicationContext.log Manager: list: Listing contexts for virtual host 'localhost'
04-Mar-2024 18:13:26.490 INFO [http-nio-8080-exec-114] org.apache.catalina.core.ApplicationContext.log Manager: restart: Reloading web application '/GestionDeUnaBiblioteca'
04-Mar-2024 18:15:47.338 INFO [http-nio-8080-exec-130] org.apache.catalina.core.ApplicationContext.log Manager: list: Listing contexts for virtual host 'localhost'
04-Mar-2024 18:17:43.710 INFO [http-nio-8080-exec-129] org.apache.catalina.core.ApplicationContext.log Manager: list: Listing contexts for virtual host 'localhost'
04-Mar-2024 18:18:27.068 INFO [http-nio-8080-exec-127] org.apache.catalina.core.ApplicationContext.log Manager: list: Listing contexts for virtual host 'localhost'
04-Mar-2024 18:18:27.075 INFO [http-nio-8080-exec-128] org.apache.catalina.core.ApplicationContext.log Manager: restart: Reloading web application '/GestionDeUnaBiblioteca'
04-Mar-2024 18:19:03.499 INFO [http-nio-8080-exec-135] org.apache.catalina.core.ApplicationContext.log Manager: list: Listing contexts for virtual host 'localhost'
04-Mar-2024 18:19:03.505 INFO [http-nio-8080-exec-137] org.apache.catalina.core.ApplicationContext.log Manager: restart: Reloading web application '/GestionDeUnaBiblioteca'
04-Mar-2024 18:19:39.604 INFO [http-nio-8080-exec-141] org.apache.catalina.core.ApplicationContext.log Manager: list: Listing contexts for virtual host 'localhost'
04-Mar-2024 18:19:39.609 INFO [http-nio-8080-exec-150] org.apache.catalina.core.ApplicationContext.log Manager: restart: Reloading web application '/GestionDeUnaBiblioteca'
04-Mar-2024 18:20:23.179 INFO [http-nio-8080-exec-145] org.apache.catalina.core.ApplicationContext.log Manager: list: Listing contexts for virtual host 'localhost'
04-Mar-2024 18:20:23.194 INFO [http-nio-8080-exec-148] org.apache.catalina.core.ApplicationContext.log Manager: restart: Reloading web application '/GestionDeUnaBiblioteca'
04-Mar-2024 18:20:37.270 INFO [http-nio-8080-exec-145] org.apache.catalina.core.ApplicationContext.log Manager: list: Listing contexts for virtual host 'localhost'
04-Mar-2024 18:32:51.764 INFO [http-nio-8080-exec-162] org.apache.catalina.core.ApplicationContext.log Manager: list: Listing contexts for virtual host 'localhost'
04-Mar-2024 18:33:54.574 INFO [http-nio-8080-exec-158] org.apache.catalina.core.ApplicationContext.log Manager: list: Listing contexts for virtual host 'localhost'
04-Mar-2024 18:33:54.584 INFO [http-nio-8080-exec-166] org.apache.catalina.core.ApplicationContext.log Manager: restart: Reloading web application '/GestionDeUnaBiblioteca'
04-Mar-2024 18:33:56.874 INFO [http-nio-8080-exec-159] org.apache.catalina.core.ApplicationContext.log Manager: list: Listing contexts for virtual host 'localhost'
04-Mar-2024 18:33:56.902 INFO [http-nio-8080-exec-163] org.apache.catalina.core.ApplicationContext.log Manager: restart: Reloading web application '/GestionDeUnaBiblioteca'
04-Mar-2024 18:34:11.453 INFO [http-nio-8080-exec-161] org.apache.catalina.core.ApplicationContext.log Manager: list: Listing contexts for virtual host 'localhost'
04-Mar-2024 18:34:11.458 INFO [http-nio-8080-exec-160] org.apache.catalina.core.ApplicationContext.log Manager: restart: Reloading web application '/GestionDeUnaBiblioteca'
04-Mar-2024 18:34:31.010 INFO [http-nio-8080-exec-162] org.apache.catalina.core.ApplicationContext.log Manager: list: Listing contexts for virtual host 'localhost'
04-Mar-2024 18:34:31.017 INFO [http-nio-8080-exec-168] org.apache.catalina.core.ApplicationContext.log Manager: restart: Reloading web application '/GestionDeUnaBiblioteca'
04-Mar-2024 18:35:50.424 INFO [http-nio-8080-exec-175] org.apache.catalina.core.ApplicationContext.log Manager: list: Listing contexts for virtual host 'localhost'
04-Mar-2024 18:35:50.431 INFO [http-nio-8080-exec-158] org.apache.catalina.core.ApplicationContext.log Manager: restart: Reloading web application '/GestionDeUnaBiblioteca'
04-Mar-2024 18:36:01.532 INFO [http-nio-8080-exec-164] org.apache.catalina.core.ApplicationContext.log Manager: list: Listing contexts for virtual host 'localhost'
04-Mar-2024 18:36:01.849 INFO [http-nio-8080-exec-176] org.apache.catalina.core.ApplicationContext.log Manager: list: Listing contexts for virtual host 'localhost'
04-Mar-2024 18:36:12.796 INFO [http-nio-8080-exec-178] org.apache.catalina.core.ApplicationContext.log Manager: list: Listing contexts for virtual host 'localhost'
04-Mar-2024 18:37:27.612 INFO [http-nio-8080-exec-176] org.apache.catalina.core.ApplicationContext.log Manager: list: Listing contexts for virtual host 'localhost'
04-Mar-2024 18:37:27.621 INFO [http-nio-8080-exec-180] org.apache.catalina.core.ApplicationContext.log Manager: restart: Reloading web application '/GestionDeUnaBiblioteca'
04-Mar-2024 18:39:04.703 INFO [http-nio-8080-exec-184] org.apache.catalina.core.ApplicationContext.log Manager: list: Listing contexts for virtual host 'localhost'
04-Mar-2024 18:39:04.709 INFO [http-nio-8080-exec-170] org.apache.catalina.core.ApplicationContext.log Manager: restart: Reloading web application '/GestionDeUnaBiblioteca'
04-Mar-2024 18:39:57.145 INFO [http-nio-8080-exec-182] org.apache.catalina.core.ApplicationContext.log Manager: list: Listing contexts for virtual host 'localhost'
04-Mar-2024 18:39:57.150 INFO [http-nio-8080-exec-162] org.apache.catalina.core.ApplicationContext.log Manager: restart: Reloading web application '/GestionDeUnaBiblioteca'
04-Mar-2024 18:41:18.271 INFO [http-nio-8080-exec-182] org.apache.catalina.core.ApplicationContext.log Manager: list: Listing contexts for virtual host 'localhost'
04-Mar-2024 18:41:18.277 INFO [http-nio-8080-exec-177] org.apache.catalina.core.ApplicationContext.log Manager: restart: Reloading web application '/GestionDeUnaBiblioteca'
04-Mar-2024 18:41:20.508 INFO [http-nio-8080-exec-187] org.apache.catalina.core.ApplicationContext.log Manager: list: Listing contexts for virtual host 'localhost'
04-Mar-2024 18:41:20.535 INFO [http-nio-8080-exec-184] org.apache.catalina.core.ApplicationContext.log Manager: restart: Reloading web application '/GestionDeUnaBiblioteca'
04-Mar-2024 18:41:48.698 INFO [http-nio-8080-exec-185] org.apache.catalina.core.ApplicationContext.log Manager: list: Listing contexts for virtual host 'localhost'
04-Mar-2024 18:41:48.704 INFO [http-nio-8080-exec-191] org.apache.catalina.core.ApplicationContext.log Manager: restart: Reloading web application '/GestionDeUnaBiblioteca'
04-Mar-2024 18:42:18.387 INFO [http-nio-8080-exec-188] org.apache.catalina.core.ApplicationContext.log Manager: list: Listing contexts for virtual host 'localhost'
04-Mar-2024 18:42:18.393 INFO [http-nio-8080-exec-190] org.apache.catalina.core.ApplicationContext.log Manager: restart: Reloading web application '/GestionDeUnaBiblioteca'
04-Mar-2024 18:42:51.486 INFO [http-nio-8080-exec-193] org.apache.catalina.core.ApplicationContext.log Manager: list: Listing contexts for virtual host 'localhost'
04-Mar-2024 18:42:51.494 INFO [http-nio-8080-exec-192] org.apache.catalina.core.ApplicationContext.log Manager: restart: Reloading web application '/GestionDeUnaBiblioteca'
04-Mar-2024 18:44:05.477 INFO [http-nio-8080-exec-196] org.apache.catalina.core.ApplicationContext.log Manager: list: Listing contexts for virtual host 'localhost'
04-Mar-2024 18:44:05.483 INFO [http-nio-8080-exec-187] org.apache.catalina.core.ApplicationContext.log Manager: restart: Reloading web application '/GestionDeUnaBiblioteca'
04-Mar-2024 18:47:05.717 INFO [http-nio-8080-exec-205] org.apache.catalina.core.ApplicationContext.log Manager: list: Listing contexts for virtual host 'localhost'
04-Mar-2024 18:47:17.769 INFO [http-nio-8080-exec-207] org.apache.catalina.core.ApplicationContext.log Manager: list: Listing contexts for virtual host 'localhost'
04-Mar-2024 18:47:31.267 INFO [http-nio-8080-exec-199] org.apache.catalina.core.ApplicationContext.log Manager: list: Listing contexts for virtual host 'localhost'
04-Mar-2024 18:47:47.968 INFO [http-nio-8080-exec-204] org.apache.catalina.core.ApplicationContext.log Manager: list: Listing contexts for virtual host 'localhost'
04-Mar-2024 18:48:32.125 INFO [http-nio-8080-exec-205] org.apache.catalina.core.ApplicationContext.log Manager: list: Listing contexts for virtual host 'localhost'
04-Mar-2024 18:48:45.362 INFO [http-nio-8080-exec-208] org.apache.catalina.core.ApplicationContext.log Manager: list: Listing contexts for virtual host 'localhost'
04-Mar-2024 18:49:19.031 INFO [http-nio-8080-exec-206] org.apache.catalina.core.ApplicationContext.log Manager: list: Listing contexts for virtual host 'localhost'
04-Mar-2024 18:53:30.704 INFO [http-nio-8080-exec-207] org.apache.catalina.core.ApplicationContext.log Manager: list: Listing contexts for virtual host 'localhost'
04-Mar-2024 18:53:30.711 INFO [http-nio-8080-exec-205] org.apache.catalina.core.ApplicationContext.log Manager: restart: Reloading web application '/GestionDeUnaBiblioteca'
04-Mar-2024 18:53:50.394 INFO [http-nio-8080-exec-204] org.apache.catalina.core.ApplicationContext.log Manager: list: Listing contexts for virtual host 'localhost'
04-Mar-2024 18:53:50.399 INFO [http-nio-8080-exec-203] org.apache.catalina.core.ApplicationContext.log Manager: restart: Reloading web application '/GestionDeUnaBiblioteca'
04-Mar-2024 18:54:19.818 INFO [http-nio-8080-exec-214] org.apache.catalina.core.ApplicationContext.log Manager: list: Listing contexts for virtual host 'localhost'
04-Mar-2024 18:55:22.381 INFO [http-nio-8080-exec-214] org.apache.catalina.core.ApplicationContext.log Manager: list: Listing contexts for virtual host 'localhost'
04-Mar-2024 18:56:02.419 INFO [http-nio-8080-exec-221] org.apache.catalina.core.ApplicationContext.log Manager: list: Listing contexts for virtual host 'localhost'
04-Mar-2024 18:56:02.428 INFO [http-nio-8080-exec-216] org.apache.catalina.core.ApplicationContext.log Manager: restart: Reloading web application '/GestionDeUnaBiblioteca'
04-Mar-2024 18:56:04.631 INFO [http-nio-8080-exec-217] org.apache.catalina.core.ApplicationContext.log Manager: list: Listing contexts for virtual host 'localhost'
04-Mar-2024 18:56:04.659 INFO [http-nio-8080-exec-218] org.apache.catalina.core.ApplicationContext.log Manager: restart: Reloading web application '/GestionDeUnaBiblioteca'
04-Mar-2024 18:58:54.904 INFO [http-nio-8080-exec-215] org.apache.catalina.core.ApplicationContext.log Manager: list: Listing contexts for virtual host 'localhost'
04-Mar-2024 18:58:54.910 INFO [http-nio-8080-exec-229] org.apache.catalina.core.ApplicationContext.log Manager: restart: Reloading web application '/GestionDeUnaBiblioteca'
04-Mar-2024 18:59:02.241 INFO [http-nio-8080-exec-225] org.apache.catalina.core.ApplicationContext.log Manager: list: Listing contexts for virtual host 'localhost'
04-Mar-2024 18:59:02.247 INFO [http-nio-8080-exec-228] org.apache.catalina.core.ApplicationContext.log Manager: restart: Reloading web application '/GestionDeUnaBiblioteca'
04-Mar-2024 18:59:10.029 INFO [http-nio-8080-exec-231] org.apache.catalina.core.ApplicationContext.log Manager: list: Listing contexts for virtual host 'localhost'
04-Mar-2024 18:59:10.035 INFO [http-nio-8080-exec-224] org.apache.catalina.core.ApplicationContext.log Manager: restart: Reloading web application '/GestionDeUnaBiblioteca'
04-Mar-2024 19:02:28.940 INFO [http-nio-8080-exec-237] org.apache.catalina.core.ApplicationContext.log Manager: list: Listing contexts for virtual host 'localhost'
04-Mar-2024 19:02:28.946 INFO [http-nio-8080-exec-236] org.apache.catalina.core.ApplicationContext.log Manager: restart: Reloading web application '/GestionDeUnaBiblioteca'
04-Mar-2024 19:03:27.762 INFO [http-nio-8080-exec-237] org.apache.catalina.core.ApplicationContext.log Manager: list: Listing contexts for virtual host 'localhost'
04-Mar-2024 19:03:27.769 INFO [http-nio-8080-exec-234] org.apache.catalina.core.ApplicationContext.log Manager: restart: Reloading web application '/GestionDeUnaBiblioteca'
04-Mar-2024 19:03:43.331 INFO [http-nio-8080-exec-239] org.apache.catalina.core.ApplicationContext.log Manager: list: Listing contexts for virtual host 'localhost'
04-Mar-2024 19:03:43.650 INFO [http-nio-8080-exec-242] org.apache.catalina.core.ApplicationContext.log Manager: list: Listing contexts for virtual host 'localhost'
04-Mar-2024 19:04:56.184 INFO [http-nio-8080-exec-240] org.apache.catalina.core.ApplicationContext.log Manager: list: Listing contexts for virtual host 'localhost'
04-Mar-2024 19:07:07.055 INFO [http-nio-8080-exec-247] org.apache.catalina.core.ApplicationContext.log Manager: list: Listing contexts for virtual host 'localhost'
04-Mar-2024 19:07:07.061 INFO [http-nio-8080-exec-244] org.apache.catalina.core.ApplicationContext.log Manager: restart: Reloading web application '/GestionDeUnaBiblioteca'
04-Mar-2024 19:07:09.265 INFO [http-nio-8080-exec-237] org.apache.catalina.core.ApplicationContext.log Manager: list: Listing contexts for virtual host 'localhost'
04-Mar-2024 19:07:09.303 INFO [http-nio-8080-exec-242] org.apache.catalina.core.ApplicationContext.log Manager: restart: Reloading web application '/GestionDeUnaBiblioteca'
04-Mar-2024 19:07:43.503 INFO [http-nio-8080-exec-249] org.apache.catalina.core.ApplicationContext.log Manager: list: Listing contexts for virtual host 'localhost'
04-Mar-2024 19:07:43.509 INFO [http-nio-8080-exec-248] org.apache.catalina.core.ApplicationContext.log Manager: restart: Reloading web application '/GestionDeUnaBiblioteca'
04-Mar-2024 19:08:02.280 INFO [http-nio-8080-exec-249] org.apache.catalina.core.ApplicationContext.log Manager: list: Listing contexts for virtual host 'localhost'
04-Mar-2024 19:08:02.287 INFO [http-nio-8080-exec-239] org.apache.catalina.core.ApplicationContext.log Manager: restart: Reloading web application '/GestionDeUnaBiblioteca'
04-Mar-2024 19:44:57.233 INFO [http-nio-8080-exec-258] org.apache.catalina.core.ApplicationContext.log Manager: list: Listing contexts for virtual host 'localhost'
04-Mar-2024 19:44:57.239 INFO [http-nio-8080-exec-259] org.apache.catalina.core.ApplicationContext.log Manager: restart: Reloading web application '/GestionDeUnaBiblioteca'
04-Mar-2024 19:44:57.587 INFO [http-nio-8080-exec-260] org.apache.catalina.core.ApplicationContext.log Manager: list: Listing contexts for virtual host 'localhost'
04-Mar-2024 19:44:57.589 INFO [http-nio-8080-exec-265] org.apache.catalina.core.ApplicationContext.log Manager: list: Listing contexts for virtual host 'localhost'
04-Mar-2024 19:46:48.298 INFO [http-nio-8080-exec-267] org.apache.catalina.core.ApplicationContext.log Manager: list: Listing contexts for virtual host 'localhost'
04-Mar-2024 19:46:48.315 INFO [http-nio-8080-exec-271] org.apache.catalina.core.ApplicationContext.log Manager: restart: Reloading web application '/GestionDeUnaBiblioteca'
04-Mar-2024 19:48:05.392 INFO [http-nio-8080-exec-268] org.apache.catalina.core.ApplicationContext.log Manager: list: Listing contexts for virtual host 'localhost'
04-Mar-2024 19:48:05.402 INFO [http-nio-8080-exec-272] org.apache.catalina.core.ApplicationContext.log Manager: restart: Reloading web application '/GestionDeUnaBiblioteca'
04-Mar-2024 19:48:38.897 INFO [http-nio-8080-exec-278] org.apache.catalina.core.ApplicationContext.log Manager: list: Listing contexts for virtual host 'localhost'
04-Mar-2024 19:48:38.903 INFO [http-nio-8080-exec-273] org.apache.catalina.core.ApplicationContext.log Manager: restart: Reloading web application '/GestionDeUnaBiblioteca'
04-Mar-2024 19:49:40.080 INFO [http-nio-8080-exec-275] org.apache.catalina.core.ApplicationContext.log Manager: list: Listing contexts for virtual host 'localhost'
04-Mar-2024 19:49:40.087 INFO [http-nio-8080-exec-266] org.apache.catalina.core.ApplicationContext.log Manager: restart: Reloading web application '/GestionDeUnaBiblioteca'
04-Mar-2024 19:50:03.368 INFO [http-nio-8080-exec-280] org.apache.catalina.core.ApplicationContext.log Manager: list: Listing contexts for virtual host 'localhost'
04-Mar-2024 19:50:03.375 INFO [http-nio-8080-exec-277] org.apache.catalina.core.ApplicationContext.log Manager: restart: Reloading web application '/GestionDeUnaBiblioteca'
04-Mar-2024 19:50:28.586 INFO [http-nio-8080-exec-283] org.apache.catalina.core.ApplicationContext.log Manager: list: Listing contexts for virtual host 'localhost'
04-Mar-2024 19:50:28.592 INFO [http-nio-8080-exec-280] org.apache.catalina.core.ApplicationContext.log Manager: restart: Reloading web application '/GestionDeUnaBiblioteca'
04-Mar-2024 19:50:57.092 INFO [http-nio-8080-exec-284] org.apache.catalina.core.ApplicationContext.log Manager: list: Listing contexts for virtual host 'localhost'
04-Mar-2024 19:50:57.098 INFO [http-nio-8080-exec-287] org.apache.catalina.core.ApplicationContext.log Manager: restart: Reloading web application '/GestionDeUnaBiblioteca'
04-Mar-2024 19:51:37.886 INFO [http-nio-8080-exec-286] org.apache.catalina.core.ApplicationContext.log Manager: list: Listing contexts for virtual host 'localhost'
04-Mar-2024 19:51:37.893 INFO [http-nio-8080-exec-284] org.apache.catalina.core.ApplicationContext.log Manager: restart: Reloading web application '/GestionDeUnaBiblioteca'
04-Mar-2024 19:52:19.759 INFO [http-nio-8080-exec-275] org.apache.catalina.core.ApplicationContext.log Manager: list: Listing contexts for virtual host 'localhost'
04-Mar-2024 19:57:56.540 INFO [http-nio-8080-exec-296] org.apache.catalina.core.ApplicationContext.log Manager: list: Listing contexts for virtual host 'localhost'
04-Mar-2024 19:58:15.857 INFO [http-nio-8080-exec-299] org.apache.catalina.core.ApplicationContext.log Manager: list: Listing contexts for virtual host 'localhost'
04-Mar-2024 19:58:46.115 INFO [http-nio-8080-exec-300] org.apache.catalina.core.ApplicationContext.log Manager: list: Listing contexts for virtual host 'localhost'
04-Mar-2024 19:59:01.278 INFO [http-nio-8080-exec-295] org.apache.catalina.core.ApplicationContext.log Manager: list: Listing contexts for virtual host 'localhost'
04-Mar-2024 19:59:41.626 INFO [http-nio-8080-exec-299] org.apache.catalina.core.ApplicationContext.log Manager: list: Listing contexts for virtual host 'localhost'
04-Mar-2024 19:59:41.632 INFO [http-nio-8080-exec-293] org.apache.catalina.core.ApplicationContext.log Manager: restart: Reloading web application '/GestionDeUnaBiblioteca'
04-Mar-2024 20:00:46.943 INFO [http-nio-8080-exec-297] org.apache.catalina.core.ApplicationContext.log Manager: list: Listing contexts for virtual host 'localhost'
04-Mar-2024 20:02:10.871 INFO [http-nio-8080-exec-304] org.apache.catalina.core.ApplicationContext.log Manager: list: Listing contexts for virtual host 'localhost'
04-Mar-2024 20:03:00.055 INFO [http-nio-8080-exec-303] org.apache.catalina.core.ApplicationContext.log Manager: list: Listing contexts for virtual host 'localhost'
04-Mar-2024 20:03:00.065 INFO [http-nio-8080-exec-298] org.apache.catalina.core.ApplicationContext.log Manager: restart: Reloading web application '/GestionDeUnaBiblioteca'
04-Mar-2024 20:09:00.972 INFO [http-nio-8080-exec-313] org.apache.catalina.core.ApplicationContext.log Manager: list: Listing contexts for virtual host 'localhost'
04-Mar-2024 20:09:00.990 INFO [http-nio-8080-exec-312] org.apache.catalina.core.ApplicationContext.log Manager: restart: Reloading web application '/GestionDeUnaBiblioteca'
04-Mar-2024 20:09:03.178 INFO [http-nio-8080-exec-316] org.apache.catalina.core.ApplicationContext.log Manager: list: Listing contexts for virtual host 'localhost'
04-Mar-2024 20:09:03.184 INFO [http-nio-8080-exec-310] org.apache.catalina.core.ApplicationContext.log Manager: restart: Reloading web application '/GestionDeUnaBiblioteca'
04-Mar-2024 20:09:18.776 INFO [http-nio-8080-exec-313] org.apache.catalina.core.ApplicationContext.log Manager: list: Listing contexts for virtual host 'localhost'
04-Mar-2024 20:09:18.782 INFO [http-nio-8080-exec-311] org.apache.catalina.core.ApplicationContext.log Manager: restart: Reloading web application '/GestionDeUnaBiblioteca'
04-Mar-2024 20:09:25.868 INFO [http-nio-8080-exec-315] org.apache.catalina.core.ApplicationContext.log Manager: list: Listing contexts for virtual host 'localhost'
04-Mar-2024 20:09:25.934 INFO [http-nio-8080-exec-323] org.apache.catalina.core.ApplicationContext.log Manager: list: Listing contexts for virtual host 'localhost'
04-Mar-2024 20:09:26.701 INFO [http-nio-8080-exec-316] org.apache.catalina.core.ApplicationContext.log Manager: list: Listing contexts for virtual host 'localhost'
04-Mar-2024 20:09:26.706 INFO [http-nio-8080-exec-321] org.apache.catalina.core.ApplicationContext.log Manager: restart: Reloading web application '/GestionDeUnaBiblioteca'
04-Mar-2024 20:09:41.111 INFO [http-nio-8080-exec-319] org.apache.catalina.core.ApplicationContext.log Manager: list: Listing contexts for virtual host 'localhost'
04-Mar-2024 20:09:41.117 INFO [http-nio-8080-exec-313] org.apache.catalina.core.ApplicationContext.log Manager: restart: Reloading web application '/GestionDeUnaBiblioteca'
04-Mar-2024 20:10:37.593 INFO [http-nio-8080-exec-323] org.apache.catalina.core.ApplicationContext.log Manager: list: Listing contexts for virtual host 'localhost'
04-Mar-2024 20:10:37.599 INFO [http-nio-8080-exec-316] org.apache.catalina.core.ApplicationContext.log Manager: restart: Reloading web application '/GestionDeUnaBiblioteca'
04-Mar-2024 20:10:44.247 INFO [http-nio-8080-exec-322] org.apache.catalina.core.ApplicationContext.log Manager: list: Listing contexts for virtual host 'localhost'
04-Mar-2024 20:10:44.252 INFO [http-nio-8080-exec-323] org.apache.catalina.core.ApplicationContext.log Manager: restart: Reloading web application '/GestionDeUnaBiblioteca'
04-Mar-2024 20:11:42.470 INFO [http-nio-8080-exec-325] org.apache.catalina.core.ApplicationContext.log Manager: list: Listing contexts for virtual host 'localhost'
04-Mar-2024 20:11:42.475 INFO [http-nio-8080-exec-315] org.apache.catalina.core.ApplicationContext.log Manager: restart: Reloading web application '/GestionDeUnaBiblioteca'
04-Mar-2024 20:11:52.651 INFO [http-nio-8080-exec-322] org.apache.catalina.core.ApplicationContext.log Manager: list: Listing contexts for virtual host 'localhost'
04-Mar-2024 20:11:52.657 INFO [http-nio-8080-exec-325] org.apache.catalina.core.ApplicationContext.log Manager: restart: Reloading web application '/GestionDeUnaBiblioteca'
04-Mar-2024 20:12:01.808 INFO [http-nio-8080-exec-329] org.apache.catalina.core.ApplicationContext.log Manager: list: Listing contexts for virtual host 'localhost'
04-Mar-2024 20:12:01.815 INFO [http-nio-8080-exec-332] org.apache.catalina.core.ApplicationContext.log Manager: restart: Reloading web application '/GestionDeUnaBiblioteca'
04-Mar-2024 20:12:22.245 INFO [http-nio-8080-exec-335] org.apache.catalina.core.ApplicationContext.log Manager: list: Listing contexts for virtual host 'localhost'
04-Mar-2024 20:12:22.250 INFO [http-nio-8080-exec-334] org.apache.catalina.core.ApplicationContext.log Manager: restart: Reloading web application '/GestionDeUnaBiblioteca'
04-Mar-2024 20:12:38.917 INFO [http-nio-8080-exec-331] org.apache.catalina.core.ApplicationContext.log Manager: list: Listing contexts for virtual host 'localhost'
04-Mar-2024 20:12:38.932 INFO [http-nio-8080-exec-333] org.apache.catalina.core.ApplicationContext.log Manager: restart: Reloading web application '/GestionDeUnaBiblioteca'
04-Mar-2024 20:12:45.464 INFO [http-nio-8080-exec-329] org.apache.catalina.core.ApplicationContext.log Manager: list: Listing contexts for virtual host 'localhost'
04-Mar-2024 20:12:45.470 INFO [http-nio-8080-exec-340] org.apache.catalina.core.ApplicationContext.log Manager: restart: Reloading web application '/GestionDeUnaBiblioteca'
04-Mar-2024 20:13:26.223 INFO [http-nio-8080-exec-336] org.apache.catalina.core.ApplicationContext.log Manager: list: Listing contexts for virtual host 'localhost'
04-Mar-2024 20:13:26.229 INFO [http-nio-8080-exec-331] org.apache.catalina.core.ApplicationContext.log Manager: restart: Reloading web application '/GestionDeUnaBiblioteca'
04-Mar-2024 20:15:40.219 INFO [http-nio-8080-exec-347] org.apache.catalina.core.ApplicationContext.log Manager: list: Listing contexts for virtual host 'localhost'
04-Mar-2024 20:17:39.834 INFO [http-nio-8080-exec-347] org.apache.catalina.core.ApplicationContext.log Manager: list: Listing contexts for virtual host 'localhost'
04-Mar-2024 20:18:17.633 INFO [http-nio-8080-exec-345] org.apache.catalina.core.ApplicationContext.log Manager: list: Listing contexts for virtual host 'localhost'
04-Mar-2024 20:19:42.433 INFO [http-nio-8080-exec-352] org.apache.catalina.core.ApplicationContext.log Manager: list: Listing contexts for virtual host 'localhost'
04-Mar-2024 20:21:53.847 INFO [http-nio-8080-exec-354] org.apache.catalina.core.ApplicationContext.log Manager: list: Listing contexts for virtual host 'localhost'
04-Mar-2024 20:23:04.015 INFO [http-nio-8080-exec-347] org.apache.catalina.core.ApplicationContext.log Manager: list: Listing contexts for virtual host 'localhost'
04-Mar-2024 20:23:20.234 INFO [http-nio-8080-exec-346] org.apache.catalina.core.ApplicationContext.log Manager: list: Listing contexts for virtual host 'localhost'
04-Mar-2024 20:24:09.315 INFO [http-nio-8080-exec-354] org.apache.catalina.core.ApplicationContext.log Manager: list: Listing contexts for virtual host 'localhost'
04-Mar-2024 20:24:30.080 INFO [http-nio-8080-exec-345] org.apache.catalina.core.ApplicationContext.log Manager: list: Listing contexts for virtual host 'localhost'
04-Mar-2024 20:26:08.672 INFO [http-nio-8080-exec-352] org.apache.catalina.core.ApplicationContext.log Manager: list: Listing contexts for virtual host 'localhost'
04-Mar-2024 20:26:08.677 INFO [http-nio-8080-exec-348] org.apache.catalina.core.ApplicationContext.log Manager: restart: Reloading web application '/GestionDeUnaBiblioteca'
04-Mar-2024 20:26:10.871 INFO [http-nio-8080-exec-346] org.apache.catalina.core.ApplicationContext.log Manager: list: Listing contexts for virtual host 'localhost'
04-Mar-2024 20:26:10.908 INFO [http-nio-8080-exec-353] org.apache.catalina.core.ApplicationContext.log Manager: restart: Reloading web application '/GestionDeUnaBiblioteca'
04-Mar-2024 20:26:17.918 INFO [http-nio-8080-exec-347] org.apache.catalina.core.ApplicationContext.log Manager: list: Listing contexts for virtual host 'localhost'
04-Mar-2024 20:26:17.923 INFO [http-nio-8080-exec-352] org.apache.catalina.core.ApplicationContext.log Manager: restart: Reloading web application '/GestionDeUnaBiblioteca'
04-Mar-2024 20:29:07.263 INFO [http-nio-8080-exec-360] org.apache.catalina.core.ApplicationContext.log Manager: list: Listing contexts for virtual host 'localhost'
04-Mar-2024 20:29:07.270 INFO [http-nio-8080-exec-363] org.apache.catalina.core.ApplicationContext.log Manager: restart: Reloading web application '/GestionDeUnaBiblioteca'
04-Mar-2024 20:29:09.539 INFO [http-nio-8080-exec-345] org.apache.catalina.core.ApplicationContext.log Manager: list: Listing contexts for virtual host 'localhost'
04-Mar-2024 20:29:09.566 INFO [http-nio-8080-exec-360] org.apache.catalina.core.ApplicationContext.log Manager: restart: Reloading web application '/GestionDeUnaBiblioteca'
04-Mar-2024 20:29:28.631 INFO [http-nio-8080-exec-361] org.apache.catalina.core.ApplicationContext.log Manager: list: Listing contexts for virtual host 'localhost'
04-Mar-2024 20:29:28.636 INFO [http-nio-8080-exec-362] org.apache.catalina.core.ApplicationContext.log Manager: restart: Reloading web application '/GestionDeUnaBiblioteca'
04-Mar-2024 20:30:58.358 INFO [http-nio-8080-exec-366] org.apache.catalina.core.ApplicationContext.log Manager: list: Listing contexts for virtual host 'localhost'
04-Mar-2024 20:30:58.368 INFO [http-nio-8080-exec-361] org.apache.catalina.core.ApplicationContext.log Manager: restart: Reloading web application '/GestionDeUnaBiblioteca'
04-Mar-2024 20:31:00.603 INFO [http-nio-8080-exec-370] org.apache.catalina.core.ApplicationContext.log Manager: list: Listing contexts for virtual host 'localhost'
04-Mar-2024 20:31:00.611 INFO [http-nio-8080-exec-366] org.apache.catalina.core.ApplicationContext.log Manager: restart: Reloading web application '/GestionDeUnaBiblioteca'
04-Mar-2024 20:32:50.773 INFO [http-nio-8080-exec-368] org.apache.catalina.core.ApplicationContext.log Manager: list: Listing contexts for virtual host 'localhost'
04-Mar-2024 20:32:50.779 INFO [http-nio-8080-exec-359] org.apache.catalina.core.ApplicationContext.log Manager: restart: Reloading web application '/GestionDeUnaBiblioteca'
04-Mar-2024 20:33:36.053 INFO [http-nio-8080-exec-369] org.apache.catalina.core.ApplicationContext.log Manager: list: Listing contexts for virtual host 'localhost'
04-Mar-2024 20:33:36.059 INFO [http-nio-8080-exec-368] org.apache.catalina.core.ApplicationContext.log Manager: restart: Reloading web application '/GestionDeUnaBiblioteca'
04-Mar-2024 20:33:47.136 INFO [http-nio-8080-exec-372] org.apache.catalina.core.ApplicationContext.log Manager: list: Listing contexts for virtual host 'localhost'
04-Mar-2024 20:33:47.142 INFO [http-nio-8080-exec-369] org.apache.catalina.core.ApplicationContext.log Manager: restart: Reloading web application '/GestionDeUnaBiblioteca'
04-Mar-2024 20:33:53.532 INFO [http-nio-8080-exec-372] org.apache.catalina.core.ApplicationContext.log Manager: list: Listing contexts for virtual host 'localhost'
04-Mar-2024 20:33:53.537 INFO [http-nio-8080-exec-373] org.apache.catalina.core.ApplicationContext.log Manager: restart: Reloading web application '/GestionDeUnaBiblioteca'
04-Mar-2024 20:35:58.414 INFO [http-nio-8080-exec-384] org.apache.catalina.core.ApplicationContext.log Manager: list: Listing contexts for virtual host 'localhost'
04-Mar-2024 20:35:58.420 INFO [http-nio-8080-exec-387] org.apache.catalina.core.ApplicationContext.log Manager: restart: Reloading web application '/GestionDeUnaBiblioteca'
04-Mar-2024 20:36:38.089 INFO [http-nio-8080-exec-377] org.apache.catalina.core.ApplicationContext.log Manager: list: Listing contexts for virtual host 'localhost'
04-Mar-2024 20:36:38.094 INFO [http-nio-8080-exec-383] org.apache.catalina.core.ApplicationContext.log Manager: restart: Reloading web application '/GestionDeUnaBiblioteca'
04-Mar-2024 20:36:59.937 INFO [http-nio-8080-exec-389] org.apache.catalina.core.ApplicationContext.log Manager: list: Listing contexts for virtual host 'localhost'
04-Mar-2024 20:36:59.943 INFO [http-nio-8080-exec-377] org.apache.catalina.core.ApplicationContext.log Manager: restart: Reloading web application '/GestionDeUnaBiblioteca'
04-Mar-2024 20:37:25.124 INFO [http-nio-8080-exec-380] org.apache.catalina.core.ApplicationContext.log Manager: list: Listing contexts for virtual host 'localhost'
04-Mar-2024 20:37:25.130 INFO [http-nio-8080-exec-390] org.apache.catalina.core.ApplicationContext.log Manager: restart: Reloading web application '/GestionDeUnaBiblioteca'
04-Mar-2024 20:37:35.453 INFO [http-nio-8080-exec-389] org.apache.catalina.core.ApplicationContext.log Manager: list: Listing contexts for virtual host 'localhost'
04-Mar-2024 20:37:35.464 INFO [http-nio-8080-exec-372] org.apache.catalina.core.ApplicationContext.log Manager: restart: Reloading web application '/GestionDeUnaBiblioteca'
04-Mar-2024 20:37:48.860 INFO [http-nio-8080-exec-386] org.apache.catalina.core.ApplicationContext.log Manager: list: Listing contexts for virtual host 'localhost'
04-Mar-2024 20:37:48.867 INFO [http-nio-8080-exec-392] org.apache.catalina.core.ApplicationContext.log Manager: restart: Reloading web application '/GestionDeUnaBiblioteca'
04-Mar-2024 20:39:10.405 INFO [http-nio-8080-exec-400] org.apache.catalina.core.ApplicationContext.log Manager: list: Listing contexts for virtual host 'localhost'
04-Mar-2024 20:39:10.410 INFO [http-nio-8080-exec-401] org.apache.catalina.core.ApplicationContext.log Manager: restart: Reloading web application '/GestionDeUnaBiblioteca'
04-Mar-2024 20:39:40.399 INFO [http-nio-8080-exec-398] org.apache.catalina.core.ApplicationContext.log Manager: list: Listing contexts for virtual host 'localhost'
04-Mar-2024 20:39:40.406 INFO [http-nio-8080-exec-395] org.apache.catalina.core.ApplicationContext.log Manager: restart: Reloading web application '/GestionDeUnaBiblioteca'
04-Mar-2024 20:39:53.070 INFO [http-nio-8080-exec-409] org.apache.catalina.core.ApplicationContext.log Manager: list: Listing contexts for virtual host 'localhost'
04-Mar-2024 20:40:34.257 INFO [http-nio-8080-exec-411] org.apache.catalina.core.ApplicationContext.log Manager: list: Listing contexts for virtual host 'localhost'
04-Mar-2024 20:40:34.263 INFO [http-nio-8080-exec-413] org.apache.catalina.core.ApplicationContext.log Manager: restart: Reloading web application '/GestionDeUnaBiblioteca'
04-Mar-2024 20:43:43.301 INFO [http-nio-8080-exec-419] org.apache.catalina.core.ApplicationContext.log Manager: list: Listing contexts for virtual host 'localhost'
04-Mar-2024 20:43:54.632 INFO [http-nio-8080-exec-419] org.apache.catalina.core.ApplicationContext.log Manager: list: Listing contexts for virtual host 'localhost'
04-Mar-2024 20:44:47.725 INFO [http-nio-8080-exec-419] org.apache.catalina.core.ApplicationContext.log Manager: list: Listing contexts for virtual host 'localhost'
04-Mar-2024 20:44:47.728 INFO [http-nio-8080-exec-426] org.apache.catalina.core.ApplicationContext.log Manager: list: Listing contexts for virtual host 'localhost'
04-Mar-2024 20:44:47.783 INFO [http-nio-8080-exec-422] org.apache.catalina.core.ApplicationContext.log Manager: restart: Reloading web application '/GestionDeUnaBiblioteca'
04-Mar-2024 20:46:52.686 INFO [http-nio-8080-exec-429] org.apache.catalina.core.ApplicationContext.log Manager: list: Listing contexts for virtual host 'localhost'
04-Mar-2024 20:46:52.694 INFO [http-nio-8080-exec-430] org.apache.catalina.core.ApplicationContext.log Manager: restart: Reloading web application '/GestionDeUnaBiblioteca'
04-Mar-2024 20:46:55.043 INFO [http-nio-8080-exec-435] org.apache.catalina.core.ApplicationContext.log Manager: list: Listing contexts for virtual host 'localhost'
04-Mar-2024 20:46:55.069 INFO [http-nio-8080-exec-431] org.apache.catalina.core.ApplicationContext.log Manager: restart: Reloading web application '/GestionDeUnaBiblioteca'
04-Mar-2024 20:47:10.955 INFO [http-nio-8080-exec-429] org.apache.catalina.core.ApplicationContext.log Manager: list: Listing contexts for virtual host 'localhost'
04-Mar-2024 20:47:10.961 INFO [http-nio-8080-exec-435] org.apache.catalina.core.ApplicationContext.log Manager: restart: Reloading web application '/GestionDeUnaBiblioteca'
04-Mar-2024 20:47:19.711 INFO [http-nio-8080-exec-429] org.apache.catalina.core.ApplicationContext.log Manager: list: Listing contexts for virtual host 'localhost'
04-Mar-2024 20:47:19.716 INFO [http-nio-8080-exec-434] org.apache.catalina.core.ApplicationContext.log Manager: restart: Reloading web application '/GestionDeUnaBiblioteca'
04-Mar-2024 22:14:29.721 INFO [http-nio-8080-exec-446] org.apache.catalina.core.ApplicationContext.log Manager: list: Listing contexts for virtual host 'localhost'
04-Mar-2024 22:14:29.726 INFO [http-nio-8080-exec-445] org.apache.catalina.core.ApplicationContext.log Manager: restart: Reloading web application '/GestionDeUnaBiblioteca'
04-Mar-2024 22:16:26.716 INFO [http-nio-8080-exec-448] org.apache.catalina.core.ApplicationContext.log Manager: list: Listing contexts for virtual host 'localhost'
04-Mar-2024 22:16:26.718 INFO [http-nio-8080-exec-450] org.apache.catalina.core.ApplicationContext.log Manager: list: Listing contexts for virtual host 'localhost'
04-Mar-2024 22:19:10.755 INFO [http-nio-8080-exec-455] org.apache.catalina.core.ApplicationContext.log Manager: list: Listing contexts for virtual host 'localhost'
04-Mar-2024 22:19:10.762 INFO [http-nio-8080-exec-459] org.apache.catalina.core.ApplicationContext.log Manager: restart: Reloading web application '/GestionDeUnaBiblioteca'
04-Mar-2024 22:20:23.370 INFO [http-nio-8080-exec-471] org.apache.catalina.core.ApplicationContext.log Manager: list: Listing contexts for virtual host 'localhost'
04-Mar-2024 22:20:23.376 INFO [http-nio-8080-exec-468] org.apache.catalina.core.ApplicationContext.log Manager: restart: Reloading web application '/GestionDeUnaBiblioteca'
04-Mar-2024 22:20:32.639 INFO [http-nio-8080-exec-463] org.apache.catalina.core.ApplicationContext.log Manager: list: Listing contexts for virtual host 'localhost'
04-Mar-2024 22:20:32.644 INFO [http-nio-8080-exec-467] org.apache.catalina.core.ApplicationContext.log Manager: restart: Reloading web application '/GestionDeUnaBiblioteca'
04-Mar-2024 22:20:38.626 INFO [http-nio-8080-exec-466] org.apache.catalina.core.ApplicationContext.log Manager: list: Listing contexts for virtual host 'localhost'
04-Mar-2024 22:20:38.636 INFO [http-nio-8080-exec-463] org.apache.catalina.core.ApplicationContext.log Manager: restart: Reloading web application '/GestionDeUnaBiblioteca'
04-Mar-2024 22:20:40.700 INFO [http-nio-8080-exec-466] org.apache.catalina.core.ApplicationContext.log Manager: list: Listing contexts for virtual host 'localhost'
04-Mar-2024 22:20:40.706 INFO [http-nio-8080-exec-465] org.apache.catalina.core.ApplicationContext.log Manager: restart: Reloading web application '/GestionDeUnaBiblioteca'
04-Mar-2024 22:22:59.436 INFO [http-nio-8080-exec-479] org.apache.catalina.core.ApplicationContext.log Manager: list: Listing contexts for virtual host 'localhost'
04-Mar-2024 22:22:59.441 INFO [http-nio-8080-exec-482] org.apache.catalina.core.ApplicationContext.log Manager: restart: Reloading web application '/GestionDeUnaBiblioteca'
04-Mar-2024 22:23:01.620 INFO [http-nio-8080-exec-477] org.apache.catalina.core.ApplicationContext.log Manager: list: Listing contexts for virtual host 'localhost'
04-Mar-2024 22:23:01.632 INFO [http-nio-8080-exec-473] org.apache.catalina.core.ApplicationContext.log Manager: restart: Reloading web application '/GestionDeUnaBiblioteca'
04-Mar-2024 22:23:47.787 INFO [http-nio-8080-exec-483] org.apache.catalina.core.ApplicationContext.log Manager: list: Listing contexts for virtual host 'localhost'
04-Mar-2024 22:23:47.792 INFO [http-nio-8080-exec-464] org.apache.catalina.core.ApplicationContext.log Manager: restart: Reloading web application '/GestionDeUnaBiblioteca'
04-Mar-2024 22:24:01.954 INFO [http-nio-8080-exec-480] org.apache.catalina.core.ApplicationContext.log Manager: list: Listing contexts for virtual host 'localhost'
04-Mar-2024 22:24:01.960 INFO [http-nio-8080-exec-469] org.apache.catalina.core.ApplicationContext.log Manager: restart: Reloading web application '/GestionDeUnaBiblioteca'
04-Mar-2024 22:24:45.910 INFO [http-nio-8080-exec-483] org.apache.catalina.core.ApplicationContext.log Manager: list: Listing contexts for virtual host 'localhost'
04-Mar-2024 22:24:45.916 INFO [http-nio-8080-exec-474] org.apache.catalina.core.ApplicationContext.log Manager: restart: Reloading web application '/GestionDeUnaBiblioteca'
04-Mar-2024 22:25:20.956 INFO [http-nio-8080-exec-489] org.apache.catalina.core.ApplicationContext.log Manager: list: Listing contexts for virtual host 'localhost'
04-Mar-2024 22:25:20.962 INFO [http-nio-8080-exec-486] org.apache.catalina.core.ApplicationContext.log Manager: restart: Reloading web application '/GestionDeUnaBiblioteca'
04-Mar-2024 22:26:36.048 INFO [http-nio-8080-exec-478] org.apache.catalina.core.ApplicationContext.log Manager: list: Listing contexts for virtual host 'localhost'
04-Mar-2024 22:26:36.054 INFO [http-nio-8080-exec-483] org.apache.catalina.core.ApplicationContext.log Manager: restart: Reloading web application '/GestionDeUnaBiblioteca'
04-Mar-2024 22:26:39.893 INFO [http-nio-8080-exec-479] org.apache.catalina.core.ApplicationContext.log Manager: list: Listing contexts for virtual host 'localhost'
04-Mar-2024 22:26:39.899 INFO [http-nio-8080-exec-489] org.apache.catalina.core.ApplicationContext.log Manager: restart: Reloading web application '/GestionDeUnaBiblioteca'
04-Mar-2024 22:27:26.567 INFO [http-nio-8080-exec-478] org.apache.catalina.core.ApplicationContext.log Manager: list: Listing contexts for virtual host 'localhost'
04-Mar-2024 22:27:26.573 INFO [http-nio-8080-exec-492] org.apache.catalina.core.ApplicationContext.log Manager: restart: Reloading web application '/GestionDeUnaBiblioteca'
04-Mar-2024 22:27:44.469 INFO [http-nio-8080-exec-494] org.apache.catalina.core.ApplicationContext.log Manager: list: Listing contexts for virtual host 'localhost'
04-Mar-2024 22:27:44.474 INFO [http-nio-8080-exec-498] org.apache.catalina.core.ApplicationContext.log Manager: restart: Reloading web application '/GestionDeUnaBiblioteca'
04-Mar-2024 22:27:46.707 INFO [http-nio-8080-exec-493] org.apache.catalina.core.ApplicationContext.log Manager: list: Listing contexts for virtual host 'localhost'
04-Mar-2024 22:27:46.716 INFO [http-nio-8080-exec-479] org.apache.catalina.core.ApplicationContext.log Manager: restart: Reloading web application '/GestionDeUnaBiblioteca'
04-Mar-2024 22:28:01.754 INFO [http-nio-8080-exec-500] org.apache.catalina.core.ApplicationContext.log Manager: list: Listing contexts for virtual host 'localhost'
04-Mar-2024 22:28:01.760 INFO [http-nio-8080-exec-502] org.apache.catalina.core.ApplicationContext.log Manager: restart: Reloading web application '/GestionDeUnaBiblioteca'
04-Mar-2024 22:28:10.211 INFO [http-nio-8080-exec-504] org.apache.catalina.core.ApplicationContext.log Manager: list: Listing contexts for virtual host 'localhost'
04-Mar-2024 22:28:10.216 INFO [http-nio-8080-exec-480] org.apache.catalina.core.ApplicationContext.log Manager: restart: Reloading web application '/GestionDeUnaBiblioteca'
04-Mar-2024 22:28:12.469 INFO [http-nio-8080-exec-499] org.apache.catalina.core.ApplicationContext.log Manager: list: Listing contexts for virtual host 'localhost'
04-Mar-2024 22:28:12.512 INFO [http-nio-8080-exec-494] org.apache.catalina.core.ApplicationContext.log Manager: restart: Reloading web application '/GestionDeUnaBiblioteca'
04-Mar-2024 22:28:57.367 INFO [http-nio-8080-exec-503] org.apache.catalina.core.ApplicationContext.log Manager: list: Listing contexts for virtual host 'localhost'
04-Mar-2024 22:28:57.372 INFO [http-nio-8080-exec-500] org.apache.catalina.core.ApplicationContext.log Manager: restart: Reloading web application '/GestionDeUnaBiblioteca'
04-Mar-2024 22:29:05.452 INFO [http-nio-8080-exec-504] org.apache.catalina.core.ApplicationContext.log Manager: list: Listing contexts for virtual host 'localhost'
04-Mar-2024 22:29:05.458 INFO [http-nio-8080-exec-506] org.apache.catalina.core.ApplicationContext.log Manager: restart: Reloading web application '/GestionDeUnaBiblioteca'
04-Mar-2024 22:29:07.731 INFO [http-nio-8080-exec-508] org.apache.catalina.core.ApplicationContext.log Manager: list: Listing contexts for virtual host 'localhost'
04-Mar-2024 22:29:07.738 INFO [http-nio-8080-exec-507] org.apache.catalina.core.ApplicationContext.log Manager: restart: Reloading web application '/GestionDeUnaBiblioteca'
04-Mar-2024 22:30:19.745 INFO [http-nio-8080-exec-504] org.apache.catalina.core.ApplicationContext.log Manager: list: Listing contexts for virtual host 'localhost'
04-Mar-2024 22:30:19.760 INFO [http-nio-8080-exec-503] org.apache.catalina.core.ApplicationContext.log Manager: restart: Reloading web application '/GestionDeUnaBiblioteca'
04-Mar-2024 22:30:24.975 INFO [http-nio-8080-exec-513] org.apache.catalina.core.ApplicationContext.log Manager: list: Listing contexts for virtual host 'localhost'
04-Mar-2024 22:30:24.983 INFO [http-nio-8080-exec-504] org.apache.catalina.core.ApplicationContext.log Manager: restart: Reloading web application '/GestionDeUnaBiblioteca'
04-Mar-2024 22:30:34.133 INFO [http-nio-8080-exec-515] org.apache.catalina.core.ApplicationContext.log Manager: list: Listing contexts for virtual host 'localhost'
04-Mar-2024 22:30:34.141 INFO [http-nio-8080-exec-511] org.apache.catalina.core.ApplicationContext.log Manager: restart: Reloading web application '/GestionDeUnaBiblioteca'
04-Mar-2024 22:30:54.234 INFO [http-nio-8080-exec-513] org.apache.catalina.core.ApplicationContext.log Manager: list: Listing contexts for virtual host 'localhost'
04-Mar-2024 22:30:54.239 INFO [http-nio-8080-exec-517] org.apache.catalina.core.ApplicationContext.log Manager: restart: Reloading web application '/GestionDeUnaBiblioteca'
04-Mar-2024 22:30:56.506 INFO [http-nio-8080-exec-510] org.apache.catalina.core.ApplicationContext.log Manager: list: Listing contexts for virtual host 'localhost'
04-Mar-2024 22:30:56.547 INFO [http-nio-8080-exec-513] org.apache.catalina.core.ApplicationContext.log Manager: restart: Reloading web application '/GestionDeUnaBiblioteca'
04-Mar-2024 22:32:08.981 INFO [http-nio-8080-exec-505] org.apache.catalina.core.ApplicationContext.log Manager: list: Listing contexts for virtual host 'localhost'
04-Mar-2024 22:32:08.986 INFO [http-nio-8080-exec-522] org.apache.catalina.core.ApplicationContext.log Manager: restart: Reloading web application '/GestionDeUnaBiblioteca'
04-Mar-2024 22:32:22.351 INFO [http-nio-8080-exec-521] org.apache.catalina.core.ApplicationContext.log Manager: list: Listing contexts for virtual host 'localhost'
04-Mar-2024 22:32:22.357 INFO [http-nio-8080-exec-505] org.apache.catalina.core.ApplicationContext.log Manager: restart: Reloading web application '/GestionDeUnaBiblioteca'
04-Mar-2024 22:33:35.567 INFO [http-nio-8080-exec-527] org.apache.catalina.core.ApplicationContext.log Manager: list: Listing contexts for virtual host 'localhost'
04-Mar-2024 22:33:35.572 INFO [http-nio-8080-exec-528] org.apache.catalina.core.ApplicationContext.log Manager: restart: Reloading web application '/GestionDeUnaBiblioteca'
04-Mar-2024 22:33:37.827 INFO [http-nio-8080-exec-532] org.apache.catalina.core.ApplicationContext.log Manager: list: Listing contexts for virtual host 'localhost'
04-Mar-2024 22:33:37.863 INFO [http-nio-8080-exec-519] org.apache.catalina.core.ApplicationContext.log Manager: restart: Reloading web application '/GestionDeUnaBiblioteca'
04-Mar-2024 22:35:48.295 INFO [http-nio-8080-exec-537] org.apache.catalina.core.ApplicationContext.log Manager: list: Listing contexts for virtual host 'localhost'
04-Mar-2024 22:35:48.301 INFO [http-nio-8080-exec-540] org.apache.catalina.core.ApplicationContext.log Manager: restart: Reloading web application '/GestionDeUnaBiblioteca'
04-Mar-2024 22:36:10.642 INFO [http-nio-8080-exec-536] org.apache.catalina.core.ApplicationContext.log Manager: list: Listing contexts for virtual host 'localhost'
04-Mar-2024 22:36:10.650 INFO [http-nio-8080-exec-539] org.apache.catalina.core.ApplicationContext.log Manager: restart: Reloading web application '/GestionDeUnaBiblioteca'
04-Mar-2024 22:38:37.545 INFO [http-nio-8080-exec-545] org.apache.catalina.core.ApplicationContext.log Manager: list: Listing contexts for virtual host 'localhost'
04-Mar-2024 22:38:37.550 INFO [http-nio-8080-exec-548] org.apache.catalina.core.ApplicationContext.log Manager: restart: Reloading web application '/GestionDeUnaBiblioteca'
04-Mar-2024 22:38:42.795 INFO [http-nio-8080-exec-523] org.apache.catalina.core.ApplicationContext.log Manager: list: Listing contexts for virtual host 'localhost'
04-Mar-2024 22:38:42.801 INFO [http-nio-8080-exec-546] org.apache.catalina.core.ApplicationContext.log Manager: restart: Reloading web application '/GestionDeUnaBiblioteca'
04-Mar-2024 22:46:18.707 INFO [http-nio-8080-exec-553] org.apache.catalina.core.ApplicationContext.log Manager: list: Listing contexts for virtual host 'localhost'
04-Mar-2024 22:46:18.772 INFO [http-nio-8080-exec-556] org.apache.catalina.core.ApplicationContext.log Manager: list: Listing contexts for virtual host 'localhost'
04-Mar-2024 22:46:27.311 INFO [http-nio-8080-exec-554] org.apache.catalina.core.ApplicationContext.log Manager: list: Listing contexts for virtual host 'localhost'
04-Mar-2024 22:46:27.317 INFO [http-nio-8080-exec-553] org.apache.catalina.core.ApplicationContext.log Manager: restart: Reloading web application '/GestionDeUnaBiblioteca'
04-Mar-2024 22:46:30.406 INFO [http-nio-8080-exec-559] org.apache.catalina.core.ApplicationContext.log Manager: list: Listing contexts for virtual host 'localhost'
04-Mar-2024 22:46:30.412 INFO [http-nio-8080-exec-557] org.apache.catalina.core.ApplicationContext.log Manager: restart: Reloading web application '/GestionDeUnaBiblioteca'
04-Mar-2024 22:47:11.794 INFO [http-nio-8080-exec-560] org.apache.catalina.core.ApplicationContext.log Manager: list: Listing contexts for virtual host 'localhost'
04-Mar-2024 22:49:27.476 INFO [http-nio-8080-exec-565] org.apache.catalina.core.ApplicationContext.log Manager: list: Listing contexts for virtual host 'localhost'
04-Mar-2024 22:49:27.490 INFO [http-nio-8080-exec-567] org.apache.catalina.core.ApplicationContext.log Manager: restart: Reloading web application '/GestionDeUnaBiblioteca'
04-Mar-2024 22:52:54.097 INFO [http-nio-8080-exec-571] org.apache.catalina.core.ApplicationContext.log Manager: list: Listing contexts for virtual host 'localhost'
04-Mar-2024 22:52:54.103 INFO [http-nio-8080-exec-570] org.apache.catalina.core.ApplicationContext.log Manager: restart: Reloading web application '/GestionDeUnaBiblioteca'
04-Mar-2024 22:54:28.003 INFO [http-nio-8080-exec-569] org.apache.catalina.core.ApplicationContext.log Manager: list: Listing contexts for virtual host 'localhost'
04-Mar-2024 23:01:27.011 INFO [http-nio-8080-exec-577] org.apache.catalina.core.ApplicationContext.log Manager: list: Listing contexts for virtual host 'localhost'
04-Mar-2024 23:01:27.019 INFO [http-nio-8080-exec-584] org.apache.catalina.core.ApplicationContext.log Manager: restart: Reloading web application '/GestionDeUnaBiblioteca'
04-Mar-2024 23:01:29.353 INFO [http-nio-8080-exec-579] org.apache.catalina.core.ApplicationContext.log Manager: list: Listing contexts for virtual host 'localhost'
04-Mar-2024 23:01:29.359 INFO [http-nio-8080-exec-583] org.apache.catalina.core.ApplicationContext.log Manager: restart: Reloading web application '/GestionDeUnaBiblioteca'
04-Mar-2024 23:02:06.135 INFO [http-nio-8080-exec-576] org.apache.catalina.core.ApplicationContext.log Manager: list: Listing contexts for virtual host 'localhost'
04-Mar-2024 23:02:06.140 INFO [http-nio-8080-exec-582] org.apache.catalina.core.ApplicationContext.log Manager: restart: Reloading web application '/GestionDeUnaBiblioteca'
04-Mar-2024 23:03:38.391 INFO [http-nio-8080-exec-577] org.apache.catalina.core.ApplicationContext.log Manager: list: Listing contexts for virtual host 'localhost'
04-Mar-2024 23:03:38.397 INFO [http-nio-8080-exec-579] org.apache.catalina.core.ApplicationContext.log Manager: restart: Reloading web application '/GestionDeUnaBiblioteca'
04-Mar-2024 23:04:03.398 INFO [http-nio-8080-exec-585] org.apache.catalina.core.ApplicationContext.log Manager: list: Listing contexts for virtual host 'localhost'
04-Mar-2024 23:04:03.408 INFO [http-nio-8080-exec-576] org.apache.catalina.core.ApplicationContext.log Manager: restart: Reloading web application '/GestionDeUnaBiblioteca'
04-Mar-2024 23:04:17.490 INFO [http-nio-8080-exec-592] org.apache.catalina.core.ApplicationContext.log Manager: list: Listing contexts for virtual host 'localhost'
04-Mar-2024 23:04:17.497 INFO [http-nio-8080-exec-594] org.apache.catalina.core.ApplicationContext.log Manager: restart: Reloading web application '/GestionDeUnaBiblioteca'
04-Mar-2024 23:04:36.798 INFO [http-nio-8080-exec-589] org.apache.catalina.core.ApplicationContext.log Manager: list: Listing contexts for virtual host 'localhost'
04-Mar-2024 23:04:36.804 INFO [http-nio-8080-exec-581] org.apache.catalina.core.ApplicationContext.log Manager: restart: Reloading web application '/GestionDeUnaBiblioteca'
04-Mar-2024 23:04:49.851 INFO [http-nio-8080-exec-596] org.apache.catalina.core.ApplicationContext.log Manager: list: Listing contexts for virtual host 'localhost'
04-Mar-2024 23:04:50.170 INFO [http-nio-8080-exec-593] org.apache.catalina.core.ApplicationContext.log Manager: list: Listing contexts for virtual host 'localhost'
04-Mar-2024 23:06:06.649 INFO [http-nio-8080-exec-585] org.apache.catalina.core.ApplicationContext.log Manager: list: Listing contexts for virtual host 'localhost'
04-Mar-2024 23:06:06.654 INFO [http-nio-8080-exec-602] org.apache.catalina.core.ApplicationContext.log Manager: restart: Reloading web application '/GestionDeUnaBiblioteca'
04-Mar-2024 23:06:17.398 INFO [http-nio-8080-exec-595] org.apache.catalina.core.ApplicationContext.log Manager: list: Listing contexts for virtual host 'localhost'
04-Mar-2024 23:06:17.405 INFO [http-nio-8080-exec-599] org.apache.catalina.core.ApplicationContext.log Manager: restart: Reloading web application '/GestionDeUnaBiblioteca'
04-Mar-2024 23:07:17.374 INFO [http-nio-8080-exec-591] org.apache.catalina.core.ApplicationContext.log Manager: list: Listing contexts for virtual host 'localhost'
04-Mar-2024 23:07:17.380 INFO [http-nio-8080-exec-595] org.apache.catalina.core.ApplicationContext.log Manager: restart: Reloading web application '/GestionDeUnaBiblioteca'
04-Mar-2024 23:07:29.799 INFO [http-nio-8080-exec-601] org.apache.catalina.core.ApplicationContext.log Manager: list: Listing contexts for virtual host 'localhost'
04-Mar-2024 23:07:29.805 INFO [http-nio-8080-exec-604] org.apache.catalina.core.ApplicationContext.log Manager: restart: Reloading web application '/GestionDeUnaBiblioteca'
04-Mar-2024 23:08:09.516 INFO [http-nio-8080-exec-606] org.apache.catalina.core.ApplicationContext.log Manager: list: Listing contexts for virtual host 'localhost'
04-Mar-2024 23:08:09.527 INFO [http-nio-8080-exec-600] org.apache.catalina.core.ApplicationContext.log Manager: restart: Reloading web application '/GestionDeUnaBiblioteca'
04-Mar-2024 23:08:11.704 INFO [http-nio-8080-exec-603] org.apache.catalina.core.ApplicationContext.log Manager: list: Listing contexts for virtual host 'localhost'
04-Mar-2024 23:08:11.709 INFO [http-nio-8080-exec-608] org.apache.catalina.core.ApplicationContext.log Manager: restart: Reloading web application '/GestionDeUnaBiblioteca'
04-Mar-2024 23:08:28.208 INFO [http-nio-8080-exec-596] org.apache.catalina.core.ApplicationContext.log Manager: list: Listing contexts for virtual host 'localhost'
04-Mar-2024 23:08:28.215 INFO [http-nio-8080-exec-610] org.apache.catalina.core.ApplicationContext.log Manager: restart: Reloading web application '/GestionDeUnaBiblioteca'
04-Mar-2024 23:08:37.458 INFO [http-nio-8080-exec-596] org.apache.catalina.core.ApplicationContext.log Manager: list: Listing contexts for virtual host 'localhost'
04-Mar-2024 23:08:37.465 INFO [http-nio-8080-exec-591] org.apache.catalina.core.ApplicationContext.log Manager: restart: Reloading web application '/GestionDeUnaBiblioteca'
04-Mar-2024 23:12:08.403 INFO [http-nio-8080-exec-619] org.apache.catalina.core.ApplicationContext.log Manager: list: Listing contexts for virtual host 'localhost'
04-Mar-2024 23:12:08.408 INFO [http-nio-8080-exec-618] org.apache.catalina.core.ApplicationContext.log Manager: restart: Reloading web application '/GestionDeUnaBiblioteca'
04-Mar-2024 23:12:23.478 INFO [http-nio-8080-exec-616] org.apache.catalina.core.ApplicationContext.log Manager: list: Listing contexts for virtual host 'localhost'
04-Mar-2024 23:12:23.483 INFO [http-nio-8080-exec-622] org.apache.catalina.core.ApplicationContext.log Manager: restart: Reloading web application '/GestionDeUnaBiblioteca'
04-Mar-2024 23:13:15.565 INFO [http-nio-8080-exec-625] org.apache.catalina.core.ApplicationContext.log Manager: list: Listing contexts for virtual host 'localhost'
04-Mar-2024 23:13:15.571 INFO [http-nio-8080-exec-620] org.apache.catalina.core.ApplicationContext.log Manager: restart: Reloading web application '/GestionDeUnaBiblioteca'
04-Mar-2024 23:13:28.745 INFO [http-nio-8080-exec-606] org.apache.catalina.core.ApplicationContext.log Manager: list: Listing contexts for virtual host 'localhost'
04-Mar-2024 23:13:28.751 INFO [http-nio-8080-exec-624] org.apache.catalina.core.ApplicationContext.log Manager: restart: Reloading web application '/GestionDeUnaBiblioteca'
04-Mar-2024 23:13:51.205 INFO [http-nio-8080-exec-619] org.apache.catalina.core.ApplicationContext.log Manager: list: Listing contexts for virtual host 'localhost'
04-Mar-2024 23:13:51.239 INFO [http-nio-8080-exec-616] org.apache.catalina.core.ApplicationContext.log Manager: restart: Reloading web application '/GestionDeUnaBiblioteca'
04-Mar-2024 23:13:53.514 INFO [http-nio-8080-exec-619] org.apache.catalina.core.ApplicationContext.log Manager: list: Listing contexts for virtual host 'localhost'
04-Mar-2024 23:13:53.522 INFO [http-nio-8080-exec-617] org.apache.catalina.core.ApplicationContext.log Manager: restart: Reloading web application '/GestionDeUnaBiblioteca'
04-Mar-2024 23:14:09.536 INFO [http-nio-8080-exec-631] org.apache.catalina.core.ApplicationContext.log Manager: list: Listing contexts for virtual host 'localhost'
04-Mar-2024 23:14:09.542 INFO [http-nio-8080-exec-629] org.apache.catalina.core.ApplicationContext.log Manager: restart: Reloading web application '/GestionDeUnaBiblioteca'
04-Mar-2024 23:14:16.835 INFO [http-nio-8080-exec-601] org.apache.catalina.core.ApplicationContext.log Manager: list: Listing contexts for virtual host 'localhost'
04-Mar-2024 23:14:16.841 INFO [http-nio-8080-exec-632] org.apache.catalina.core.ApplicationContext.log Manager: restart: Reloading web application '/GestionDeUnaBiblioteca'
04-Mar-2024 23:14:28.968 INFO [http-nio-8080-exec-636] org.apache.catalina.core.ApplicationContext.log Manager: list: Listing contexts for virtual host 'localhost'
04-Mar-2024 23:14:28.973 INFO [http-nio-8080-exec-635] org.apache.catalina.core.ApplicationContext.log Manager: restart: Reloading web application '/GestionDeUnaBiblioteca'
04-Mar-2024 23:15:06.001 INFO [http-nio-8080-exec-619] org.apache.catalina.core.ApplicationContext.log Manager: list: Listing contexts for virtual host 'localhost'
04-Mar-2024 23:15:06.010 INFO [http-nio-8080-exec-634] org.apache.catalina.core.ApplicationContext.log Manager: restart: Reloading web application '/GestionDeUnaBiblioteca'
04-Mar-2024 23:16:20.946 INFO [http-nio-8080-exec-636] org.apache.catalina.core.ApplicationContext.log Manager: list: Listing contexts for virtual host 'localhost'
04-Mar-2024 23:16:20.956 INFO [http-nio-8080-exec-638] org.apache.catalina.core.ApplicationContext.log Manager: restart: Reloading web application '/GestionDeUnaBiblioteca'
04-Mar-2024 23:17:47.826 INFO [http-nio-8080-exec-644] org.apache.catalina.core.ApplicationContext.log Manager: list: Listing contexts for virtual host 'localhost'
04-Mar-2024 23:17:47.832 INFO [http-nio-8080-exec-640] org.apache.catalina.core.ApplicationContext.log Manager: restart: Reloading web application '/GestionDeUnaBiblioteca'
04-Mar-2024 23:18:39.174 INFO [http-nio-8080-exec-646] org.apache.catalina.core.ApplicationContext.log Manager: list: Listing contexts for virtual host 'localhost'
04-Mar-2024 23:18:39.180 INFO [http-nio-8080-exec-636] org.apache.catalina.core.ApplicationContext.log Manager: restart: Reloading web application '/GestionDeUnaBiblioteca'
04-Mar-2024 23:18:55.433 INFO [http-nio-8080-exec-647] org.apache.catalina.core.ApplicationContext.log Manager: list: Listing contexts for virtual host 'localhost'
04-Mar-2024 23:18:55.753 INFO [http-nio-8080-exec-646] org.apache.catalina.core.ApplicationContext.log Manager: list: Listing contexts for virtual host 'localhost'
04-Mar-2024 23:19:26.114 INFO [http-nio-8080-exec-645] org.apache.catalina.core.ApplicationContext.log Manager: list: Listing contexts for virtual host 'localhost'
04-Mar-2024 23:19:35.703 INFO [http-nio-8080-exec-644] org.apache.catalina.core.ApplicationContext.log Manager: list: Listing contexts for virtual host 'localhost'
04-Mar-2024 23:19:51.395 INFO [http-nio-8080-exec-646] org.apache.catalina.core.ApplicationContext.log Manager: list: Listing contexts for virtual host 'localhost'
04-Mar-2024 23:20:48.189 INFO [http-nio-8080-exec-655] org.apache.catalina.core.ApplicationContext.log Manager: list: Listing contexts for virtual host 'localhost'
04-Mar-2024 23:20:58.339 INFO [http-nio-8080-exec-653] org.apache.catalina.core.ApplicationContext.log Manager: list: Listing contexts for virtual host 'localhost'
04-Mar-2024 23:21:49.115 INFO [http-nio-8080-exec-651] org.apache.catalina.core.ApplicationContext.log Manager: list: Listing contexts for virtual host 'localhost'
04-Mar-2024 23:22:01.718 INFO [http-nio-8080-exec-658] org.apache.catalina.core.ApplicationContext.log Manager: list: Listing contexts for virtual host 'localhost'
04-Mar-2024 23:22:11.042 INFO [http-nio-8080-exec-653] org.apache.catalina.core.ApplicationContext.log Manager: list: Listing contexts for virtual host 'localhost'
04-Mar-2024 23:23:35.484 INFO [http-nio-8080-exec-654] org.apache.catalina.core.ApplicationContext.log Manager: list: Listing contexts for virtual host 'localhost'
04-Mar-2024 23:23:35.494 INFO [http-nio-8080-exec-656] org.apache.catalina.core.ApplicationContext.log Manager: restart: Reloading web application '/GestionDeUnaBiblioteca'
04-Mar-2024 23:23:37.699 INFO [http-nio-8080-exec-655] org.apache.catalina.core.ApplicationContext.log Manager: list: Listing contexts for virtual host 'localhost'
04-Mar-2024 23:23:37.727 INFO [http-nio-8080-exec-657] org.apache.catalina.core.ApplicationContext.log Manager: restart: Reloading web application '/GestionDeUnaBiblioteca'
04-Mar-2024 23:24:01.625 INFO [http-nio-8080-exec-652] org.apache.catalina.core.ApplicationContext.log Manager: list: Listing contexts for virtual host 'localhost'
04-Mar-2024 23:24:01.630 INFO [http-nio-8080-exec-655] org.apache.catalina.core.ApplicationContext.log Manager: restart: Reloading web application '/GestionDeUnaBiblioteca'
04-Mar-2024 23:24:13.449 INFO [http-nio-8080-exec-654] org.apache.catalina.core.ApplicationContext.log Manager: list: Listing contexts for virtual host 'localhost'
04-Mar-2024 23:24:13.455 INFO [http-nio-8080-exec-661] org.apache.catalina.core.ApplicationContext.log Manager: restart: Reloading web application '/GestionDeUnaBiblioteca'
04-Mar-2024 23:24:17.810 INFO [http-nio-8080-exec-660] org.apache.catalina.core.ApplicationContext.log Manager: list: Listing contexts for virtual host 'localhost'
04-Mar-2024 23:24:17.816 INFO [http-nio-8080-exec-654] org.apache.catalina.core.ApplicationContext.log Manager: restart: Reloading web application '/GestionDeUnaBiblioteca'
04-Mar-2024 23:24:55.406 INFO [http-nio-8080-exec-653] org.apache.catalina.core.ApplicationContext.log Manager: list: Listing contexts for virtual host 'localhost'
04-Mar-2024 23:24:55.412 INFO [http-nio-8080-exec-660] org.apache.catalina.core.ApplicationContext.log Manager: restart: Reloading web application '/GestionDeUnaBiblioteca'
04-Mar-2024 23:25:01.625 INFO [http-nio-8080-exec-666] org.apache.catalina.core.ApplicationContext.log Manager: list: Listing contexts for virtual host 'localhost'
04-Mar-2024 23:25:01.631 INFO [http-nio-8080-exec-652] org.apache.catalina.core.ApplicationContext.log Manager: restart: Reloading web application '/GestionDeUnaBiblioteca'
04-Mar-2024 23:28:22.271 INFO [http-nio-8080-exec-675] org.apache.catalina.core.ApplicationContext.log Manager: list: Listing contexts for virtual host 'localhost'
04-Mar-2024 23:28:22.276 INFO [http-nio-8080-exec-674] org.apache.catalina.core.ApplicationContext.log Manager: restart: Reloading web application '/GestionDeUnaBiblioteca'
04-Mar-2024 23:28:57.838 INFO [http-nio-8080-exec-666] org.apache.catalina.core.ApplicationContext.log Manager: list: Listing contexts for virtual host 'localhost'
04-Mar-2024 23:28:57.844 INFO [http-nio-8080-exec-673] org.apache.catalina.core.ApplicationContext.log Manager: restart: Reloading web application '/GestionDeUnaBiblioteca'
04-Mar-2024 23:30:10.975 INFO [http-nio-8080-exec-666] org.apache.catalina.core.ApplicationContext.log Manager: list: Listing contexts for virtual host 'localhost'
04-Mar-2024 23:30:10.981 INFO [http-nio-8080-exec-679] org.apache.catalina.core.ApplicationContext.log Manager: restart: Reloading web application '/GestionDeUnaBiblioteca'
04-Mar-2024 23:30:13.179 INFO [http-nio-8080-exec-682] org.apache.catalina.core.ApplicationContext.log Manager: list: Listing contexts for virtual host 'localhost'
04-Mar-2024 23:30:13.188 INFO [http-nio-8080-exec-675] org.apache.catalina.core.ApplicationContext.log Manager: restart: Reloading web application '/GestionDeUnaBiblioteca'
04-Mar-2024 23:30:24.182 INFO [http-nio-8080-exec-653] org.apache.catalina.core.ApplicationContext.log Manager: list: Listing contexts for virtual host 'localhost'
04-Mar-2024 23:30:24.188 INFO [http-nio-8080-exec-666] org.apache.catalina.core.ApplicationContext.log Manager: restart: Reloading web application '/GestionDeUnaBiblioteca'
04-Mar-2024 23:30:40.332 INFO [http-nio-8080-exec-684] org.apache.catalina.core.ApplicationContext.log Manager: list: Listing contexts for virtual host 'localhost'
04-Mar-2024 23:30:40.340 INFO [http-nio-8080-exec-653] org.apache.catalina.core.ApplicationContext.log Manager: restart: Reloading web application '/GestionDeUnaBiblioteca'
04-Mar-2024 23:30:57.345 INFO [http-nio-8080-exec-687] org.apache.catalina.core.ApplicationContext.log Manager: list: Listing contexts for virtual host 'localhost'
04-Mar-2024 23:30:57.352 INFO [http-nio-8080-exec-683] org.apache.catalina.core.ApplicationContext.log Manager: restart: Reloading web application '/GestionDeUnaBiblioteca'
04-Mar-2024 23:31:27.326 INFO [http-nio-8080-exec-684] org.apache.catalina.core.ApplicationContext.log Manager: list: Listing contexts for virtual host 'localhost'
04-Mar-2024 23:31:27.642 INFO [http-nio-8080-exec-693] org.apache.catalina.core.ApplicationContext.log Manager: list: Listing contexts for virtual host 'localhost'
04-Mar-2024 23:31:48.107 INFO [http-nio-8080-exec-690] org.apache.catalina.core.ApplicationContext.log Manager: list: Listing contexts for virtual host 'localhost'
04-Mar-2024 23:32:01.123 INFO [http-nio-8080-exec-695] org.apache.catalina.core.ApplicationContext.log Manager: list: Listing contexts for virtual host 'localhost'
04-Mar-2024 23:32:23.569 INFO [http-nio-8080-exec-678] org.apache.catalina.core.ApplicationContext.log Manager: list: Listing contexts for virtual host 'localhost'
04-Mar-2024 23:32:55.506 INFO [http-nio-8080-exec-690] org.apache.catalina.core.ApplicationContext.log Manager: list: Listing contexts for virtual host 'localhost'
04-Mar-2024 23:33:05.090 INFO [http-nio-8080-exec-694] org.apache.catalina.core.ApplicationContext.log Manager: list: Listing contexts for virtual host 'localhost'
04-Mar-2024 23:33:12.474 INFO [http-nio-8080-exec-695] org.apache.catalina.core.ApplicationContext.log Manager: list: Listing contexts for virtual host 'localhost'
04-Mar-2024 23:35:31.059 INFO [http-nio-8080-exec-700] org.apache.catalina.core.ApplicationContext.log Manager: list: Listing contexts for virtual host 'localhost'
04-Mar-2024 23:35:31.069 INFO [http-nio-8080-exec-693] org.apache.catalina.core.ApplicationContext.log Manager: restart: Reloading web application '/GestionDeUnaBiblioteca'
04-Mar-2024 23:35:33.302 INFO [http-nio-8080-exec-696] org.apache.catalina.core.ApplicationContext.log Manager: list: Listing contexts for virtual host 'localhost'
04-Mar-2024 23:35:33.329 INFO [http-nio-8080-exec-699] org.apache.catalina.core.ApplicationContext.log Manager: restart: Reloading web application '/GestionDeUnaBiblioteca'
04-Mar-2024 23:35:45.773 INFO [http-nio-8080-exec-695] org.apache.catalina.core.ApplicationContext.log Manager: list: Listing contexts for virtual host 'localhost'
04-Mar-2024 23:35:45.779 INFO [http-nio-8080-exec-696] org.apache.catalina.core.ApplicationContext.log Manager: restart: Reloading web application '/GestionDeUnaBiblioteca'
04-Mar-2024 23:36:23.742 INFO [http-nio-8080-exec-697] org.apache.catalina.core.ApplicationContext.log Manager: list: Listing contexts for virtual host 'localhost'
04-Mar-2024 23:36:23.748 INFO [http-nio-8080-exec-701] org.apache.catalina.core.ApplicationContext.log Manager: restart: Reloading web application '/GestionDeUnaBiblioteca'
04-Mar-2024 23:36:33.766 INFO [http-nio-8080-exec-700] org.apache.catalina.core.ApplicationContext.log Manager: list: Listing contexts for virtual host 'localhost'
04-Mar-2024 23:36:33.771 INFO [http-nio-8080-exec-707] org.apache.catalina.core.ApplicationContext.log Manager: restart: Reloading web application '/GestionDeUnaBiblioteca'
04-Mar-2024 23:40:02.084 INFO [http-nio-8080-exec-713] org.apache.catalina.core.ApplicationContext.log Manager: list: Listing contexts for virtual host 'localhost'
04-Mar-2024 23:40:02.091 INFO [http-nio-8080-exec-712] org.apache.catalina.core.ApplicationContext.log Manager: restart: Reloading web application '/GestionDeUnaBiblioteca'
04-Mar-2024 23:40:04.366 INFO [http-nio-8080-exec-709] org.apache.catalina.core.ApplicationContext.log Manager: list: Listing contexts for virtual host 'localhost'
04-Mar-2024 23:40:04.398 INFO [http-nio-8080-exec-704] org.apache.catalina.core.ApplicationContext.log Manager: restart: Reloading web application '/GestionDeUnaBiblioteca'
04-Mar-2024 23:41:51.914 INFO [http-nio-8080-exec-722] org.apache.catalina.core.ApplicationContext.log Manager: list: Listing contexts for virtual host 'localhost'
04-Mar-2024 23:41:51.921 INFO [http-nio-8080-exec-711] org.apache.catalina.core.ApplicationContext.log Manager: restart: Reloading web application '/GestionDeUnaBiblioteca'
04-Mar-2024 23:41:54.111 INFO [http-nio-8080-exec-709] org.apache.catalina.core.ApplicationContext.log Manager: list: Listing contexts for virtual host 'localhost'
04-Mar-2024 23:41:54.144 INFO [http-nio-8080-exec-714] org.apache.catalina.core.ApplicationContext.log Manager: restart: Reloading web application '/GestionDeUnaBiblioteca'
04-Mar-2024 23:42:15.402 INFO [http-nio-8080-exec-717] org.apache.catalina.core.ApplicationContext.log Manager: list: Listing contexts for virtual host 'localhost'
04-Mar-2024 23:42:15.408 INFO [http-nio-8080-exec-719] org.apache.catalina.core.ApplicationContext.log Manager: restart: Reloading web application '/GestionDeUnaBiblioteca'
04-Mar-2024 23:43:26.176 INFO [http-nio-8080-exec-722] org.apache.catalina.core.ApplicationContext.log Manager: list: Listing contexts for virtual host 'localhost'
04-Mar-2024 23:43:26.186 INFO [http-nio-8080-exec-709] org.apache.catalina.core.ApplicationContext.log Manager: restart: Reloading web application '/GestionDeUnaBiblioteca'
04-Mar-2024 23:43:28.476 INFO [http-nio-8080-exec-728] org.apache.catalina.core.ApplicationContext.log Manager: list: Listing contexts for virtual host 'localhost'
04-Mar-2024 23:43:28.508 INFO [http-nio-8080-exec-727] org.apache.catalina.core.ApplicationContext.log Manager: restart: Reloading web application '/GestionDeUnaBiblioteca'
04-Mar-2024 23:45:46.260 INFO [http-nio-8080-exec-733] org.apache.catalina.core.ApplicationContext.log Manager: list: Listing contexts for virtual host 'localhost'
04-Mar-2024 23:45:46.266 INFO [http-nio-8080-exec-736] org.apache.catalina.core.ApplicationContext.log Manager: restart: Reloading web application '/GestionDeUnaBiblioteca'
04-Mar-2024 23:45:48.536 INFO [http-nio-8080-exec-735] org.apache.catalina.core.ApplicationContext.log Manager: list: Listing contexts for virtual host 'localhost'
04-Mar-2024 23:45:48.574 INFO [http-nio-8080-exec-733] org.apache.catalina.core.ApplicationContext.log Manager: restart: Reloading web application '/GestionDeUnaBiblioteca'
04-Mar-2024 23:46:01.266 INFO [http-nio-8080-exec-724] org.apache.catalina.core.ApplicationContext.log Manager: list: Listing contexts for virtual host 'localhost'
04-Mar-2024 23:46:01.271 INFO [http-nio-8080-exec-721] org.apache.catalina.core.ApplicationContext.log Manager: restart: Reloading web application '/GestionDeUnaBiblioteca'
04-Mar-2024 23:46:16.223 INFO [http-nio-8080-exec-724] org.apache.catalina.core.ApplicationContext.log Manager: list: Listing contexts for virtual host 'localhost'
04-Mar-2024 23:46:16.229 INFO [http-nio-8080-exec-738] org.apache.catalina.core.ApplicationContext.log Manager: restart: Reloading web application '/GestionDeUnaBiblioteca'
04-Mar-2024 23:46:48.988 INFO [http-nio-8080-exec-724] org.apache.catalina.core.ApplicationContext.log Manager: list: Listing contexts for virtual host 'localhost'
04-Mar-2024 23:46:49.312 INFO [http-nio-8080-exec-742] org.apache.catalina.core.ApplicationContext.log Manager: list: Listing contexts for virtual host 'localhost'
04-Mar-2024 23:46:55.452 INFO [http-nio-8080-exec-744] org.apache.catalina.core.ApplicationContext.log Manager: list: Listing contexts for virtual host 'localhost'
04-Mar-2024 23:47:59.287 INFO [http-nio-8080-exec-742] org.apache.catalina.core.ApplicationContext.log Manager: list: Listing contexts for virtual host 'localhost'
04-Mar-2024 23:48:06.475 INFO [http-nio-8080-exec-724] org.apache.catalina.core.ApplicationContext.log Manager: list: Listing contexts for virtual host 'localhost'
04-Mar-2024 23:56:42.385 INFO [http-nio-8080-exec-745] org.apache.catalina.core.ApplicationContext.log Manager: list: Listing contexts for virtual host 'localhost'
04-Mar-2024 23:56:42.396 INFO [http-nio-8080-exec-750] org.apache.catalina.core.ApplicationContext.log Manager: restart: Reloading web application '/GestionDeUnaBiblioteca'
04-Mar-2024 23:56:44.865 INFO [http-nio-8080-exec-748] org.apache.catalina.core.ApplicationContext.log Manager: list: Listing contexts for virtual host 'localhost'
04-Mar-2024 23:56:44.872 INFO [http-nio-8080-exec-745] org.apache.catalina.core.ApplicationContext.log Manager: restart: Reloading web application '/GestionDeUnaBiblioteca'
04-Mar-2024 23:57:13.075 INFO [http-nio-8080-exec-752] org.apache.catalina.core.ApplicationContext.log Manager: list: Listing contexts for virtual host 'localhost'
04-Mar-2024 23:57:13.080 INFO [http-nio-8080-exec-742] org.apache.catalina.core.ApplicationContext.log Manager: restart: Reloading web application '/GestionDeUnaBiblioteca'
04-Mar-2024 23:57:34.056 INFO [http-nio-8080-exec-746] org.apache.catalina.core.ApplicationContext.log Manager: list: Listing contexts for virtual host 'localhost'
04-Mar-2024 23:57:34.061 INFO [http-nio-8080-exec-752] org.apache.catalina.core.ApplicationContext.log Manager: restart: Reloading web application '/GestionDeUnaBiblioteca'
04-Mar-2024 23:57:50.716 INFO [http-nio-8080-exec-747] org.apache.catalina.core.ApplicationContext.log Manager: list: Listing contexts for virtual host 'localhost'
04-Mar-2024 23:57:50.727 INFO [http-nio-8080-exec-754] org.apache.catalina.core.ApplicationContext.log Manager: restart: Reloading web application '/GestionDeUnaBiblioteca'
04-Mar-2024 23:58:20.069 INFO [http-nio-8080-exec-757] org.apache.catalina.core.ApplicationContext.log Manager: list: Listing contexts for virtual host 'localhost'
04-Mar-2024 23:58:20.077 INFO [http-nio-8080-exec-744] org.apache.catalina.core.ApplicationContext.log Manager: restart: Reloading web application '/GestionDeUnaBiblioteca'
04-Mar-2024 23:58:22.371 INFO [http-nio-8080-exec-759] org.apache.catalina.core.ApplicationContext.log Manager: list: Listing contexts for virtual host 'localhost'
04-Mar-2024 23:58:22.379 INFO [http-nio-8080-exec-746] org.apache.catalina.core.ApplicationContext.log Manager: restart: Reloading web application '/GestionDeUnaBiblioteca'
04-Mar-2024 23:58:59.537 INFO [http-nio-8080-exec-761] org.apache.catalina.core.ApplicationContext.log Manager: list: Listing contexts for virtual host 'localhost'
04-Mar-2024 23:58:59.543 INFO [http-nio-8080-exec-759] org.apache.catalina.core.ApplicationContext.log Manager: restart: Reloading web application '/GestionDeUnaBiblioteca'
04-Mar-2024 23:59:06.518 INFO [http-nio-8080-exec-755] org.apache.catalina.core.ApplicationContext.log Manager: list: Listing contexts for virtual host 'localhost'
04-Mar-2024 23:59:06.523 INFO [http-nio-8080-exec-756] org.apache.catalina.core.ApplicationContext.log Manager: restart: Reloading web application '/GestionDeUnaBiblioteca'
04-Mar-2024 23:59:15.911 INFO [http-nio-8080-exec-764] org.apache.catalina.core.ApplicationContext.log Manager: list: Listing contexts for virtual host 'localhost'
04-Mar-2024 23:59:15.916 INFO [http-nio-8080-exec-755] org.apache.catalina.core.ApplicationContext.log Manager: restart: Reloading web application '/GestionDeUnaBiblioteca'
04-Mar-2024 23:59:20.166 INFO [http-nio-8080-exec-763] org.apache.catalina.core.ApplicationContext.log Manager: list: Listing contexts for virtual host 'localhost'
04-Mar-2024 23:59:20.171 INFO [http-nio-8080-exec-766] org.apache.catalina.core.ApplicationContext.log Manager: restart: Reloading web application '/GestionDeUnaBiblioteca'
