07-Mar-2024 00:06:07.026 INFO [http-nio-8080-exec-447] org.apache.catalina.core.ApplicationContext.log Manager: list: Listing contexts for virtual host 'localhost'
07-Mar-2024 00:06:19.617 INFO [http-nio-8080-exec-446] org.apache.catalina.core.ApplicationContext.log Manager: list: Listing contexts for virtual host 'localhost'
07-Mar-2024 00:06:19.619 INFO [http-nio-8080-exec-447] org.apache.catalina.core.ApplicationContext.log Manager: list: Listing contexts for virtual host 'localhost'
07-Mar-2024 00:06:19.712 INFO [http-nio-8080-exec-451] org.apache.catalina.core.ApplicationContext.log Manager: restart: Reloading web application '/GestionDeUnaBiblioteca'
07-Mar-2024 00:06:53.246 INFO [http-nio-8080-exec-462] org.apache.catalina.core.ApplicationContext.log Manager: list: Listing contexts for virtual host 'localhost'
07-Mar-2024 00:07:03.976 INFO [http-nio-8080-exec-454] org.apache.catalina.core.ApplicationContext.log Manager: list: Listing contexts for virtual host 'localhost'
07-Mar-2024 00:07:53.603 INFO [http-nio-8080-exec-462] org.apache.catalina.core.ApplicationContext.log Manager: list: Listing contexts for virtual host 'localhost'
07-Mar-2024 00:08:17.586 INFO [http-nio-8080-exec-460] org.apache.catalina.core.ApplicationContext.log Manager: list: Listing contexts for virtual host 'localhost'
07-Mar-2024 00:08:17.588 INFO [http-nio-8080-exec-462] org.apache.catalina.core.ApplicationContext.log Manager: list: Listing contexts for virtual host 'localhost'
07-Mar-2024 00:12:03.336 INFO [http-nio-8080-exec-457] org.apache.catalina.core.ApplicationContext.log Manager: list: Listing contexts for virtual host 'localhost'
07-Mar-2024 00:13:34.780 INFO [http-nio-8080-exec-465] org.apache.catalina.core.ApplicationContext.log Manager: list: Listing contexts for virtual host 'localhost'
07-Mar-2024 00:13:40.793 INFO [http-nio-8080-exec-462] org.apache.catalina.core.ApplicationContext.log Manager: list: Listing contexts for virtual host 'localhost'
07-Mar-2024 00:14:24.875 INFO [http-nio-8080-exec-459] org.apache.catalina.core.ApplicationContext.log Manager: list: Listing contexts for virtual host 'localhost'
07-Mar-2024 00:15:22.153 INFO [http-nio-8080-exec-465] org.apache.catalina.core.ApplicationContext.log Manager: list: Listing contexts for virtual host 'localhost'
07-Mar-2024 00:15:22.156 INFO [http-nio-8080-exec-460] org.apache.catalina.core.ApplicationContext.log Manager: list: Listing contexts for virtual host 'localhost'
07-Mar-2024 00:15:22.177 INFO [http-nio-8080-exec-461] org.apache.catalina.core.ApplicationContext.log Manager: restart: Reloading web application '/EnviarEmail'
07-Mar-2024 00:22:36.708 INFO [http-nio-8080-exec-467] org.apache.catalina.core.ApplicationContext.log Manager: list: Listing contexts for virtual host 'localhost'
07-Mar-2024 00:22:36.714 INFO [http-nio-8080-exec-473] org.apache.catalina.core.ApplicationContext.log Manager: restart: Reloading web application '/GestionDeUnaBiblioteca'
07-Mar-2024 00:23:24.876 INFO [http-nio-8080-exec-476] org.apache.catalina.core.ApplicationContext.log Manager: list: Listing contexts for virtual host 'localhost'
07-Mar-2024 00:23:42.187 INFO [http-nio-8080-exec-481] org.apache.catalina.core.ApplicationContext.log Manager: list: Listing contexts for virtual host 'localhost'
07-Mar-2024 00:26:35.407 INFO [http-nio-8080-exec-479] org.apache.catalina.core.ApplicationContext.log Manager: list: Listing contexts for virtual host 'localhost'
07-Mar-2024 00:26:35.409 INFO [http-nio-8080-exec-483] org.apache.catalina.core.ApplicationContext.log Manager: list: Listing contexts for virtual host 'localhost'
07-Mar-2024 00:26:35.493 INFO [http-nio-8080-exec-485] org.apache.catalina.core.ApplicationContext.log Manager: restart: Reloading web application '/GestionDeUnaBiblioteca'
07-Mar-2024 00:31:39.830 INFO [http-nio-8080-exec-493] org.apache.catalina.core.ApplicationContext.log Manager: list: Listing contexts for virtual host 'localhost'
07-Mar-2024 00:31:39.841 INFO [http-nio-8080-exec-490] org.apache.catalina.core.ApplicationContext.log Manager: restart: Reloading web application '/GestionDeUnaBiblioteca'
07-Mar-2024 00:31:42.167 INFO [http-nio-8080-exec-491] org.apache.catalina.core.ApplicationContext.log Manager: list: Listing contexts for virtual host 'localhost'
07-Mar-2024 00:31:42.173 INFO [http-nio-8080-exec-486] org.apache.catalina.core.ApplicationContext.log Manager: restart: Reloading web application '/GestionDeUnaBiblioteca'
07-Mar-2024 00:31:49.146 INFO [http-nio-8080-exec-487] org.apache.catalina.core.ApplicationContext.log Manager: list: Listing contexts for virtual host 'localhost'
07-Mar-2024 00:31:49.152 INFO [http-nio-8080-exec-492] org.apache.catalina.core.ApplicationContext.log Manager: restart: Reloading web application '/GestionDeUnaBiblioteca'
07-Mar-2024 00:31:57.249 INFO [http-nio-8080-exec-496] org.apache.catalina.core.ApplicationContext.log Manager: list: Listing contexts for virtual host 'localhost'
07-Mar-2024 00:31:57.254 INFO [http-nio-8080-exec-495] org.apache.catalina.core.ApplicationContext.log Manager: restart: Reloading web application '/GestionDeUnaBiblioteca'
07-Mar-2024 00:32:07.432 INFO [http-nio-8080-exec-500] org.apache.catalina.core.ApplicationContext.log Manager: list: Listing contexts for virtual host 'localhost'
07-Mar-2024 00:32:07.438 INFO [http-nio-8080-exec-494] org.apache.catalina.core.ApplicationContext.log Manager: restart: Reloading web application '/GestionDeUnaBiblioteca'
07-Mar-2024 00:32:16.736 INFO [http-nio-8080-exec-497] org.apache.catalina.core.ApplicationContext.log Manager: list: Listing contexts for virtual host 'localhost'
07-Mar-2024 00:32:16.742 INFO [http-nio-8080-exec-489] org.apache.catalina.core.ApplicationContext.log Manager: restart: Reloading web application '/GestionDeUnaBiblioteca'
07-Mar-2024 00:32:57.092 INFO [http-nio-8080-exec-503] org.apache.catalina.core.ApplicationContext.log Manager: list: Listing contexts for virtual host 'localhost'
07-Mar-2024 00:32:57.410 INFO [http-nio-8080-exec-500] org.apache.catalina.core.ApplicationContext.log Manager: list: Listing contexts for virtual host 'localhost'
07-Mar-2024 00:33:42.448 INFO [http-nio-8080-exec-507] org.apache.catalina.core.ApplicationContext.log Manager: list: Listing contexts for virtual host 'localhost'
07-Mar-2024 00:33:42.454 INFO [http-nio-8080-exec-503] org.apache.catalina.core.ApplicationContext.log Manager: restart: Reloading web application '/GestionDeUnaBiblioteca'
07-Mar-2024 00:34:00.868 INFO [http-nio-8080-exec-500] org.apache.catalina.core.ApplicationContext.log Manager: list: Listing contexts for virtual host 'localhost'
07-Mar-2024 00:34:00.874 INFO [http-nio-8080-exec-504] org.apache.catalina.core.ApplicationContext.log Manager: restart: Reloading web application '/GestionDeUnaBiblioteca'
07-Mar-2024 00:34:19.649 INFO [http-nio-8080-exec-501] org.apache.catalina.core.ApplicationContext.log Manager: list: Listing contexts for virtual host 'localhost'
07-Mar-2024 00:34:19.655 INFO [http-nio-8080-exec-509] org.apache.catalina.core.ApplicationContext.log Manager: restart: Reloading web application '/GestionDeUnaBiblioteca'
07-Mar-2024 00:35:19.800 INFO [http-nio-8080-exec-500] org.apache.catalina.core.ApplicationContext.log Manager: list: Listing contexts for virtual host 'localhost'
07-Mar-2024 00:35:33.278 INFO [http-nio-8080-exec-501] org.apache.catalina.core.ApplicationContext.log Manager: list: Listing contexts for virtual host 'localhost'
07-Mar-2024 00:36:10.849 INFO [http-nio-8080-exec-507] org.apache.catalina.core.ApplicationContext.log Manager: list: Listing contexts for virtual host 'localhost'
07-Mar-2024 00:36:20.402 INFO [http-nio-8080-exec-500] org.apache.catalina.core.ApplicationContext.log Manager: list: Listing contexts for virtual host 'localhost'
07-Mar-2024 00:36:28.525 INFO [http-nio-8080-exec-517] org.apache.catalina.core.ApplicationContext.log Manager: list: Listing contexts for virtual host 'localhost'
07-Mar-2024 00:37:00.136 INFO [http-nio-8080-exec-512] org.apache.catalina.core.ApplicationContext.log Manager: list: Listing contexts for virtual host 'localhost'
07-Mar-2024 00:38:46.858 INFO [http-nio-8080-exec-516] org.apache.catalina.core.ApplicationContext.log Manager: list: Listing contexts for virtual host 'localhost'
07-Mar-2024 00:38:46.867 INFO [http-nio-8080-exec-519] org.apache.catalina.core.ApplicationContext.log Manager: restart: Reloading web application '/GestionDeUnaBiblioteca'
07-Mar-2024 00:38:49.140 INFO [http-nio-8080-exec-517] org.apache.catalina.core.ApplicationContext.log Manager: list: Listing contexts for virtual host 'localhost'
07-Mar-2024 00:38:49.168 INFO [http-nio-8080-exec-512] org.apache.catalina.core.ApplicationContext.log Manager: restart: Reloading web application '/GestionDeUnaBiblioteca'
07-Mar-2024 00:39:13.197 INFO [http-nio-8080-exec-514] org.apache.catalina.core.ApplicationContext.log Manager: list: Listing contexts for virtual host 'localhost'
07-Mar-2024 00:39:13.202 INFO [http-nio-8080-exec-515] org.apache.catalina.core.ApplicationContext.log Manager: restart: Reloading web application '/GestionDeUnaBiblioteca'
07-Mar-2024 00:39:26.438 INFO [http-nio-8080-exec-524] org.apache.catalina.core.ApplicationContext.log Manager: list: Listing contexts for virtual host 'localhost'
07-Mar-2024 00:39:26.444 INFO [http-nio-8080-exec-523] org.apache.catalina.core.ApplicationContext.log Manager: restart: Reloading web application '/GestionDeUnaBiblioteca'
07-Mar-2024 00:40:06.676 INFO [http-nio-8080-exec-526] org.apache.catalina.core.ApplicationContext.log Manager: list: Listing contexts for virtual host 'localhost'
07-Mar-2024 00:40:06.682 INFO [http-nio-8080-exec-521] org.apache.catalina.core.ApplicationContext.log Manager: restart: Reloading web application '/GestionDeUnaBiblioteca'
07-Mar-2024 00:41:27.240 INFO [http-nio-8080-exec-527] org.apache.catalina.core.ApplicationContext.log Manager: list: Listing contexts for virtual host 'localhost'
07-Mar-2024 00:41:27.246 INFO [http-nio-8080-exec-520] org.apache.catalina.core.ApplicationContext.log Manager: restart: Reloading web application '/GestionDeUnaBiblioteca'
07-Mar-2024 00:41:43.578 INFO [http-nio-8080-exec-529] org.apache.catalina.core.ApplicationContext.log Manager: list: Listing contexts for virtual host 'localhost'
07-Mar-2024 00:41:43.895 INFO [http-nio-8080-exec-533] org.apache.catalina.core.ApplicationContext.log Manager: list: Listing contexts for virtual host 'localhost'
07-Mar-2024 00:42:27.654 INFO [http-nio-8080-exec-529] org.apache.catalina.core.ApplicationContext.log Manager: list: Listing contexts for virtual host 'localhost'
07-Mar-2024 00:43:25.756 INFO [http-nio-8080-exec-535] org.apache.catalina.core.ApplicationContext.log Manager: list: Listing contexts for virtual host 'localhost'
07-Mar-2024 00:44:22.512 INFO [http-nio-8080-exec-528] org.apache.catalina.core.ApplicationContext.log Manager: list: Listing contexts for virtual host 'localhost'
07-Mar-2024 00:45:03.991 INFO [http-nio-8080-exec-537] org.apache.catalina.core.ApplicationContext.log Manager: list: Listing contexts for virtual host 'localhost'
07-Mar-2024 00:46:00.151 INFO [http-nio-8080-exec-534] org.apache.catalina.core.ApplicationContext.log Manager: list: Listing contexts for virtual host 'localhost'
07-Mar-2024 00:46:07.216 INFO [http-nio-8080-exec-528] org.apache.catalina.core.ApplicationContext.log Manager: list: Listing contexts for virtual host 'localhost'
07-Mar-2024 00:46:42.004 INFO [http-nio-8080-exec-536] org.apache.catalina.core.ApplicationContext.log Manager: list: Listing contexts for virtual host 'localhost'
07-Mar-2024 08:31:27.982 INFO [http-nio-8080-exec-7] org.apache.catalina.core.ApplicationContext.log Manager: init: Associated with Deployer 'Catalina:type=Deployer,host=localhost'
07-Mar-2024 08:31:27.982 INFO [http-nio-8080-exec-7] org.apache.catalina.core.ApplicationContext.log Manager: init: Global resources are available
07-Mar-2024 08:31:28.024 INFO [http-nio-8080-exec-3] org.apache.catalina.core.ApplicationContext.log Manager: list: Listing contexts for virtual host 'localhost'
07-Mar-2024 08:31:28.031 INFO [http-nio-8080-exec-4] org.apache.catalina.core.ApplicationContext.log Manager: list: Listing contexts for virtual host 'localhost'
07-Mar-2024 08:31:28.127 INFO [http-nio-8080-exec-2] org.apache.catalina.core.ApplicationContext.log Manager: restart: Reloading web application '/GestionDeUnaBiblioteca'
07-Mar-2024 08:35:13.763 INFO [http-nio-8080-exec-12] org.apache.catalina.core.ApplicationContext.log Manager: list: Listing contexts for virtual host 'localhost'
07-Mar-2024 08:35:24.750 INFO [http-nio-8080-exec-11] org.apache.catalina.core.ApplicationContext.log Manager: list: Listing contexts for virtual host 'localhost'
07-Mar-2024 08:36:13.187 INFO [http-nio-8080-exec-18] org.apache.catalina.core.ApplicationContext.log Manager: list: Listing contexts for virtual host 'localhost'
07-Mar-2024 08:38:00.459 INFO [http-nio-8080-exec-14] org.apache.catalina.core.ApplicationContext.log Manager: list: Listing contexts for virtual host 'localhost'
07-Mar-2024 08:38:00.472 INFO [http-nio-8080-exec-16] org.apache.catalina.core.ApplicationContext.log Manager: restart: Reloading web application '/GestionDeUnaBiblioteca'
07-Mar-2024 08:39:21.026 INFO [http-nio-8080-exec-12] org.apache.catalina.core.ApplicationContext.log Manager: list: Listing contexts for virtual host 'localhost'
07-Mar-2024 08:39:21.033 INFO [http-nio-8080-exec-18] org.apache.catalina.core.ApplicationContext.log Manager: restart: Reloading web application '/GestionDeUnaBiblioteca'
07-Mar-2024 08:40:26.561 INFO [http-nio-8080-exec-14] org.apache.catalina.core.ApplicationContext.log Manager: list: Listing contexts for virtual host 'localhost'
07-Mar-2024 08:40:26.570 INFO [http-nio-8080-exec-23] org.apache.catalina.core.ApplicationContext.log Manager: restart: Reloading web application '/GestionDeUnaBiblioteca'
07-Mar-2024 08:41:25.597 INFO [http-nio-8080-exec-22] org.apache.catalina.core.ApplicationContext.log Manager: list: Listing contexts for virtual host 'localhost'
07-Mar-2024 08:41:25.606 INFO [http-nio-8080-exec-26] org.apache.catalina.core.ApplicationContext.log Manager: restart: Reloading web application '/GestionDeUnaBiblioteca'
07-Mar-2024 08:41:28.519 INFO [http-nio-8080-exec-22] org.apache.catalina.core.ApplicationContext.log Manager: list: Listing contexts for virtual host 'localhost'
07-Mar-2024 08:41:28.528 INFO [http-nio-8080-exec-14] org.apache.catalina.core.ApplicationContext.log Manager: restart: Reloading web application '/GestionDeUnaBiblioteca'
07-Mar-2024 08:42:17.582 INFO [http-nio-8080-exec-29] org.apache.catalina.core.ApplicationContext.log Manager: list: Listing contexts for virtual host 'localhost'
07-Mar-2024 08:42:20.294 INFO [http-nio-8080-exec-21] org.apache.catalina.core.ApplicationContext.log Manager: list: Listing contexts for virtual host 'localhost'
07-Mar-2024 08:43:01.113 INFO [http-nio-8080-exec-34] org.apache.catalina.core.ApplicationContext.log Manager: list: Listing contexts for virtual host 'localhost'
07-Mar-2024 08:43:11.902 INFO [http-nio-8080-exec-29] org.apache.catalina.core.ApplicationContext.log Manager: list: Listing contexts for virtual host 'localhost'
07-Mar-2024 08:44:27.415 INFO [http-nio-8080-exec-35] org.apache.catalina.core.ApplicationContext.log Manager: list: Listing contexts for virtual host 'localhost'
07-Mar-2024 08:44:55.205 INFO [http-nio-8080-exec-33] org.apache.catalina.core.ApplicationContext.log Manager: list: Listing contexts for virtual host 'localhost'
07-Mar-2024 08:45:34.766 INFO [http-nio-8080-exec-37] org.apache.catalina.core.ApplicationContext.log Manager: list: Listing contexts for virtual host 'localhost'
07-Mar-2024 08:46:39.554 INFO [http-nio-8080-exec-32] org.apache.catalina.core.ApplicationContext.log Manager: list: Listing contexts for virtual host 'localhost'
07-Mar-2024 08:47:13.805 INFO [http-nio-8080-exec-35] org.apache.catalina.core.ApplicationContext.log Manager: list: Listing contexts for virtual host 'localhost'
07-Mar-2024 08:47:27.604 INFO [http-nio-8080-exec-39] org.apache.catalina.core.ApplicationContext.log Manager: list: Listing contexts for virtual host 'localhost'
07-Mar-2024 08:49:09.043 INFO [http-nio-8080-exec-32] org.apache.catalina.core.ApplicationContext.log Manager: list: Listing contexts for virtual host 'localhost'
07-Mar-2024 08:51:26.909 INFO [http-nio-8080-exec-34] org.apache.catalina.core.ApplicationContext.log Manager: list: Listing contexts for virtual host 'localhost'
07-Mar-2024 08:52:07.251 INFO [http-nio-8080-exec-35] org.apache.catalina.core.ApplicationContext.log Manager: list: Listing contexts for virtual host 'localhost'
07-Mar-2024 08:53:46.051 INFO [http-nio-8080-exec-32] org.apache.catalina.core.ApplicationContext.log Manager: list: Listing contexts for virtual host 'localhost'
07-Mar-2024 08:55:19.648 INFO [http-nio-8080-exec-32] org.apache.catalina.core.ApplicationContext.log Manager: list: Listing contexts for virtual host 'localhost'
07-Mar-2024 08:56:03.652 INFO [http-nio-8080-exec-39] org.apache.catalina.core.ApplicationContext.log Manager: list: Listing contexts for virtual host 'localhost'
07-Mar-2024 08:56:25.515 INFO [http-nio-8080-exec-41] org.apache.catalina.core.ApplicationContext.log Manager: list: Listing contexts for virtual host 'localhost'
07-Mar-2024 08:56:39.002 INFO [http-nio-8080-exec-41] org.apache.catalina.core.ApplicationContext.log Manager: list: Listing contexts for virtual host 'localhost'
07-Mar-2024 08:57:42.330 INFO [http-nio-8080-exec-32] org.apache.catalina.core.ApplicationContext.log Manager: list: Listing contexts for virtual host 'localhost'
07-Mar-2024 08:58:21.265 INFO [http-nio-8080-exec-40] org.apache.catalina.core.ApplicationContext.log Manager: list: Listing contexts for virtual host 'localhost'
07-Mar-2024 08:58:52.468 INFO [http-nio-8080-exec-32] org.apache.catalina.core.ApplicationContext.log Manager: list: Listing contexts for virtual host 'localhost'
07-Mar-2024 08:59:50.193 INFO [http-nio-8080-exec-34] org.apache.catalina.core.ApplicationContext.log Manager: list: Listing contexts for virtual host 'localhost'
07-Mar-2024 09:00:21.848 INFO [http-nio-8080-exec-36] org.apache.catalina.core.ApplicationContext.log Manager: list: Listing contexts for virtual host 'localhost'
07-Mar-2024 09:01:14.701 INFO [http-nio-8080-exec-35] org.apache.catalina.core.ApplicationContext.log Manager: list: Listing contexts for virtual host 'localhost'
07-Mar-2024 09:01:14.707 INFO [http-nio-8080-exec-33] org.apache.catalina.core.ApplicationContext.log Manager: restart: Reloading web application '/GestionDeUnaBiblioteca'
07-Mar-2024 09:01:30.999 INFO [http-nio-8080-exec-38] org.apache.catalina.core.ApplicationContext.log Manager: list: Listing contexts for virtual host 'localhost'
07-Mar-2024 09:01:31.007 INFO [http-nio-8080-exec-36] org.apache.catalina.core.ApplicationContext.log Manager: restart: Reloading web application '/GestionDeUnaBiblioteca'
07-Mar-2024 09:02:02.444 INFO [http-nio-8080-exec-42] org.apache.catalina.core.ApplicationContext.log Manager: list: Listing contexts for virtual host 'localhost'
07-Mar-2024 09:02:02.450 INFO [http-nio-8080-exec-40] org.apache.catalina.core.ApplicationContext.log Manager: restart: Reloading web application '/GestionDeUnaBiblioteca'
07-Mar-2024 09:03:19.355 INFO [http-nio-8080-exec-49] org.apache.catalina.core.ApplicationContext.log Manager: list: Listing contexts for virtual host 'localhost'
07-Mar-2024 09:03:19.362 INFO [http-nio-8080-exec-38] org.apache.catalina.core.ApplicationContext.log Manager: restart: Reloading web application '/GestionDeUnaBiblioteca'
07-Mar-2024 09:03:30.216 INFO [http-nio-8080-exec-49] org.apache.catalina.core.ApplicationContext.log Manager: list: Listing contexts for virtual host 'localhost'
07-Mar-2024 09:03:30.224 INFO [http-nio-8080-exec-43] org.apache.catalina.core.ApplicationContext.log Manager: restart: Reloading web application '/GestionDeUnaBiblioteca'
07-Mar-2024 09:03:45.864 INFO [http-nio-8080-exec-37] org.apache.catalina.core.ApplicationContext.log Manager: list: Listing contexts for virtual host 'localhost'
07-Mar-2024 09:03:45.871 INFO [http-nio-8080-exec-46] org.apache.catalina.core.ApplicationContext.log Manager: restart: Reloading web application '/GestionDeUnaBiblioteca'
07-Mar-2024 09:04:01.580 INFO [http-nio-8080-exec-48] org.apache.catalina.core.ApplicationContext.log Manager: list: Listing contexts for virtual host 'localhost'
07-Mar-2024 09:04:01.586 INFO [http-nio-8080-exec-52] org.apache.catalina.core.ApplicationContext.log Manager: restart: Reloading web application '/GestionDeUnaBiblioteca'
07-Mar-2024 09:04:10.687 INFO [http-nio-8080-exec-37] org.apache.catalina.core.ApplicationContext.log Manager: list: Listing contexts for virtual host 'localhost'
07-Mar-2024 09:04:10.694 INFO [http-nio-8080-exec-54] org.apache.catalina.core.ApplicationContext.log Manager: restart: Reloading web application '/GestionDeUnaBiblioteca'
07-Mar-2024 09:04:24.174 INFO [http-nio-8080-exec-57] org.apache.catalina.core.ApplicationContext.log Manager: list: Listing contexts for virtual host 'localhost'
07-Mar-2024 09:04:24.181 INFO [http-nio-8080-exec-45] org.apache.catalina.core.ApplicationContext.log Manager: restart: Reloading web application '/GestionDeUnaBiblioteca'
07-Mar-2024 09:04:52.321 INFO [http-nio-8080-exec-59] org.apache.catalina.core.ApplicationContext.log Manager: list: Listing contexts for virtual host 'localhost'
07-Mar-2024 09:04:52.327 INFO [http-nio-8080-exec-47] org.apache.catalina.core.ApplicationContext.log Manager: restart: Reloading web application '/GestionDeUnaBiblioteca'
07-Mar-2024 09:05:48.998 INFO [http-nio-8080-exec-59] org.apache.catalina.core.ApplicationContext.log Manager: list: Listing contexts for virtual host 'localhost'
07-Mar-2024 09:05:49.005 INFO [http-nio-8080-exec-56] org.apache.catalina.core.ApplicationContext.log Manager: restart: Reloading web application '/GestionDeUnaBiblioteca'
07-Mar-2024 09:06:32.690 INFO [http-nio-8080-exec-63] org.apache.catalina.core.ApplicationContext.log Manager: list: Listing contexts for virtual host 'localhost'
07-Mar-2024 09:06:32.697 INFO [http-nio-8080-exec-58] org.apache.catalina.core.ApplicationContext.log Manager: restart: Reloading web application '/GestionDeUnaBiblioteca'
07-Mar-2024 09:06:49.474 INFO [http-nio-8080-exec-59] org.apache.catalina.core.ApplicationContext.log Manager: list: Listing contexts for virtual host 'localhost'
07-Mar-2024 09:06:49.483 INFO [http-nio-8080-exec-63] org.apache.catalina.core.ApplicationContext.log Manager: restart: Reloading web application '/GestionDeUnaBiblioteca'
07-Mar-2024 09:07:08.298 INFO [http-nio-8080-exec-48] org.apache.catalina.core.ApplicationContext.log Manager: list: Listing contexts for virtual host 'localhost'
07-Mar-2024 09:07:08.304 INFO [http-nio-8080-exec-62] org.apache.catalina.core.ApplicationContext.log Manager: restart: Reloading web application '/GestionDeUnaBiblioteca'
07-Mar-2024 09:07:15.742 INFO [http-nio-8080-exec-61] org.apache.catalina.core.ApplicationContext.log Manager: list: Listing contexts for virtual host 'localhost'
07-Mar-2024 09:07:15.749 INFO [http-nio-8080-exec-68] org.apache.catalina.core.ApplicationContext.log Manager: restart: Reloading web application '/GestionDeUnaBiblioteca'
07-Mar-2024 09:09:06.822 INFO [http-nio-8080-exec-48] org.apache.catalina.core.ApplicationContext.log Manager: list: Listing contexts for virtual host 'localhost'
07-Mar-2024 09:09:06.828 INFO [http-nio-8080-exec-57] org.apache.catalina.core.ApplicationContext.log Manager: restart: Reloading web application '/GestionDeUnaBiblioteca'
07-Mar-2024 09:09:32.096 INFO [http-nio-8080-exec-67] org.apache.catalina.core.ApplicationContext.log Manager: list: Listing contexts for virtual host 'localhost'
07-Mar-2024 09:09:32.105 INFO [http-nio-8080-exec-75] org.apache.catalina.core.ApplicationContext.log Manager: restart: Reloading web application '/GestionDeUnaBiblioteca'
07-Mar-2024 09:10:24.332 INFO [http-nio-8080-exec-76] org.apache.catalina.core.ApplicationContext.log Manager: list: Listing contexts for virtual host 'localhost'
07-Mar-2024 09:10:24.344 INFO [http-nio-8080-exec-77] org.apache.catalina.core.ApplicationContext.log Manager: restart: Reloading web application '/GestionDeUnaBiblioteca'
07-Mar-2024 09:11:57.836 INFO [http-nio-8080-exec-80] org.apache.catalina.core.ApplicationContext.log Manager: list: Listing contexts for virtual host 'localhost'
07-Mar-2024 09:11:57.842 INFO [http-nio-8080-exec-88] org.apache.catalina.core.ApplicationContext.log Manager: restart: Reloading web application '/GestionDeUnaBiblioteca'
07-Mar-2024 09:13:10.096 INFO [http-nio-8080-exec-91] org.apache.catalina.core.ApplicationContext.log Manager: list: Listing contexts for virtual host 'localhost'
07-Mar-2024 09:13:10.103 INFO [http-nio-8080-exec-92] org.apache.catalina.core.ApplicationContext.log Manager: restart: Reloading web application '/GestionDeUnaBiblioteca'
07-Mar-2024 09:15:49.655 INFO [http-nio-8080-exec-99] org.apache.catalina.core.ApplicationContext.log Manager: list: Listing contexts for virtual host 'localhost'
07-Mar-2024 09:16:29.087 INFO [http-nio-8080-exec-87] org.apache.catalina.core.ApplicationContext.log Manager: list: Listing contexts for virtual host 'localhost'
07-Mar-2024 09:18:46.953 INFO [http-nio-8080-exec-99] org.apache.catalina.core.ApplicationContext.log Manager: list: Listing contexts for virtual host 'localhost'
07-Mar-2024 09:19:06.219 INFO [http-nio-8080-exec-98] org.apache.catalina.core.ApplicationContext.log Manager: list: Listing contexts for virtual host 'localhost'
07-Mar-2024 09:19:06.225 INFO [http-nio-8080-exec-106] org.apache.catalina.core.ApplicationContext.log Manager: restart: Reloading web application '/GestionDeUnaBiblioteca'
07-Mar-2024 09:22:05.876 INFO [http-nio-8080-exec-108] org.apache.catalina.core.ApplicationContext.log Manager: list: Listing contexts for virtual host 'localhost'
07-Mar-2024 09:23:24.780 INFO [http-nio-8080-exec-108] org.apache.catalina.core.ApplicationContext.log Manager: list: Listing contexts for virtual host 'localhost'
07-Mar-2024 09:25:27.537 INFO [http-nio-8080-exec-112] org.apache.catalina.core.ApplicationContext.log Manager: list: Listing contexts for virtual host 'localhost'
07-Mar-2024 09:25:27.543 INFO [http-nio-8080-exec-114] org.apache.catalina.core.ApplicationContext.log Manager: restart: Reloading web application '/GestionDeUnaBiblioteca'
07-Mar-2024 09:25:48.409 INFO [http-nio-8080-exec-111] org.apache.catalina.core.ApplicationContext.log Manager: list: Listing contexts for virtual host 'localhost'
07-Mar-2024 09:25:48.416 INFO [http-nio-8080-exec-112] org.apache.catalina.core.ApplicationContext.log Manager: restart: Reloading web application '/GestionDeUnaBiblioteca'
07-Mar-2024 09:27:16.463 INFO [http-nio-8080-exec-109] org.apache.catalina.core.ApplicationContext.log Manager: list: Listing contexts for virtual host 'localhost'
07-Mar-2024 09:27:16.469 INFO [http-nio-8080-exec-118] org.apache.catalina.core.ApplicationContext.log Manager: restart: Reloading web application '/GestionDeUnaBiblioteca'
07-Mar-2024 09:30:38.431 INFO [http-nio-8080-exec-125] org.apache.catalina.core.ApplicationContext.log Manager: list: Listing contexts for virtual host 'localhost'
07-Mar-2024 09:30:38.437 INFO [http-nio-8080-exec-126] org.apache.catalina.core.ApplicationContext.log Manager: restart: Reloading web application '/GestionDeUnaBiblioteca'
07-Mar-2024 09:30:48.694 INFO [http-nio-8080-exec-121] org.apache.catalina.core.ApplicationContext.log Manager: list: Listing contexts for virtual host 'localhost'
07-Mar-2024 09:30:48.701 INFO [http-nio-8080-exec-130] org.apache.catalina.core.ApplicationContext.log Manager: restart: Reloading web application '/GestionDeUnaBiblioteca'
07-Mar-2024 09:30:59.957 INFO [http-nio-8080-exec-129] org.apache.catalina.core.ApplicationContext.log Manager: list: Listing contexts for virtual host 'localhost'
07-Mar-2024 09:30:59.964 INFO [http-nio-8080-exec-121] org.apache.catalina.core.ApplicationContext.log Manager: restart: Reloading web application '/GestionDeUnaBiblioteca'
07-Mar-2024 09:32:36.322 INFO [http-nio-8080-exec-134] org.apache.catalina.core.ApplicationContext.log Manager: list: Listing contexts for virtual host 'localhost'
07-Mar-2024 09:32:36.327 INFO [http-nio-8080-exec-129] org.apache.catalina.core.ApplicationContext.log Manager: restart: Reloading web application '/GestionDeUnaBiblioteca'
07-Mar-2024 09:33:06.553 INFO [http-nio-8080-exec-131] org.apache.catalina.core.ApplicationContext.log Manager: list: Listing contexts for virtual host 'localhost'
07-Mar-2024 09:33:06.559 INFO [http-nio-8080-exec-134] org.apache.catalina.core.ApplicationContext.log Manager: restart: Reloading web application '/GestionDeUnaBiblioteca'
07-Mar-2024 09:35:59.461 INFO [http-nio-8080-exec-142] org.apache.catalina.core.ApplicationContext.log Manager: list: Listing contexts for virtual host 'localhost'
07-Mar-2024 09:35:59.467 INFO [http-nio-8080-exec-143] org.apache.catalina.core.ApplicationContext.log Manager: restart: Reloading web application '/GestionDeUnaBiblioteca'
07-Mar-2024 09:37:23.161 INFO [http-nio-8080-exec-142] org.apache.catalina.core.ApplicationContext.log Manager: list: Listing contexts for virtual host 'localhost'
07-Mar-2024 09:37:23.167 INFO [http-nio-8080-exec-144] org.apache.catalina.core.ApplicationContext.log Manager: restart: Reloading web application '/GestionDeUnaBiblioteca'
07-Mar-2024 09:37:25.552 INFO [http-nio-8080-exec-139] org.apache.catalina.core.ApplicationContext.log Manager: list: Listing contexts for virtual host 'localhost'
07-Mar-2024 09:37:25.639 INFO [http-nio-8080-exec-142] org.apache.catalina.core.ApplicationContext.log Manager: restart: Reloading web application '/GestionDeUnaBiblioteca'
07-Mar-2024 09:38:57.173 INFO [http-nio-8080-exec-139] org.apache.catalina.core.ApplicationContext.log Manager: list: Listing contexts for virtual host 'localhost'
07-Mar-2024 09:38:57.178 INFO [http-nio-8080-exec-147] org.apache.catalina.core.ApplicationContext.log Manager: restart: Reloading web application '/GestionDeUnaBiblioteca'
07-Mar-2024 09:40:57.658 INFO [http-nio-8080-exec-152] org.apache.catalina.core.ApplicationContext.log Manager: list: Listing contexts for virtual host 'localhost'
07-Mar-2024 09:40:57.664 INFO [http-nio-8080-exec-145] org.apache.catalina.core.ApplicationContext.log Manager: restart: Reloading web application '/GestionDeUnaBiblioteca'
07-Mar-2024 09:41:59.985 INFO [http-nio-8080-exec-149] org.apache.catalina.core.ApplicationContext.log Manager: list: Listing contexts for virtual host 'localhost'
07-Mar-2024 09:41:59.991 INFO [http-nio-8080-exec-155] org.apache.catalina.core.ApplicationContext.log Manager: restart: Reloading web application '/GestionDeUnaBiblioteca'
07-Mar-2024 09:42:52.004 INFO [http-nio-8080-exec-139] org.apache.catalina.core.ApplicationContext.log Manager: list: Listing contexts for virtual host 'localhost'
07-Mar-2024 09:42:52.012 INFO [http-nio-8080-exec-158] org.apache.catalina.core.ApplicationContext.log Manager: restart: Reloading web application '/GestionDeUnaBiblioteca'
07-Mar-2024 09:43:25.915 INFO [http-nio-8080-exec-157] org.apache.catalina.core.ApplicationContext.log Manager: list: Listing contexts for virtual host 'localhost'
07-Mar-2024 09:43:25.921 INFO [http-nio-8080-exec-161] org.apache.catalina.core.ApplicationContext.log Manager: restart: Reloading web application '/GestionDeUnaBiblioteca'
07-Mar-2024 09:44:40.889 INFO [http-nio-8080-exec-152] org.apache.catalina.core.ApplicationContext.log Manager: list: Listing contexts for virtual host 'localhost'
07-Mar-2024 09:44:40.897 INFO [http-nio-8080-exec-170] org.apache.catalina.core.ApplicationContext.log Manager: restart: Reloading web application '/GestionDeUnaBiblioteca'
07-Mar-2024 09:45:17.067 INFO [http-nio-8080-exec-167] org.apache.catalina.core.ApplicationContext.log Manager: list: Listing contexts for virtual host 'localhost'
07-Mar-2024 09:45:17.075 INFO [http-nio-8080-exec-163] org.apache.catalina.core.ApplicationContext.log Manager: restart: Reloading web application '/GestionDeUnaBiblioteca'
07-Mar-2024 09:46:07.609 INFO [http-nio-8080-exec-165] org.apache.catalina.core.ApplicationContext.log Manager: list: Listing contexts for virtual host 'localhost'
07-Mar-2024 09:46:07.616 INFO [http-nio-8080-exec-139] org.apache.catalina.core.ApplicationContext.log Manager: restart: Reloading web application '/GestionDeUnaBiblioteca'
07-Mar-2024 09:46:16.265 INFO [http-nio-8080-exec-152] org.apache.catalina.core.ApplicationContext.log Manager: list: Listing contexts for virtual host 'localhost'
07-Mar-2024 09:46:16.271 INFO [http-nio-8080-exec-160] org.apache.catalina.core.ApplicationContext.log Manager: restart: Reloading web application '/GestionDeUnaBiblioteca'
07-Mar-2024 09:48:18.621 INFO [http-nio-8080-exec-179] org.apache.catalina.core.ApplicationContext.log Manager: list: Listing contexts for virtual host 'localhost'
07-Mar-2024 09:48:18.627 INFO [http-nio-8080-exec-173] org.apache.catalina.core.ApplicationContext.log Manager: restart: Reloading web application '/GestionDeUnaBiblioteca'
07-Mar-2024 09:49:35.415 INFO [http-nio-8080-exec-180] org.apache.catalina.core.ApplicationContext.log Manager: list: Listing contexts for virtual host 'localhost'
07-Mar-2024 09:50:21.597 INFO [http-nio-8080-exec-182] org.apache.catalina.core.ApplicationContext.log Manager: list: Listing contexts for virtual host 'localhost'
07-Mar-2024 09:52:23.479 INFO [http-nio-8080-exec-184] org.apache.catalina.core.ApplicationContext.log Manager: list: Listing contexts for virtual host 'localhost'
07-Mar-2024 09:53:13.399 INFO [http-nio-8080-exec-177] org.apache.catalina.core.ApplicationContext.log Manager: list: Listing contexts for virtual host 'localhost'
07-Mar-2024 09:53:49.039 INFO [http-nio-8080-exec-188] org.apache.catalina.core.ApplicationContext.log Manager: list: Listing contexts for virtual host 'localhost'
07-Mar-2024 09:53:49.045 INFO [http-nio-8080-exec-189] org.apache.catalina.core.ApplicationContext.log Manager: restart: Reloading web application '/GestionDeUnaBiblioteca'
07-Mar-2024 09:54:11.403 INFO [http-nio-8080-exec-187] org.apache.catalina.core.ApplicationContext.log Manager: list: Listing contexts for virtual host 'localhost'
07-Mar-2024 09:54:23.509 INFO [http-nio-8080-exec-182] org.apache.catalina.core.ApplicationContext.log Manager: list: Listing contexts for virtual host 'localhost'
07-Mar-2024 09:54:23.828 INFO [http-nio-8080-exec-190] org.apache.catalina.core.ApplicationContext.log Manager: list: Listing contexts for virtual host 'localhost'
07-Mar-2024 09:57:20.256 INFO [http-nio-8080-exec-195] org.apache.catalina.core.ApplicationContext.log Manager: list: Listing contexts for virtual host 'localhost'
07-Mar-2024 09:57:49.762 INFO [http-nio-8080-exec-185] org.apache.catalina.core.ApplicationContext.log Manager: list: Listing contexts for virtual host 'localhost'
07-Mar-2024 10:01:00.575 INFO [http-nio-8080-exec-192] org.apache.catalina.core.ApplicationContext.log Manager: list: Listing contexts for virtual host 'localhost'
07-Mar-2024 10:01:41.882 INFO [http-nio-8080-exec-199] org.apache.catalina.core.ApplicationContext.log Manager: list: Listing contexts for virtual host 'localhost'
07-Mar-2024 10:04:50.174 INFO [http-nio-8080-exec-196] org.apache.catalina.core.ApplicationContext.log Manager: list: Listing contexts for virtual host 'localhost'
07-Mar-2024 10:07:07.068 INFO [http-nio-8080-exec-196] org.apache.catalina.core.ApplicationContext.log Manager: list: Listing contexts for virtual host 'localhost'
07-Mar-2024 10:07:07.075 INFO [http-nio-8080-exec-193] org.apache.catalina.core.ApplicationContext.log Manager: restart: Reloading web application '/GestionDeUnaBiblioteca'
07-Mar-2024 10:09:03.824 INFO [http-nio-8080-exec-204] org.apache.catalina.core.ApplicationContext.log Manager: list: Listing contexts for virtual host 'localhost'
07-Mar-2024 10:09:03.830 INFO [http-nio-8080-exec-205] org.apache.catalina.core.ApplicationContext.log Manager: restart: Reloading web application '/GestionDeUnaBiblioteca'
07-Mar-2024 10:10:19.401 INFO [http-nio-8080-exec-202] org.apache.catalina.core.ApplicationContext.log Manager: list: Listing contexts for virtual host 'localhost'
07-Mar-2024 10:10:19.407 INFO [http-nio-8080-exec-192] org.apache.catalina.core.ApplicationContext.log Manager: restart: Reloading web application '/GestionDeUnaBiblioteca'
07-Mar-2024 10:10:33.027 INFO [http-nio-8080-exec-213] org.apache.catalina.core.ApplicationContext.log Manager: list: Listing contexts for virtual host 'localhost'
07-Mar-2024 10:10:33.033 INFO [http-nio-8080-exec-204] org.apache.catalina.core.ApplicationContext.log Manager: restart: Reloading web application '/GestionDeUnaBiblioteca'
07-Mar-2024 10:12:34.909 INFO [http-nio-8080-exec-210] org.apache.catalina.core.ApplicationContext.log Manager: list: Listing contexts for virtual host 'localhost'
07-Mar-2024 10:12:34.916 INFO [http-nio-8080-exec-223] org.apache.catalina.core.ApplicationContext.log Manager: restart: Reloading web application '/GestionDeUnaBiblioteca'
07-Mar-2024 10:13:26.289 INFO [http-nio-8080-exec-221] org.apache.catalina.core.ApplicationContext.log Manager: list: Listing contexts for virtual host 'localhost'
07-Mar-2024 10:13:26.295 INFO [http-nio-8080-exec-224] org.apache.catalina.core.ApplicationContext.log Manager: restart: Reloading web application '/GestionDeUnaBiblioteca'
07-Mar-2024 10:13:35.723 INFO [http-nio-8080-exec-219] org.apache.catalina.core.ApplicationContext.log Manager: list: Listing contexts for virtual host 'localhost'
07-Mar-2024 10:18:48.812 INFO [http-nio-8080-exec-235] org.apache.catalina.core.ApplicationContext.log Manager: list: Listing contexts for virtual host 'localhost'
07-Mar-2024 10:19:39.140 INFO [http-nio-8080-exec-233] org.apache.catalina.core.ApplicationContext.log Manager: list: Listing contexts for virtual host 'localhost'
07-Mar-2024 10:20:27.595 INFO [http-nio-8080-exec-230] org.apache.catalina.core.ApplicationContext.log Manager: list: Listing contexts for virtual host 'localhost'
07-Mar-2024 10:21:58.425 INFO [http-nio-8080-exec-234] org.apache.catalina.core.ApplicationContext.log Manager: list: Listing contexts for virtual host 'localhost'
07-Mar-2024 10:23:28.291 INFO [http-nio-8080-exec-230] org.apache.catalina.core.ApplicationContext.log Manager: list: Listing contexts for virtual host 'localhost'
07-Mar-2024 10:24:40.066 INFO [http-nio-8080-exec-234] org.apache.catalina.core.ApplicationContext.log Manager: list: Listing contexts for virtual host 'localhost'
07-Mar-2024 10:25:12.175 INFO [http-nio-8080-exec-236] org.apache.catalina.core.ApplicationContext.log Manager: list: Listing contexts for virtual host 'localhost'
07-Mar-2024 10:25:23.254 INFO [http-nio-8080-exec-232] org.apache.catalina.core.ApplicationContext.log Manager: list: Listing contexts for virtual host 'localhost'
07-Mar-2024 10:25:47.032 INFO [http-nio-8080-exec-237] org.apache.catalina.core.ApplicationContext.log Manager: list: Listing contexts for virtual host 'localhost'
07-Mar-2024 10:26:28.830 INFO [http-nio-8080-exec-235] org.apache.catalina.core.ApplicationContext.log Manager: list: Listing contexts for virtual host 'localhost'
07-Mar-2024 10:27:09.684 INFO [http-nio-8080-exec-231] org.apache.catalina.core.ApplicationContext.log Manager: list: Listing contexts for virtual host 'localhost'
07-Mar-2024 10:27:46.199 INFO [http-nio-8080-exec-233] org.apache.catalina.core.ApplicationContext.log Manager: list: Listing contexts for virtual host 'localhost'
07-Mar-2024 10:30:14.405 INFO [http-nio-8080-exec-237] org.apache.catalina.core.ApplicationContext.log Manager: list: Listing contexts for virtual host 'localhost'
07-Mar-2024 10:31:38.374 INFO [http-nio-8080-exec-238] org.apache.catalina.core.ApplicationContext.log Manager: list: Listing contexts for virtual host 'localhost'
07-Mar-2024 10:32:25.063 INFO [http-nio-8080-exec-232] org.apache.catalina.core.ApplicationContext.log Manager: list: Listing contexts for virtual host 'localhost'
07-Mar-2024 10:33:51.540 INFO [http-nio-8080-exec-231] org.apache.catalina.core.ApplicationContext.log Manager: list: Listing contexts for virtual host 'localhost'
07-Mar-2024 10:34:15.380 INFO [http-nio-8080-exec-230] org.apache.catalina.core.ApplicationContext.log Manager: list: Listing contexts for virtual host 'localhost'
07-Mar-2024 10:34:32.527 INFO [http-nio-8080-exec-232] org.apache.catalina.core.ApplicationContext.log Manager: list: Listing contexts for virtual host 'localhost'
07-Mar-2024 10:34:57.982 INFO [http-nio-8080-exec-238] org.apache.catalina.core.ApplicationContext.log Manager: list: Listing contexts for virtual host 'localhost'
07-Mar-2024 10:35:36.706 INFO [http-nio-8080-exec-237] org.apache.catalina.core.ApplicationContext.log Manager: list: Listing contexts for virtual host 'localhost'
07-Mar-2024 10:37:21.728 INFO [http-nio-8080-exec-237] org.apache.catalina.core.ApplicationContext.log Manager: list: Listing contexts for virtual host 'localhost'
07-Mar-2024 10:39:56.713 INFO [http-nio-8080-exec-229] org.apache.catalina.core.ApplicationContext.log Manager: list: Listing contexts for virtual host 'localhost'
07-Mar-2024 10:48:02.425 INFO [http-nio-8080-exec-236] org.apache.catalina.core.ApplicationContext.log Manager: list: Listing contexts for virtual host 'localhost'
07-Mar-2024 10:48:02.434 INFO [http-nio-8080-exec-233] org.apache.catalina.core.ApplicationContext.log Manager: stop: Stopping web application '/GestionDeUnaBiblioteca'
07-Mar-2024 10:48:02.440 INFO [http-nio-8080-exec-229] org.apache.catalina.core.ApplicationContext.log Manager: start: Starting web application '/GestionDeUnaBiblioteca'
07-Mar-2024 10:48:05.311 INFO [http-nio-8080-exec-235] org.apache.catalina.core.ApplicationContext.log Manager: list: Listing contexts for virtual host 'localhost'
07-Mar-2024 10:48:05.319 INFO [http-nio-8080-exec-237] org.apache.catalina.core.ApplicationContext.log Manager: stop: Stopping web application '/GestionDeUnaBiblioteca'
07-Mar-2024 10:48:05.323 INFO [http-nio-8080-exec-235] org.apache.catalina.core.ApplicationContext.log Manager: start: Starting web application '/GestionDeUnaBiblioteca'
07-Mar-2024 10:48:13.053 INFO [http-nio-8080-exec-230] org.apache.catalina.core.ApplicationContext.log Manager: list: Listing contexts for virtual host 'localhost'
07-Mar-2024 10:48:13.062 INFO [http-nio-8080-exec-238] org.apache.catalina.core.ApplicationContext.log Manager: restart: Reloading web application '/GestionDeUnaBiblioteca'
07-Mar-2024 10:49:10.018 INFO [http-nio-8080-exec-230] org.apache.catalina.core.ApplicationContext.log Manager: list: Listing contexts for virtual host 'localhost'
07-Mar-2024 10:49:10.024 INFO [http-nio-8080-exec-234] org.apache.catalina.core.ApplicationContext.log Manager: restart: Reloading web application '/GestionDeUnaBiblioteca'
07-Mar-2024 10:49:28.320 INFO [http-nio-8080-exec-244] org.apache.catalina.core.ApplicationContext.log Manager: list: Listing contexts for virtual host 'localhost'
07-Mar-2024 10:49:28.326 INFO [http-nio-8080-exec-236] org.apache.catalina.core.ApplicationContext.log Manager: restart: Reloading web application '/GestionDeUnaBiblioteca'
07-Mar-2024 10:52:22.307 INFO [http-nio-8080-exec-246] org.apache.catalina.core.ApplicationContext.log Manager: list: Listing contexts for virtual host 'localhost'
07-Mar-2024 10:52:22.314 INFO [http-nio-8080-exec-245] org.apache.catalina.core.ApplicationContext.log Manager: restart: Reloading web application '/GestionDeUnaBiblioteca'
07-Mar-2024 10:54:16.925 INFO [http-nio-8080-exec-252] org.apache.catalina.core.ApplicationContext.log Manager: list: Listing contexts for virtual host 'localhost'
07-Mar-2024 10:54:16.935 INFO [http-nio-8080-exec-244] org.apache.catalina.core.ApplicationContext.log Manager: restart: Reloading web application '/GestionDeUnaBiblioteca'
07-Mar-2024 10:54:19.316 INFO [http-nio-8080-exec-239] org.apache.catalina.core.ApplicationContext.log Manager: list: Listing contexts for virtual host 'localhost'
07-Mar-2024 10:54:19.325 INFO [http-nio-8080-exec-252] org.apache.catalina.core.ApplicationContext.log Manager: restart: Reloading web application '/GestionDeUnaBiblioteca'
07-Mar-2024 10:54:29.229 INFO [http-nio-8080-exec-246] org.apache.catalina.core.ApplicationContext.log Manager: list: Listing contexts for virtual host 'localhost'
07-Mar-2024 10:54:29.235 INFO [http-nio-8080-exec-253] org.apache.catalina.core.ApplicationContext.log Manager: restart: Reloading web application '/GestionDeUnaBiblioteca'
07-Mar-2024 10:54:38.453 INFO [http-nio-8080-exec-254] org.apache.catalina.core.ApplicationContext.log Manager: list: Listing contexts for virtual host 'localhost'
07-Mar-2024 10:54:38.459 INFO [http-nio-8080-exec-246] org.apache.catalina.core.ApplicationContext.log Manager: restart: Reloading web application '/GestionDeUnaBiblioteca'
07-Mar-2024 10:54:48.084 INFO [http-nio-8080-exec-251] org.apache.catalina.core.ApplicationContext.log Manager: list: Listing contexts for virtual host 'localhost'
07-Mar-2024 10:54:48.090 INFO [http-nio-8080-exec-254] org.apache.catalina.core.ApplicationContext.log Manager: restart: Reloading web application '/GestionDeUnaBiblioteca'
07-Mar-2024 10:54:48.090 SEVERE [http-nio-8080-exec-254] org.apache.catalina.core.ApplicationContext.log Manager: Error reloading [/GestionDeUnaBiblioteca]
	java.lang.IllegalStateException: Aún no se ha arrancado el Contexto [/GestionDeUnaBiblioteca]
		at org.apache.catalina.core.StandardContext.reload(StandardContext.java:3564)
		at org.apache.catalina.manager.ManagerServlet.reload(ManagerServlet.java:1133)
		at org.apache.catalina.manager.ManagerServlet.doGet(ManagerServlet.java:368)
		at javax.servlet.http.HttpServlet.service(HttpServlet.java:529)
		at javax.servlet.http.HttpServlet.service(HttpServlet.java:623)
		at org.apache.catalina.core.ApplicationFilterChain.internalDoFilter(ApplicationFilterChain.java:209)
		at org.apache.catalina.core.ApplicationFilterChain.doFilter(ApplicationFilterChain.java:153)
		at org.apache.tomcat.websocket.server.WsFilter.doFilter(WsFilter.java:51)
		at org.apache.catalina.core.ApplicationFilterChain.internalDoFilter(ApplicationFilterChain.java:178)
		at org.apache.catalina.core.ApplicationFilterChain.doFilter(ApplicationFilterChain.java:153)
		at org.apache.catalina.filters.HttpHeaderSecurityFilter.doFilter(HttpHeaderSecurityFilter.java:129)
		at org.apache.catalina.core.ApplicationFilterChain.internalDoFilter(ApplicationFilterChain.java:178)
		at org.apache.catalina.core.ApplicationFilterChain.doFilter(ApplicationFilterChain.java:153)
		at org.apache.catalina.core.StandardWrapperValve.invoke(StandardWrapperValve.java:168)
		at org.apache.catalina.core.StandardContextValve.invoke(StandardContextValve.java:90)
		at org.apache.catalina.authenticator.AuthenticatorBase.invoke(AuthenticatorBase.java:596)
		at org.apache.catalina.valves.RequestFilterValve.process(RequestFilterValve.java:355)
		at org.apache.catalina.valves.RemoteAddrValve.invoke(RemoteAddrValve.java:54)
		at org.apache.catalina.core.StandardHostValve.invoke(StandardHostValve.java:130)
		at org.apache.catalina.valves.ErrorReportValve.invoke(ErrorReportValve.java:93)
		at org.apache.catalina.valves.AbstractAccessLogValve.invoke(AbstractAccessLogValve.java:670)
		at org.apache.catalina.core.StandardEngineValve.invoke(StandardEngineValve.java:74)
		at org.apache.catalina.connector.CoyoteAdapter.service(CoyoteAdapter.java:343)
		at org.apache.coyote.http11.Http11Processor.service(Http11Processor.java:390)
		at org.apache.coyote.AbstractProcessorLight.process(AbstractProcessorLight.java:63)
		at org.apache.coyote.AbstractProtocol$ConnectionHandler.process(AbstractProtocol.java:926)
		at org.apache.tomcat.util.net.NioEndpoint$SocketProcessor.doRun(NioEndpoint.java:1790)
		at org.apache.tomcat.util.net.SocketProcessorBase.run(SocketProcessorBase.java:52)
		at org.apache.tomcat.util.threads.ThreadPoolExecutor.runWorker(ThreadPoolExecutor.java:1191)
		at org.apache.tomcat.util.threads.ThreadPoolExecutor$Worker.run(ThreadPoolExecutor.java:659)
		at org.apache.tomcat.util.threads.TaskThread$WrappingRunnable.run(TaskThread.java:61)
		at java.base/java.lang.Thread.run(Thread.java:1589)
07-Mar-2024 10:55:04.377 INFO [http-nio-8080-exec-255] org.apache.catalina.core.ApplicationContext.log Manager: list: Listing contexts for virtual host 'localhost'
07-Mar-2024 10:55:04.379 INFO [http-nio-8080-exec-259] org.apache.catalina.core.ApplicationContext.log Manager: list: Listing contexts for virtual host 'localhost'
07-Mar-2024 10:55:04.391 INFO [http-nio-8080-exec-251] org.apache.catalina.core.ApplicationContext.log Manager: undeploy: Undeploying web application at '/GestionDeUnaBiblioteca'
07-Mar-2024 10:55:04.971 INFO [http-nio-8080-exec-254] org.apache.catalina.core.ApplicationContext.log Manager: install: Installing context configuration at 'file:/C:/Users/camer/AppData/Local/Temp/context11371974885947209351.xml'
07-Mar-2024 10:55:27.927 INFO [http-nio-8080-exec-232] org.apache.catalina.core.ApplicationContext.log Manager: list: Listing contexts for virtual host 'localhost'
07-Mar-2024 10:55:27.929 INFO [http-nio-8080-exec-256] org.apache.catalina.core.ApplicationContext.log Manager: list: Listing contexts for virtual host 'localhost'
07-Mar-2024 10:55:27.939 INFO [http-nio-8080-exec-261] org.apache.catalina.core.ApplicationContext.log Manager: undeploy: Undeploying web application at '/GestionDeUnaBiblioteca'
07-Mar-2024 10:55:28.483 INFO [http-nio-8080-exec-262] org.apache.catalina.core.ApplicationContext.log Manager: install: Installing context configuration at 'file:/C:/Users/camer/AppData/Local/Temp/context1646502927347625528.xml'
07-Mar-2024 10:55:41.339 INFO [http-nio-8080-exec-264] org.apache.catalina.core.ApplicationContext.log Manager: list: Listing contexts for virtual host 'localhost'
07-Mar-2024 10:55:41.341 INFO [http-nio-8080-exec-259] org.apache.catalina.core.ApplicationContext.log Manager: list: Listing contexts for virtual host 'localhost'
07-Mar-2024 10:55:41.348 INFO [http-nio-8080-exec-261] org.apache.catalina.core.ApplicationContext.log Manager: undeploy: Undeploying web application at '/GestionDeUnaBiblioteca'
07-Mar-2024 10:55:41.908 INFO [http-nio-8080-exec-263] org.apache.catalina.core.ApplicationContext.log Manager: install: Installing context configuration at 'file:/C:/Users/camer/AppData/Local/Temp/context2731239162132708814.xml'
07-Mar-2024 10:56:16.101 INFO [http-nio-8080-exec-258] org.apache.catalina.core.ApplicationContext.log Manager: list: Listing contexts for virtual host 'localhost'
07-Mar-2024 10:56:16.103 INFO [http-nio-8080-exec-257] org.apache.catalina.core.ApplicationContext.log Manager: list: Listing contexts for virtual host 'localhost'
07-Mar-2024 10:56:16.117 INFO [http-nio-8080-exec-265] org.apache.catalina.core.ApplicationContext.log Manager: undeploy: Undeploying web application at '/GestionDeUnaBiblioteca'
07-Mar-2024 10:56:16.635 INFO [http-nio-8080-exec-266] org.apache.catalina.core.ApplicationContext.log Manager: install: Installing context configuration at 'file:/C:/Users/camer/AppData/Local/Temp/context35888232379200019.xml'
07-Mar-2024 10:56:19.148 INFO [http-nio-8080-exec-265] org.apache.catalina.core.ApplicationContext.log Manager: list: Listing contexts for virtual host 'localhost'
07-Mar-2024 10:56:19.152 INFO [http-nio-8080-exec-264] org.apache.catalina.core.ApplicationContext.log Manager: list: Listing contexts for virtual host 'localhost'
07-Mar-2024 10:56:19.186 INFO [http-nio-8080-exec-257] org.apache.catalina.core.ApplicationContext.log Manager: undeploy: Undeploying web application at '/GestionDeUnaBiblioteca'
07-Mar-2024 10:56:19.751 INFO [http-nio-8080-exec-265] org.apache.catalina.core.ApplicationContext.log Manager: install: Installing context configuration at 'file:/C:/Users/camer/AppData/Local/Temp/context4065700786393262375.xml'
07-Mar-2024 10:56:23.358 INFO [http-nio-8080-exec-258] org.apache.catalina.core.ApplicationContext.log Manager: list: Listing contexts for virtual host 'localhost'
07-Mar-2024 10:56:23.361 INFO [http-nio-8080-exec-259] org.apache.catalina.core.ApplicationContext.log Manager: list: Listing contexts for virtual host 'localhost'
07-Mar-2024 10:56:23.368 INFO [http-nio-8080-exec-264] org.apache.catalina.core.ApplicationContext.log Manager: undeploy: Undeploying web application at '/GestionDeUnaBiblioteca'
07-Mar-2024 10:56:23.929 INFO [http-nio-8080-exec-269] org.apache.catalina.core.ApplicationContext.log Manager: install: Installing context configuration at 'file:/C:/Users/camer/AppData/Local/Temp/context4907942038827369777.xml'
07-Mar-2024 10:56:26.231 INFO [http-nio-8080-exec-258] org.apache.catalina.core.ApplicationContext.log Manager: list: Listing contexts for virtual host 'localhost'
07-Mar-2024 10:56:26.233 INFO [http-nio-8080-exec-259] org.apache.catalina.core.ApplicationContext.log Manager: list: Listing contexts for virtual host 'localhost'
07-Mar-2024 10:56:26.247 INFO [http-nio-8080-exec-264] org.apache.catalina.core.ApplicationContext.log Manager: undeploy: Undeploying web application at '/GestionDeUnaBiblioteca'
07-Mar-2024 10:56:26.779 INFO [http-nio-8080-exec-271] org.apache.catalina.core.ApplicationContext.log Manager: install: Installing context configuration at 'file:/C:/Users/camer/AppData/Local/Temp/context12091173840276517846.xml'
07-Mar-2024 10:56:33.311 INFO [http-nio-8080-exec-258] org.apache.catalina.core.ApplicationContext.log Manager: list: Listing contexts for virtual host 'localhost'
07-Mar-2024 10:56:33.312 INFO [http-nio-8080-exec-255] org.apache.catalina.core.ApplicationContext.log Manager: list: Listing contexts for virtual host 'localhost'
07-Mar-2024 10:56:33.321 INFO [http-nio-8080-exec-264] org.apache.catalina.core.ApplicationContext.log Manager: undeploy: Undeploying web application at '/GestionDeUnaBiblioteca'
07-Mar-2024 10:56:33.885 INFO [http-nio-8080-exec-272] org.apache.catalina.core.ApplicationContext.log Manager: install: Installing context configuration at 'file:/C:/Users/camer/AppData/Local/Temp/context12155297008332403644.xml'
07-Mar-2024 10:56:35.844 INFO [http-nio-8080-exec-273] org.apache.catalina.core.ApplicationContext.log Manager: start: Starting web application '/GestionDeUnaBiblioteca'
07-Mar-2024 10:56:40.014 INFO [http-nio-8080-exec-260] org.apache.catalina.core.ApplicationContext.log Manager: list: Listing contexts for virtual host 'localhost'
07-Mar-2024 10:56:40.020 INFO [http-nio-8080-exec-264] org.apache.catalina.core.ApplicationContext.log Manager: restart: Reloading web application '/GestionDeUnaBiblioteca'
07-Mar-2024 10:56:57.749 INFO [http-nio-8080-exec-255] org.apache.catalina.core.ApplicationContext.log Manager: list: Listing contexts for virtual host 'localhost'
07-Mar-2024 10:56:57.762 INFO [http-nio-8080-exec-260] org.apache.catalina.core.ApplicationContext.log Manager: restart: Reloading web application '/GestionDeUnaBiblioteca'
07-Mar-2024 10:57:06.957 INFO [http-nio-8080-exec-277] org.apache.catalina.core.ApplicationContext.log Manager: list: Listing contexts for virtual host 'localhost'
07-Mar-2024 10:57:06.963 INFO [http-nio-8080-exec-274] org.apache.catalina.core.ApplicationContext.log Manager: restart: Reloading web application '/GestionDeUnaBiblioteca'
07-Mar-2024 10:57:23.459 INFO [http-nio-8080-exec-275] org.apache.catalina.core.ApplicationContext.log Manager: list: Listing contexts for virtual host 'localhost'
07-Mar-2024 10:57:23.465 INFO [http-nio-8080-exec-279] org.apache.catalina.core.ApplicationContext.log Manager: restart: Reloading web application '/GestionDeUnaBiblioteca'
07-Mar-2024 10:57:36.352 INFO [http-nio-8080-exec-281] org.apache.catalina.core.ApplicationContext.log Manager: list: Listing contexts for virtual host 'localhost'
07-Mar-2024 10:57:36.359 INFO [http-nio-8080-exec-276] org.apache.catalina.core.ApplicationContext.log Manager: restart: Reloading web application '/GestionDeUnaBiblioteca'
07-Mar-2024 10:57:48.634 INFO [http-nio-8080-exec-275] org.apache.catalina.core.ApplicationContext.log Manager: list: Listing contexts for virtual host 'localhost'
07-Mar-2024 10:57:48.640 INFO [http-nio-8080-exec-277] org.apache.catalina.core.ApplicationContext.log Manager: restart: Reloading web application '/GestionDeUnaBiblioteca'
07-Mar-2024 11:00:31.222 INFO [http-nio-8080-exec-288] org.apache.catalina.core.ApplicationContext.log Manager: list: Listing contexts for virtual host 'localhost'
07-Mar-2024 11:00:31.277 INFO [http-nio-8080-exec-290] org.apache.catalina.core.ApplicationContext.log Manager: list: Listing contexts for virtual host 'localhost'
07-Mar-2024 11:01:02.466 INFO [http-nio-8080-exec-289] org.apache.catalina.core.ApplicationContext.log Manager: list: Listing contexts for virtual host 'localhost'
07-Mar-2024 11:01:02.474 INFO [http-nio-8080-exec-288] org.apache.catalina.core.ApplicationContext.log Manager: stop: Stopping web application '/GestionDeUnaBiblioteca'
07-Mar-2024 11:01:02.480 INFO [http-nio-8080-exec-290] org.apache.catalina.core.ApplicationContext.log Manager: start: Starting web application '/GestionDeUnaBiblioteca'
07-Mar-2024 11:01:04.980 INFO [http-nio-8080-exec-295] org.apache.catalina.core.ApplicationContext.log Manager: list: Listing contexts for virtual host 'localhost'
07-Mar-2024 11:01:04.988 INFO [http-nio-8080-exec-293] org.apache.catalina.core.ApplicationContext.log Manager: restart: Reloading web application '/GestionDeUnaBiblioteca'
07-Mar-2024 11:01:11.155 INFO [http-nio-8080-exec-291] org.apache.catalina.core.ApplicationContext.log Manager: list: Listing contexts for virtual host 'localhost'
07-Mar-2024 11:01:11.162 INFO [http-nio-8080-exec-297] org.apache.catalina.core.ApplicationContext.log Manager: restart: Reloading web application '/GestionDeUnaBiblioteca'
07-Mar-2024 11:06:20.446 INFO [http-nio-8080-exec-306] org.apache.catalina.core.ApplicationContext.log Manager: list: Listing contexts for virtual host 'localhost'
07-Mar-2024 12:02:07.865 INFO [http-nio-8080-exec-301] org.apache.catalina.core.ApplicationContext.log Manager: list: Listing contexts for virtual host 'localhost'
07-Mar-2024 12:02:07.868 INFO [http-nio-8080-exec-303] org.apache.catalina.core.ApplicationContext.log Manager: list: Listing contexts for virtual host 'localhost'
07-Mar-2024 12:02:08.072 INFO [http-nio-8080-exec-305] org.apache.catalina.core.ApplicationContext.log Manager: stop: Stopping web application '/GestionDeUnaBiblioteca'
07-Mar-2024 12:02:08.078 INFO [http-nio-8080-exec-304] org.apache.catalina.core.ApplicationContext.log Manager: start: Starting web application '/GestionDeUnaBiblioteca'
