01-Jun-2024 17:50:39.102 INFO [http-nio-8080-exec-5] org.apache.catalina.core.ApplicationContext.log Manager: init: Associated with Deployer 'Catalina:type=Deployer,host=localhost'
01-Jun-2024 17:50:39.102 INFO [http-nio-8080-exec-5] org.apache.catalina.core.ApplicationContext.log Manager: init: Global resources are available
01-Jun-2024 17:50:39.145 INFO [http-nio-8080-exec-10] org.apache.catalina.core.ApplicationContext.log Manager: list: Listing contexts for virtual host 'localhost'
01-Jun-2024 17:50:39.149 INFO [http-nio-8080-exec-1] org.apache.catalina.core.ApplicationContext.log Manager: list: Listing contexts for virtual host 'localhost'
01-Jun-2024 17:50:39.189 INFO [http-nio-8080-exec-3] org.apache.catalina.core.ApplicationContext.log Manager: restart: Reloading web application '/TiendaOnline'
01-Jun-2024 17:54:56.774 INFO [http-nio-8080-exec-12] org.apache.catalina.core.ApplicationContext.log Manager: list: Listing contexts for virtual host 'localhost'
01-Jun-2024 17:54:56.778 INFO [http-nio-8080-exec-13] org.apache.catalina.core.ApplicationContext.log Manager: restart: Reloading web application '/TiendaOnline'
01-Jun-2024 18:00:36.754 INFO [http-nio-8080-exec-21] org.apache.catalina.core.ApplicationContext.log Manager: list: Listing contexts for virtual host 'localhost'
01-Jun-2024 18:02:25.893 INFO [http-nio-8080-exec-30] org.apache.catalina.core.ApplicationContext.log Manager: list: Listing contexts for virtual host 'localhost'
01-Jun-2024 18:02:25.899 INFO [http-nio-8080-exec-22] org.apache.catalina.core.ApplicationContext.log Manager: restart: Reloading web application '/TiendaOnline'
01-Jun-2024 18:02:28.611 INFO [http-nio-8080-exec-30] org.apache.catalina.core.ApplicationContext.log Manager: list: Listing contexts for virtual host 'localhost'
01-Jun-2024 18:02:28.619 INFO [http-nio-8080-exec-27] org.apache.catalina.core.ApplicationContext.log Manager: restart: Reloading web application '/TiendaOnline'
01-Jun-2024 18:02:57.655 INFO [http-nio-8080-exec-30] org.apache.catalina.core.ApplicationContext.log Manager: list: Listing contexts for virtual host 'localhost'
01-Jun-2024 18:02:57.660 INFO [http-nio-8080-exec-21] org.apache.catalina.core.ApplicationContext.log Manager: restart: Reloading web application '/TiendaOnline'
01-Jun-2024 18:03:03.769 INFO [http-nio-8080-exec-30] org.apache.catalina.core.ApplicationContext.log Manager: list: Listing contexts for virtual host 'localhost'
01-Jun-2024 18:03:03.773 INFO [http-nio-8080-exec-31] org.apache.catalina.core.ApplicationContext.log Manager: undeploy: Undeploying web application at '/TiendaOnline'
01-Jun-2024 18:03:09.337 INFO [http-nio-8080-exec-33] org.apache.catalina.core.ApplicationContext.log Manager: list: Listing contexts for virtual host 'localhost'
01-Jun-2024 18:03:09.339 INFO [http-nio-8080-exec-32] org.apache.catalina.core.ApplicationContext.log Manager: list: Listing contexts for virtual host 'localhost'
01-Jun-2024 18:03:09.347 INFO [http-nio-8080-exec-26] org.apache.catalina.core.ApplicationContext.log Manager: install: Installing context configuration at 'file:/C:/Users/Danil/AppData/Local/Temp/context16593265978157836187.xml'
01-Jun-2024 18:03:10.615 INFO [http-nio-8080-exec-38] org.apache.catalina.core.ApplicationContext.log Manager: start: Starting web application '/TiendaOnline'
01-Jun-2024 18:04:15.574 INFO [http-nio-8080-exec-40] org.apache.catalina.core.ApplicationContext.log Manager: list: Listing contexts for virtual host 'localhost'
01-Jun-2024 18:05:41.411 INFO [http-nio-8080-exec-44] org.apache.catalina.core.ApplicationContext.log Manager: list: Listing contexts for virtual host 'localhost'
01-Jun-2024 18:05:41.414 INFO [http-nio-8080-exec-49] org.apache.catalina.core.ApplicationContext.log Manager: restart: Reloading web application '/TiendaOnline'
01-Jun-2024 18:07:45.666 INFO [http-nio-8080-exec-51] org.apache.catalina.core.ApplicationContext.log Manager: list: Listing contexts for virtual host 'localhost'
01-Jun-2024 18:07:45.669 INFO [http-nio-8080-exec-52] org.apache.catalina.core.ApplicationContext.log Manager: restart: Reloading web application '/TiendaOnline'
01-Jun-2024 18:10:33.280 INFO [http-nio-8080-exec-68] org.apache.catalina.core.ApplicationContext.log Manager: list: Listing contexts for virtual host 'localhost'
01-Jun-2024 18:13:01.981 INFO [http-nio-8080-exec-65] org.apache.catalina.core.ApplicationContext.log Manager: list: Listing contexts for virtual host 'localhost'
01-Jun-2024 18:13:01.984 INFO [http-nio-8080-exec-66] org.apache.catalina.core.ApplicationContext.log Manager: restart: Reloading web application '/TiendaOnline'
01-Jun-2024 18:13:12.682 INFO [http-nio-8080-exec-71] org.apache.catalina.core.ApplicationContext.log Manager: list: Listing contexts for virtual host 'localhost'
01-Jun-2024 18:13:12.685 INFO [http-nio-8080-exec-72] org.apache.catalina.core.ApplicationContext.log Manager: undeploy: Undeploying web application at '/TiendaOnline'
01-Jun-2024 18:13:21.114 INFO [http-nio-8080-exec-74] org.apache.catalina.core.ApplicationContext.log Manager: list: Listing contexts for virtual host 'localhost'
01-Jun-2024 18:13:21.115 INFO [http-nio-8080-exec-68] org.apache.catalina.core.ApplicationContext.log Manager: list: Listing contexts for virtual host 'localhost'
01-Jun-2024 18:13:21.121 INFO [http-nio-8080-exec-62] org.apache.catalina.core.ApplicationContext.log Manager: install: Installing context configuration at 'file:/C:/Users/Danil/AppData/Local/Temp/context10159725121252327561.xml'
01-Jun-2024 18:13:22.561 INFO [http-nio-8080-exec-72] org.apache.catalina.core.ApplicationContext.log Manager: start: Starting web application '/TiendaOnline'
01-Jun-2024 18:14:11.861 INFO [http-nio-8080-exec-72] org.apache.catalina.core.ApplicationContext.log Manager: list: Listing contexts for virtual host 'localhost'
01-Jun-2024 18:14:11.864 INFO [http-nio-8080-exec-76] org.apache.catalina.core.ApplicationContext.log Manager: restart: Reloading web application '/TiendaOnline'
01-Jun-2024 18:19:04.827 INFO [http-nio-8080-exec-83] org.apache.catalina.core.ApplicationContext.log Manager: list: Listing contexts for virtual host 'localhost'
01-Jun-2024 18:20:02.085 INFO [http-nio-8080-exec-83] org.apache.catalina.core.ApplicationContext.log Manager: list: Listing contexts for virtual host 'localhost'
01-Jun-2024 18:20:25.565 INFO [http-nio-8080-exec-82] org.apache.catalina.core.ApplicationContext.log Manager: list: Listing contexts for virtual host 'localhost'
01-Jun-2024 18:20:27.296 INFO [http-nio-8080-exec-84] org.apache.catalina.core.ApplicationContext.log Manager: list: Listing contexts for virtual host 'localhost'
01-Jun-2024 18:21:36.769 INFO [http-nio-8080-exec-84] org.apache.catalina.core.ApplicationContext.log Manager: list: Listing contexts for virtual host 'localhost'
01-Jun-2024 18:21:50.872 INFO [http-nio-8080-exec-86] org.apache.catalina.core.ApplicationContext.log Manager: list: Listing contexts for virtual host 'localhost'
01-Jun-2024 18:21:57.658 INFO [http-nio-8080-exec-87] org.apache.catalina.core.ApplicationContext.log Manager: list: Listing contexts for virtual host 'localhost'
01-Jun-2024 18:21:57.661 INFO [http-nio-8080-exec-88] org.apache.catalina.core.ApplicationContext.log Manager: undeploy: Undeploying web application at '/TiendaOnline'
01-Jun-2024 18:21:57.761 INFO [http-nio-8080-exec-90] org.apache.catalina.core.ApplicationContext.log Manager: list: Listing contexts for virtual host 'localhost'
01-Jun-2024 18:21:58.186 INFO [http-nio-8080-exec-91] org.apache.catalina.core.ApplicationContext.log Manager: restart: Reloading web application '/TiendaOnline'
01-Jun-2024 18:22:00.845 INFO [http-nio-8080-exec-81] org.apache.catalina.core.ApplicationContext.log Manager: list: Listing contexts for virtual host 'localhost'
01-Jun-2024 18:22:00.847 INFO [http-nio-8080-exec-84] org.apache.catalina.core.ApplicationContext.log Manager: list: Listing contexts for virtual host 'localhost'
01-Jun-2024 18:22:00.852 INFO [http-nio-8080-exec-88] org.apache.catalina.core.ApplicationContext.log Manager: install: Installing context configuration at 'file:/C:/Users/Danil/AppData/Local/Temp/context501808341784486054.xml'
01-Jun-2024 18:22:02.303 INFO [http-nio-8080-exec-91] org.apache.catalina.core.ApplicationContext.log Manager: start: Starting web application '/TiendaOnline'
01-Jun-2024 18:23:20.592 INFO [http-nio-8080-exec-98] org.apache.catalina.core.ApplicationContext.log Manager: list: Listing contexts for virtual host 'localhost'
01-Jun-2024 18:23:20.595 INFO [http-nio-8080-exec-92] org.apache.catalina.core.ApplicationContext.log Manager: list: Listing contexts for virtual host 'localhost'
01-Jun-2024 18:23:20.601 INFO [http-nio-8080-exec-83] org.apache.catalina.core.ApplicationContext.log Manager: undeploy: Undeploying web application at '/TiendaOnline'
01-Jun-2024 18:23:21.121 INFO [http-nio-8080-exec-99] org.apache.catalina.core.ApplicationContext.log Manager: install: Installing context configuration at 'file:/C:/Users/Danil/AppData/Local/Temp/context14535758928224060683.xml'
01-Jun-2024 18:23:22.565 INFO [http-nio-8080-exec-92] org.apache.catalina.core.ApplicationContext.log Manager: start: Starting web application '/TiendaOnline'
01-Jun-2024 18:25:43.468 INFO [http-nio-8080-exec-100] org.apache.catalina.core.ApplicationContext.log Manager: list: Listing contexts for virtual host 'localhost'
01-Jun-2024 18:52:34.818 INFO [http-nio-8080-exec-104] org.apache.catalina.core.ApplicationContext.log Manager: list: Listing contexts for virtual host 'localhost'
01-Jun-2024 18:53:07.149 INFO [http-nio-8080-exec-103] org.apache.catalina.core.ApplicationContext.log Manager: list: Listing contexts for virtual host 'localhost'
01-Jun-2024 18:54:17.037 INFO [http-nio-8080-exec-104] org.apache.catalina.core.ApplicationContext.log Manager: list: Listing contexts for virtual host 'localhost'
01-Jun-2024 18:54:41.064 INFO [http-nio-8080-exec-104] org.apache.catalina.core.ApplicationContext.log Manager: list: Listing contexts for virtual host 'localhost'
01-Jun-2024 18:55:06.842 INFO [http-nio-8080-exec-100] org.apache.catalina.core.ApplicationContext.log Manager: list: Listing contexts for virtual host 'localhost'
01-Jun-2024 18:55:30.774 INFO [http-nio-8080-exec-109] org.apache.catalina.core.ApplicationContext.log Manager: list: Listing contexts for virtual host 'localhost'
01-Jun-2024 18:55:43.988 INFO [http-nio-8080-exec-101] org.apache.catalina.core.ApplicationContext.log Manager: list: Listing contexts for virtual host 'localhost'
01-Jun-2024 18:55:43.991 INFO [http-nio-8080-exec-103] org.apache.catalina.core.ApplicationContext.log Manager: undeploy: Undeploying web application at '/TiendaOnline'
01-Jun-2024 18:55:46.453 INFO [http-nio-8080-exec-104] org.apache.catalina.core.ApplicationContext.log Manager: list: Listing contexts for virtual host 'localhost'
01-Jun-2024 18:55:46.456 INFO [http-nio-8080-exec-101] org.apache.catalina.core.ApplicationContext.log Manager: list: Listing contexts for virtual host 'localhost'
01-Jun-2024 18:55:46.461 INFO [http-nio-8080-exec-108] org.apache.catalina.core.ApplicationContext.log Manager: install: Installing context configuration at 'file:/C:/Users/Danil/AppData/Local/Temp/context7109727978907440771.xml'
01-Jun-2024 18:55:47.883 INFO [http-nio-8080-exec-110] org.apache.catalina.core.ApplicationContext.log Manager: start: Starting web application '/TiendaOnline'
01-Jun-2024 18:56:45.697 INFO [http-nio-8080-exec-109] org.apache.catalina.core.ApplicationContext.log Manager: list: Listing contexts for virtual host 'localhost'
01-Jun-2024 18:57:43.675 INFO [http-nio-8080-exec-113] org.apache.catalina.core.ApplicationContext.log Manager: list: Listing contexts for virtual host 'localhost'
01-Jun-2024 18:57:56.555 INFO [http-nio-8080-exec-111] org.apache.catalina.core.ApplicationContext.log Manager: list: Listing contexts for virtual host 'localhost'
01-Jun-2024 18:58:01.089 INFO [http-nio-8080-exec-110] org.apache.catalina.core.ApplicationContext.log Manager: list: Listing contexts for virtual host 'localhost'
01-Jun-2024 18:58:08.388 INFO [http-nio-8080-exec-118] org.apache.catalina.core.ApplicationContext.log Manager: list: Listing contexts for virtual host 'localhost'
01-Jun-2024 18:58:16.532 INFO [http-nio-8080-exec-117] org.apache.catalina.core.ApplicationContext.log Manager: list: Listing contexts for virtual host 'localhost'
01-Jun-2024 18:58:42.076 INFO [http-nio-8080-exec-118] org.apache.catalina.core.ApplicationContext.log Manager: list: Listing contexts for virtual host 'localhost'
01-Jun-2024 19:01:45.631 INFO [http-nio-8080-exec-110] org.apache.catalina.core.ApplicationContext.log Manager: list: Listing contexts for virtual host 'localhost'
01-Jun-2024 19:02:19.611 INFO [http-nio-8080-exec-114] org.apache.catalina.core.ApplicationContext.log Manager: list: Listing contexts for virtual host 'localhost'
01-Jun-2024 19:02:32.332 INFO [http-nio-8080-exec-110] org.apache.catalina.core.ApplicationContext.log Manager: list: Listing contexts for virtual host 'localhost'
01-Jun-2024 19:03:45.429 INFO [http-nio-8080-exec-116] org.apache.catalina.core.ApplicationContext.log Manager: list: Listing contexts for virtual host 'localhost'
01-Jun-2024 19:04:29.353 INFO [http-nio-8080-exec-114] org.apache.catalina.core.ApplicationContext.log Manager: list: Listing contexts for virtual host 'localhost'
01-Jun-2024 19:05:03.560 INFO [http-nio-8080-exec-116] org.apache.catalina.core.ApplicationContext.log Manager: list: Listing contexts for virtual host 'localhost'
01-Jun-2024 19:05:03.562 INFO [http-nio-8080-exec-110] org.apache.catalina.core.ApplicationContext.log Manager: undeploy: Undeploying web application at '/TiendaOnline'
01-Jun-2024 19:05:06.055 INFO [http-nio-8080-exec-111] org.apache.catalina.core.ApplicationContext.log Manager: list: Listing contexts for virtual host 'localhost'
01-Jun-2024 19:05:06.058 INFO [http-nio-8080-exec-118] org.apache.catalina.core.ApplicationContext.log Manager: list: Listing contexts for virtual host 'localhost'
01-Jun-2024 19:05:06.062 INFO [http-nio-8080-exec-112] org.apache.catalina.core.ApplicationContext.log Manager: install: Installing context configuration at 'file:/C:/Users/Danil/AppData/Local/Temp/context11916574480475895415.xml'
01-Jun-2024 19:05:07.610 INFO [http-nio-8080-exec-119] org.apache.catalina.core.ApplicationContext.log Manager: start: Starting web application '/TiendaOnline'
01-Jun-2024 19:05:48.133 INFO [http-nio-8080-exec-119] org.apache.catalina.core.ApplicationContext.log Manager: list: Listing contexts for virtual host 'localhost'
01-Jun-2024 19:07:08.409 INFO [http-nio-8080-exec-122] org.apache.catalina.core.ApplicationContext.log Manager: list: Listing contexts for virtual host 'localhost'
01-Jun-2024 19:07:51.621 INFO [http-nio-8080-exec-120] org.apache.catalina.core.ApplicationContext.log Manager: list: Listing contexts for virtual host 'localhost'
01-Jun-2024 19:12:38.504 INFO [http-nio-8080-exec-121] org.apache.catalina.core.ApplicationContext.log Manager: list: Listing contexts for virtual host 'localhost'
01-Jun-2024 19:12:48.194 INFO [http-nio-8080-exec-128] org.apache.catalina.core.ApplicationContext.log Manager: list: Listing contexts for virtual host 'localhost'
01-Jun-2024 19:14:08.365 INFO [http-nio-8080-exec-126] org.apache.catalina.core.ApplicationContext.log Manager: list: Listing contexts for virtual host 'localhost'
01-Jun-2024 19:14:22.393 INFO [http-nio-8080-exec-129] org.apache.catalina.core.ApplicationContext.log Manager: list: Listing contexts for virtual host 'localhost'
01-Jun-2024 19:36:13.489 INFO [http-nio-8080-exec-122] org.apache.catalina.core.ApplicationContext.log Manager: list: Listing contexts for virtual host 'localhost'
01-Jun-2024 19:36:22.732 INFO [http-nio-8080-exec-124] org.apache.catalina.core.ApplicationContext.log Manager: list: Listing contexts for virtual host 'localhost'
01-Jun-2024 19:37:40.892 INFO [http-nio-8080-exec-124] org.apache.catalina.core.ApplicationContext.log Manager: list: Listing contexts for virtual host 'localhost'
01-Jun-2024 19:37:41.638 INFO [http-nio-8080-exec-121] org.apache.catalina.core.ApplicationContext.log Manager: list: Listing contexts for virtual host 'localhost'
01-Jun-2024 19:37:41.711 INFO [http-nio-8080-exec-120] org.apache.catalina.core.ApplicationContext.log Manager: list: Listing contexts for virtual host 'localhost'
01-Jun-2024 19:37:41.716 INFO [http-nio-8080-exec-121] org.apache.catalina.core.ApplicationContext.log Manager: undeploy: Undeploying web application at '/TiendaOnline'
01-Jun-2024 19:37:44.133 INFO [http-nio-8080-exec-126] org.apache.catalina.core.ApplicationContext.log Manager: list: Listing contexts for virtual host 'localhost'
01-Jun-2024 19:37:44.135 INFO [http-nio-8080-exec-123] org.apache.catalina.core.ApplicationContext.log Manager: list: Listing contexts for virtual host 'localhost'
01-Jun-2024 19:37:44.139 INFO [http-nio-8080-exec-125] org.apache.catalina.core.ApplicationContext.log Manager: install: Installing context configuration at 'file:/C:/Users/Danil/AppData/Local/Temp/context7227987758657711904.xml'
01-Jun-2024 19:37:45.609 INFO [http-nio-8080-exec-130] org.apache.catalina.core.ApplicationContext.log Manager: start: Starting web application '/TiendaOnline'
01-Jun-2024 19:38:55.045 INFO [http-nio-8080-exec-136] org.apache.catalina.core.ApplicationContext.log Manager: list: Listing contexts for virtual host 'localhost'
01-Jun-2024 19:39:07.748 INFO [http-nio-8080-exec-139] org.apache.catalina.core.ApplicationContext.log Manager: list: Listing contexts for virtual host 'localhost'
01-Jun-2024 19:39:07.750 INFO [http-nio-8080-exec-134] org.apache.catalina.core.ApplicationContext.log Manager: undeploy: Undeploying web application at '/TiendaOnline'
01-Jun-2024 19:39:11.873 INFO [http-nio-8080-exec-138] org.apache.catalina.core.ApplicationContext.log Manager: list: Listing contexts for virtual host 'localhost'
01-Jun-2024 19:39:11.874 INFO [http-nio-8080-exec-131] org.apache.catalina.core.ApplicationContext.log Manager: list: Listing contexts for virtual host 'localhost'
01-Jun-2024 19:39:11.877 INFO [http-nio-8080-exec-136] org.apache.catalina.core.ApplicationContext.log Manager: install: Installing context configuration at 'file:/C:/Users/Danil/AppData/Local/Temp/context12640003890326330928.xml'
01-Jun-2024 19:39:13.278 INFO [http-nio-8080-exec-140] org.apache.catalina.core.ApplicationContext.log Manager: start: Starting web application '/TiendaOnline'
01-Jun-2024 19:40:12.454 INFO [http-nio-8080-exec-143] org.apache.catalina.core.ApplicationContext.log Manager: list: Listing contexts for virtual host 'localhost'
01-Jun-2024 19:40:22.868 INFO [http-nio-8080-exec-140] org.apache.catalina.core.ApplicationContext.log Manager: list: Listing contexts for virtual host 'localhost'
01-Jun-2024 19:40:34.705 INFO [http-nio-8080-exec-144] org.apache.catalina.core.ApplicationContext.log Manager: list: Listing contexts for virtual host 'localhost'
01-Jun-2024 19:40:34.707 INFO [http-nio-8080-exec-146] org.apache.catalina.core.ApplicationContext.log Manager: undeploy: Undeploying web application at '/TiendaOnline'
01-Jun-2024 19:40:39.553 INFO [http-nio-8080-exec-151] org.apache.catalina.core.ApplicationContext.log Manager: list: Listing contexts for virtual host 'localhost'
01-Jun-2024 19:40:39.555 INFO [http-nio-8080-exec-142] org.apache.catalina.core.ApplicationContext.log Manager: list: Listing contexts for virtual host 'localhost'
01-Jun-2024 19:40:39.558 INFO [http-nio-8080-exec-140] org.apache.catalina.core.ApplicationContext.log Manager: install: Installing context configuration at 'file:/C:/Users/Danil/AppData/Local/Temp/context1020003110470710838.xml'
01-Jun-2024 19:40:40.951 INFO [http-nio-8080-exec-150] org.apache.catalina.core.ApplicationContext.log Manager: start: Starting web application '/TiendaOnline'
01-Jun-2024 19:42:05.626 INFO [http-nio-8080-exec-153] org.apache.catalina.core.ApplicationContext.log Manager: list: Listing contexts for virtual host 'localhost'
01-Jun-2024 19:42:13.163 INFO [http-nio-8080-exec-159] org.apache.catalina.core.ApplicationContext.log Manager: list: Listing contexts for virtual host 'localhost'
01-Jun-2024 19:42:13.166 INFO [http-nio-8080-exec-151] org.apache.catalina.core.ApplicationContext.log Manager: undeploy: Undeploying web application at '/TiendaOnline'
01-Jun-2024 19:42:15.511 INFO [http-nio-8080-exec-153] org.apache.catalina.core.ApplicationContext.log Manager: list: Listing contexts for virtual host 'localhost'
01-Jun-2024 19:42:15.512 INFO [http-nio-8080-exec-150] org.apache.catalina.core.ApplicationContext.log Manager: list: Listing contexts for virtual host 'localhost'
01-Jun-2024 19:42:15.515 INFO [http-nio-8080-exec-155] org.apache.catalina.core.ApplicationContext.log Manager: install: Installing context configuration at 'file:/C:/Users/Danil/AppData/Local/Temp/context6414966639241460887.xml'
01-Jun-2024 19:42:16.965 INFO [http-nio-8080-exec-159] org.apache.catalina.core.ApplicationContext.log Manager: start: Starting web application '/TiendaOnline'
01-Jun-2024 19:42:36.323 INFO [http-nio-8080-exec-157] org.apache.catalina.core.ApplicationContext.log Manager: list: Listing contexts for virtual host 'localhost'
01-Jun-2024 19:42:36.324 INFO [http-nio-8080-exec-160] org.apache.catalina.core.ApplicationContext.log Manager: list: Listing contexts for virtual host 'localhost'
01-Jun-2024 19:42:50.345 INFO [http-nio-8080-exec-160] org.apache.catalina.core.ApplicationContext.log Manager: list: Listing contexts for virtual host 'localhost'
01-Jun-2024 19:42:50.347 INFO [http-nio-8080-exec-163] org.apache.catalina.core.ApplicationContext.log Manager: undeploy: Undeploying web application at '/TiendaOnline'
01-Jun-2024 19:42:57.513 INFO [http-nio-8080-exec-157] org.apache.catalina.core.ApplicationContext.log Manager: list: Listing contexts for virtual host 'localhost'
01-Jun-2024 19:42:57.515 INFO [http-nio-8080-exec-150] org.apache.catalina.core.ApplicationContext.log Manager: list: Listing contexts for virtual host 'localhost'
01-Jun-2024 19:42:57.519 INFO [http-nio-8080-exec-159] org.apache.catalina.core.ApplicationContext.log Manager: install: Installing context configuration at 'file:/C:/Users/Danil/AppData/Local/Temp/context5188968675671307616.xml'
01-Jun-2024 19:42:58.805 INFO [http-nio-8080-exec-163] org.apache.catalina.core.ApplicationContext.log Manager: start: Starting web application '/TiendaOnline'
01-Jun-2024 19:43:05.274 INFO [http-nio-8080-exec-167] org.apache.catalina.core.ApplicationContext.log Manager: list: Listing contexts for virtual host 'localhost'
01-Jun-2024 19:43:05.276 INFO [http-nio-8080-exec-165] org.apache.catalina.core.ApplicationContext.log Manager: list: Listing contexts for virtual host 'localhost'
01-Jun-2024 19:43:07.985 INFO [http-nio-8080-exec-160] org.apache.catalina.core.ApplicationContext.log Manager: list: Listing contexts for virtual host 'localhost'
01-Jun-2024 19:43:07.989 INFO [http-nio-8080-exec-165] org.apache.catalina.core.ApplicationContext.log Manager: undeploy: Undeploying web application at '/TiendaOnline'
01-Jun-2024 19:43:10.776 INFO [http-nio-8080-exec-157] org.apache.catalina.core.ApplicationContext.log Manager: list: Listing contexts for virtual host 'localhost'
01-Jun-2024 19:43:10.777 INFO [http-nio-8080-exec-163] org.apache.catalina.core.ApplicationContext.log Manager: list: Listing contexts for virtual host 'localhost'
01-Jun-2024 19:43:10.781 INFO [http-nio-8080-exec-168] org.apache.catalina.core.ApplicationContext.log Manager: install: Installing context configuration at 'file:/C:/Users/Danil/AppData/Local/Temp/context16476347757951445262.xml'
01-Jun-2024 19:43:12.099 INFO [http-nio-8080-exec-165] org.apache.catalina.core.ApplicationContext.log Manager: start: Starting web application '/TiendaOnline'
01-Jun-2024 19:43:19.575 INFO [http-nio-8080-exec-166] org.apache.catalina.core.ApplicationContext.log Manager: list: Listing contexts for virtual host 'localhost'
01-Jun-2024 19:43:19.577 INFO [http-nio-8080-exec-163] org.apache.catalina.core.ApplicationContext.log Manager: list: Listing contexts for virtual host 'localhost'
01-Jun-2024 19:43:25.367 INFO [http-nio-8080-exec-169] org.apache.catalina.core.ApplicationContext.log Manager: list: Listing contexts for virtual host 'localhost'
01-Jun-2024 19:43:25.368 INFO [http-nio-8080-exec-174] org.apache.catalina.core.ApplicationContext.log Manager: list: Listing contexts for virtual host 'localhost'
01-Jun-2024 19:43:56.560 INFO [http-nio-8080-exec-5] org.apache.catalina.core.ApplicationContext.log Manager: init: Associated with Deployer 'Catalina:type=Deployer,host=localhost'
01-Jun-2024 19:43:56.560 INFO [http-nio-8080-exec-5] org.apache.catalina.core.ApplicationContext.log Manager: init: Global resources are available
01-Jun-2024 19:43:56.584 INFO [http-nio-8080-exec-10] org.apache.catalina.core.ApplicationContext.log Manager: list: Listing contexts for virtual host 'localhost'
01-Jun-2024 19:43:56.588 INFO [http-nio-8080-exec-1] org.apache.catalina.core.ApplicationContext.log Manager: list: Listing contexts for virtual host 'localhost'
01-Jun-2024 19:44:18.049 INFO [http-nio-8080-exec-3] org.apache.catalina.core.ApplicationContext.log Manager: list: Listing contexts for virtual host 'localhost'
01-Jun-2024 19:44:18.051 INFO [http-nio-8080-exec-6] org.apache.catalina.core.ApplicationContext.log Manager: list: Listing contexts for virtual host 'localhost'
01-Jun-2024 19:44:27.863 INFO [http-nio-8080-exec-1] org.apache.catalina.core.ApplicationContext.log Manager: list: Listing contexts for virtual host 'localhost'
01-Jun-2024 19:44:27.865 INFO [http-nio-8080-exec-3] org.apache.catalina.core.ApplicationContext.log Manager: list: Listing contexts for virtual host 'localhost'
01-Jun-2024 19:44:41.799 INFO [http-nio-8080-exec-2] org.apache.catalina.core.ApplicationContext.log Manager: list: Listing contexts for virtual host 'localhost'
01-Jun-2024 19:44:58.194 INFO [http-nio-8080-exec-7] org.apache.catalina.core.ApplicationContext.log Manager: list: Listing contexts for virtual host 'localhost'
01-Jun-2024 19:45:34.011 INFO [http-nio-8080-exec-2] org.apache.catalina.core.ApplicationContext.log Manager: list: Listing contexts for virtual host 'localhost'
01-Jun-2024 19:47:03.084 INFO [http-nio-8080-exec-9] org.apache.catalina.core.ApplicationContext.log Manager: list: Listing contexts for virtual host 'localhost'
01-Jun-2024 19:47:06.560 INFO [http-nio-8080-exec-1] org.apache.catalina.core.ApplicationContext.log Manager: list: Listing contexts for virtual host 'localhost'
01-Jun-2024 19:50:50.296 INFO [http-nio-8080-exec-4] org.apache.catalina.core.ApplicationContext.log Manager: list: Listing contexts for virtual host 'localhost'
01-Jun-2024 19:50:52.497 INFO [http-nio-8080-exec-5] org.apache.catalina.core.ApplicationContext.log Manager: list: Listing contexts for virtual host 'localhost'
01-Jun-2024 19:52:34.952 INFO [http-nio-8080-exec-7] org.apache.catalina.core.ApplicationContext.log Manager: list: Listing contexts for virtual host 'localhost'
01-Jun-2024 19:53:15.997 INFO [http-nio-8080-exec-2] org.apache.catalina.core.ApplicationContext.log Manager: list: Listing contexts for virtual host 'localhost'
01-Jun-2024 20:01:30.127 INFO [http-nio-8080-exec-5] org.apache.catalina.core.ApplicationContext.log Manager: list: Listing contexts for virtual host 'localhost'
01-Jun-2024 20:01:30.137 INFO [http-nio-8080-exec-1] org.apache.catalina.core.ApplicationContext.log Manager: restart: Reloading web application '/TiendaOnline'
01-Jun-2024 20:01:32.473 INFO [http-nio-8080-exec-4] org.apache.catalina.core.ApplicationContext.log Manager: list: Listing contexts for virtual host 'localhost'
01-Jun-2024 20:01:32.478 INFO [http-nio-8080-exec-6] org.apache.catalina.core.ApplicationContext.log Manager: restart: Reloading web application '/TiendaOnline'
01-Jun-2024 20:04:36.484 INFO [http-nio-8080-exec-15] org.apache.catalina.core.ApplicationContext.log Manager: list: Listing contexts for virtual host 'localhost'
01-Jun-2024 20:04:36.808 INFO [http-nio-8080-exec-19] org.apache.catalina.core.ApplicationContext.log Manager: list: Listing contexts for virtual host 'localhost'
01-Jun-2024 20:06:36.277 INFO [http-nio-8080-exec-15] org.apache.catalina.core.ApplicationContext.log Manager: list: Listing contexts for virtual host 'localhost'
01-Jun-2024 20:06:36.281 INFO [http-nio-8080-exec-14] org.apache.catalina.core.ApplicationContext.log Manager: restart: Reloading web application '/TiendaOnline'
01-Jun-2024 20:06:38.112 INFO [http-nio-8080-exec-19] org.apache.catalina.core.ApplicationContext.log Manager: list: Listing contexts for virtual host 'localhost'
01-Jun-2024 20:06:38.115 INFO [http-nio-8080-exec-17] org.apache.catalina.core.ApplicationContext.log Manager: restart: Reloading web application '/TiendaOnline'
01-Jun-2024 20:06:51.833 INFO [http-nio-8080-exec-18] org.apache.catalina.core.ApplicationContext.log Manager: list: Listing contexts for virtual host 'localhost'
01-Jun-2024 20:06:51.855 INFO [http-nio-8080-exec-23] org.apache.catalina.core.ApplicationContext.log Manager: list: Listing contexts for virtual host 'localhost'
01-Jun-2024 20:06:52.114 INFO [http-nio-8080-exec-24] org.apache.catalina.core.ApplicationContext.log Manager: list: Listing contexts for virtual host 'localhost'
01-Jun-2024 20:06:52.118 INFO [http-nio-8080-exec-22] org.apache.catalina.core.ApplicationContext.log Manager: restart: Reloading web application '/TiendaOnline'
01-Jun-2024 20:07:18.461 INFO [http-nio-8080-exec-13] org.apache.catalina.core.ApplicationContext.log Manager: list: Listing contexts for virtual host 'localhost'
01-Jun-2024 20:07:18.464 INFO [http-nio-8080-exec-21] org.apache.catalina.core.ApplicationContext.log Manager: restart: Reloading web application '/TiendaOnline'
01-Jun-2024 20:07:20.112 INFO [http-nio-8080-exec-24] org.apache.catalina.core.ApplicationContext.log Manager: list: Listing contexts for virtual host 'localhost'
01-Jun-2024 20:07:20.115 INFO [http-nio-8080-exec-23] org.apache.catalina.core.ApplicationContext.log Manager: restart: Reloading web application '/TiendaOnline'
01-Jun-2024 20:07:38.865 INFO [http-nio-8080-exec-12] org.apache.catalina.core.ApplicationContext.log Manager: list: Listing contexts for virtual host 'localhost'
01-Jun-2024 20:07:38.869 INFO [http-nio-8080-exec-19] org.apache.catalina.core.ApplicationContext.log Manager: restart: Reloading web application '/TiendaOnline'
01-Jun-2024 20:07:39.392 INFO [http-nio-8080-exec-16] org.apache.catalina.core.ApplicationContext.log Manager: list: Listing contexts for virtual host 'localhost'
01-Jun-2024 20:08:57.169 INFO [http-nio-8080-exec-29] org.apache.catalina.core.ApplicationContext.log Manager: list: Listing contexts for virtual host 'localhost'
01-Jun-2024 20:09:12.607 INFO [http-nio-8080-exec-12] org.apache.catalina.core.ApplicationContext.log Manager: list: Listing contexts for virtual host 'localhost'
01-Jun-2024 20:09:20.454 INFO [http-nio-8080-exec-30] org.apache.catalina.core.ApplicationContext.log Manager: list: Listing contexts for virtual host 'localhost'
01-Jun-2024 20:09:20.456 INFO [http-nio-8080-exec-12] org.apache.catalina.core.ApplicationContext.log Manager: list: Listing contexts for virtual host 'localhost'
01-Jun-2024 20:09:20.480 INFO [http-nio-8080-exec-31] org.apache.catalina.core.ApplicationContext.log Manager: restart: Reloading web application '/TiendaOnline'
01-Jun-2024 20:09:20.480 SEVERE [http-nio-8080-exec-31] org.apache.catalina.core.ApplicationContext.log Manager: Error reloading [/TiendaOnline]
	java.lang.IllegalStateException: Aún no se ha arrancado el Contexto [/TiendaOnline]
		at org.apache.catalina.core.StandardContext.reload(StandardContext.java:3564)
		at org.apache.catalina.manager.ManagerServlet.reload(ManagerServlet.java:1133)
		at org.apache.catalina.manager.ManagerServlet.doGet(ManagerServlet.java:368)
		at javax.servlet.http.HttpServlet.service(HttpServlet.java:529)
		at javax.servlet.http.HttpServlet.service(HttpServlet.java:623)
		at org.apache.catalina.core.ApplicationFilterChain.internalDoFilter(ApplicationFilterChain.java:209)
		at org.apache.catalina.core.ApplicationFilterChain.doFilter(ApplicationFilterChain.java:153)
		at org.apache.tomcat.websocket.server.WsFilter.doFilter(WsFilter.java:51)
		at org.apache.catalina.core.ApplicationFilterChain.internalDoFilter(ApplicationFilterChain.java:178)
		at org.apache.catalina.core.ApplicationFilterChain.doFilter(ApplicationFilterChain.java:153)
		at org.apache.catalina.filters.HttpHeaderSecurityFilter.doFilter(HttpHeaderSecurityFilter.java:129)
		at org.apache.catalina.core.ApplicationFilterChain.internalDoFilter(ApplicationFilterChain.java:178)
		at org.apache.catalina.core.ApplicationFilterChain.doFilter(ApplicationFilterChain.java:153)
		at org.apache.catalina.core.StandardWrapperValve.invoke(StandardWrapperValve.java:168)
		at org.apache.catalina.core.StandardContextValve.invoke(StandardContextValve.java:90)
		at org.apache.catalina.authenticator.AuthenticatorBase.invoke(AuthenticatorBase.java:596)
		at org.apache.catalina.valves.RequestFilterValve.process(RequestFilterValve.java:355)
		at org.apache.catalina.valves.RemoteAddrValve.invoke(RemoteAddrValve.java:54)
		at org.apache.catalina.core.StandardHostValve.invoke(StandardHostValve.java:130)
		at org.apache.catalina.valves.ErrorReportValve.invoke(ErrorReportValve.java:93)
		at org.apache.catalina.valves.AbstractAccessLogValve.invoke(AbstractAccessLogValve.java:670)
		at org.apache.catalina.core.StandardEngineValve.invoke(StandardEngineValve.java:74)
		at org.apache.catalina.connector.CoyoteAdapter.service(CoyoteAdapter.java:343)
		at org.apache.coyote.http11.Http11Processor.service(Http11Processor.java:390)
		at org.apache.coyote.AbstractProcessorLight.process(AbstractProcessorLight.java:63)
		at org.apache.coyote.AbstractProtocol$ConnectionHandler.process(AbstractProtocol.java:926)
		at org.apache.tomcat.util.net.NioEndpoint$SocketProcessor.doRun(NioEndpoint.java:1790)
		at org.apache.tomcat.util.net.SocketProcessorBase.run(SocketProcessorBase.java:52)
		at org.apache.tomcat.util.threads.ThreadPoolExecutor.runWorker(ThreadPoolExecutor.java:1191)
		at org.apache.tomcat.util.threads.ThreadPoolExecutor$Worker.run(ThreadPoolExecutor.java:659)
		at org.apache.tomcat.util.threads.TaskThread$WrappingRunnable.run(TaskThread.java:61)
		at java.base/java.lang.Thread.run(Thread.java:833)
01-Jun-2024 20:09:26.611 INFO [http-nio-8080-exec-12] org.apache.catalina.core.ApplicationContext.log Manager: list: Listing contexts for virtual host 'localhost'
01-Jun-2024 20:09:26.615 INFO [http-nio-8080-exec-31] org.apache.catalina.core.ApplicationContext.log Manager: undeploy: Undeploying web application at '/TiendaOnline'
01-Jun-2024 20:09:30.070 INFO [http-nio-8080-exec-36] org.apache.catalina.core.ApplicationContext.log Manager: list: Listing contexts for virtual host 'localhost'
01-Jun-2024 20:09:30.073 INFO [http-nio-8080-exec-33] org.apache.catalina.core.ApplicationContext.log Manager: list: Listing contexts for virtual host 'localhost'
01-Jun-2024 20:09:30.079 INFO [http-nio-8080-exec-12] org.apache.catalina.core.ApplicationContext.log Manager: install: Installing context configuration at 'file:/C:/Users/Danil/AppData/Local/Temp/context3844505617459846920.xml'
01-Jun-2024 20:09:31.365 INFO [http-nio-8080-exec-31] org.apache.catalina.core.ApplicationContext.log Manager: start: Starting web application '/TiendaOnline'
01-Jun-2024 20:10:12.882 INFO [http-nio-8080-exec-38] org.apache.catalina.core.ApplicationContext.log Manager: list: Listing contexts for virtual host 'localhost'
01-Jun-2024 20:10:38.928 INFO [http-nio-8080-exec-44] org.apache.catalina.core.ApplicationContext.log Manager: list: Listing contexts for virtual host 'localhost'
01-Jun-2024 20:10:59.777 INFO [http-nio-8080-exec-43] org.apache.catalina.core.ApplicationContext.log Manager: list: Listing contexts for virtual host 'localhost'
01-Jun-2024 20:10:59.780 INFO [http-nio-8080-exec-39] org.apache.catalina.core.ApplicationContext.log Manager: restart: Reloading web application '/TiendaOnline'
01-Jun-2024 20:11:22.660 INFO [http-nio-8080-exec-39] org.apache.catalina.core.ApplicationContext.log Manager: list: Listing contexts for virtual host 'localhost'
01-Jun-2024 20:15:36.385 INFO [http-nio-8080-exec-47] org.apache.catalina.core.ApplicationContext.log Manager: list: Listing contexts for virtual host 'localhost'
01-Jun-2024 20:15:55.999 INFO [http-nio-8080-exec-55] org.apache.catalina.core.ApplicationContext.log Manager: list: Listing contexts for virtual host 'localhost'
01-Jun-2024 20:17:32.608 INFO [http-nio-8080-exec-51] org.apache.catalina.core.ApplicationContext.log Manager: list: Listing contexts for virtual host 'localhost'
01-Jun-2024 20:17:32.611 INFO [http-nio-8080-exec-54] org.apache.catalina.core.ApplicationContext.log Manager: restart: Reloading web application '/TiendaOnline'
01-Jun-2024 20:18:14.366 INFO [http-nio-8080-exec-47] org.apache.catalina.core.ApplicationContext.log Manager: list: Listing contexts for virtual host 'localhost'
01-Jun-2024 20:19:00.095 INFO [http-nio-8080-exec-58] org.apache.catalina.core.ApplicationContext.log Manager: list: Listing contexts for virtual host 'localhost'
01-Jun-2024 20:19:00.099 INFO [http-nio-8080-exec-52] org.apache.catalina.core.ApplicationContext.log Manager: restart: Reloading web application '/TiendaOnline'
01-Jun-2024 20:21:09.609 INFO [http-nio-8080-exec-65] org.apache.catalina.core.ApplicationContext.log Manager: list: Listing contexts for virtual host 'localhost'
01-Jun-2024 20:21:30.313 INFO [http-nio-8080-exec-63] org.apache.catalina.core.ApplicationContext.log Manager: list: Listing contexts for virtual host 'localhost'
01-Jun-2024 20:21:40.398 INFO [http-nio-8080-exec-63] org.apache.catalina.core.ApplicationContext.log Manager: list: Listing contexts for virtual host 'localhost'
01-Jun-2024 20:22:41.219 INFO [http-nio-8080-exec-63] org.apache.catalina.core.ApplicationContext.log Manager: list: Listing contexts for virtual host 'localhost'
01-Jun-2024 20:22:54.853 INFO [http-nio-8080-exec-71] org.apache.catalina.core.ApplicationContext.log Manager: list: Listing contexts for virtual host 'localhost'
01-Jun-2024 20:23:25.439 INFO [http-nio-8080-exec-66] org.apache.catalina.core.ApplicationContext.log Manager: list: Listing contexts for virtual host 'localhost'
01-Jun-2024 20:23:39.976 INFO [http-nio-8080-exec-65] org.apache.catalina.core.ApplicationContext.log Manager: list: Listing contexts for virtual host 'localhost'
01-Jun-2024 20:23:58.970 INFO [http-nio-8080-exec-65] org.apache.catalina.core.ApplicationContext.log Manager: list: Listing contexts for virtual host 'localhost'
01-Jun-2024 20:24:34.519 INFO [http-nio-8080-exec-62] org.apache.catalina.core.ApplicationContext.log Manager: list: Listing contexts for virtual host 'localhost'
01-Jun-2024 20:24:59.872 INFO [http-nio-8080-exec-70] org.apache.catalina.core.ApplicationContext.log Manager: list: Listing contexts for virtual host 'localhost'
01-Jun-2024 20:25:04.834 INFO [http-nio-8080-exec-64] org.apache.catalina.core.ApplicationContext.log Manager: list: Listing contexts for virtual host 'localhost'
01-Jun-2024 20:25:41.969 INFO [http-nio-8080-exec-64] org.apache.catalina.core.ApplicationContext.log Manager: list: Listing contexts for virtual host 'localhost'
01-Jun-2024 20:25:55.969 INFO [http-nio-8080-exec-63] org.apache.catalina.core.ApplicationContext.log Manager: list: Listing contexts for virtual host 'localhost'
01-Jun-2024 20:26:02.458 INFO [http-nio-8080-exec-71] org.apache.catalina.core.ApplicationContext.log Manager: list: Listing contexts for virtual host 'localhost'
01-Jun-2024 20:26:09.437 INFO [http-nio-8080-exec-68] org.apache.catalina.core.ApplicationContext.log Manager: list: Listing contexts for virtual host 'localhost'
01-Jun-2024 20:26:14.446 INFO [http-nio-8080-exec-62] org.apache.catalina.core.ApplicationContext.log Manager: list: Listing contexts for virtual host 'localhost'
01-Jun-2024 20:26:20.328 INFO [http-nio-8080-exec-70] org.apache.catalina.core.ApplicationContext.log Manager: list: Listing contexts for virtual host 'localhost'
01-Jun-2024 20:26:33.403 INFO [http-nio-8080-exec-70] org.apache.catalina.core.ApplicationContext.log Manager: list: Listing contexts for virtual host 'localhost'
01-Jun-2024 20:26:52.266 INFO [http-nio-8080-exec-65] org.apache.catalina.core.ApplicationContext.log Manager: list: Listing contexts for virtual host 'localhost'
01-Jun-2024 20:28:06.670 INFO [http-nio-8080-exec-65] org.apache.catalina.core.ApplicationContext.log Manager: list: Listing contexts for virtual host 'localhost'
01-Jun-2024 21:31:46.368 INFO [http-nio-8080-exec-65] org.apache.catalina.core.ApplicationContext.log Manager: list: Listing contexts for virtual host 'localhost'
01-Jun-2024 21:32:36.861 INFO [http-nio-8080-exec-63] org.apache.catalina.core.ApplicationContext.log Manager: list: Listing contexts for virtual host 'localhost'
01-Jun-2024 21:32:46.720 INFO [http-nio-8080-exec-68] org.apache.catalina.core.ApplicationContext.log Manager: list: Listing contexts for virtual host 'localhost'
01-Jun-2024 21:33:01.151 INFO [http-nio-8080-exec-68] org.apache.catalina.core.ApplicationContext.log Manager: list: Listing contexts for virtual host 'localhost'
01-Jun-2024 21:33:09.081 INFO [http-nio-8080-exec-62] org.apache.catalina.core.ApplicationContext.log Manager: list: Listing contexts for virtual host 'localhost'
01-Jun-2024 21:33:15.688 INFO [http-nio-8080-exec-66] org.apache.catalina.core.ApplicationContext.log Manager: list: Listing contexts for virtual host 'localhost'
01-Jun-2024 21:33:59.830 INFO [http-nio-8080-exec-66] org.apache.catalina.core.ApplicationContext.log Manager: list: Listing contexts for virtual host 'localhost'
01-Jun-2024 21:34:11.256 INFO [http-nio-8080-exec-64] org.apache.catalina.core.ApplicationContext.log Manager: list: Listing contexts for virtual host 'localhost'
01-Jun-2024 21:34:22.332 INFO [http-nio-8080-exec-64] org.apache.catalina.core.ApplicationContext.log Manager: list: Listing contexts for virtual host 'localhost'
01-Jun-2024 21:34:37.917 INFO [http-nio-8080-exec-65] org.apache.catalina.core.ApplicationContext.log Manager: list: Listing contexts for virtual host 'localhost'
01-Jun-2024 21:35:13.931 INFO [http-nio-8080-exec-65] org.apache.catalina.core.ApplicationContext.log Manager: list: Listing contexts for virtual host 'localhost'
01-Jun-2024 21:37:12.757 INFO [http-nio-8080-exec-65] org.apache.catalina.core.ApplicationContext.log Manager: list: Listing contexts for virtual host 'localhost'
01-Jun-2024 21:37:23.575 INFO [http-nio-8080-exec-65] org.apache.catalina.core.ApplicationContext.log Manager: list: Listing contexts for virtual host 'localhost'
01-Jun-2024 21:37:42.615 INFO [http-nio-8080-exec-65] org.apache.catalina.core.ApplicationContext.log Manager: list: Listing contexts for virtual host 'localhost'
01-Jun-2024 21:37:48.919 INFO [http-nio-8080-exec-68] org.apache.catalina.core.ApplicationContext.log Manager: list: Listing contexts for virtual host 'localhost'
01-Jun-2024 21:38:02.047 INFO [http-nio-8080-exec-67] org.apache.catalina.core.ApplicationContext.log Manager: list: Listing contexts for virtual host 'localhost'
01-Jun-2024 21:38:44.050 INFO [http-nio-8080-exec-66] org.apache.catalina.core.ApplicationContext.log Manager: list: Listing contexts for virtual host 'localhost'
01-Jun-2024 21:40:18.989 INFO [http-nio-8080-exec-63] org.apache.catalina.core.ApplicationContext.log Manager: list: Listing contexts for virtual host 'localhost'
01-Jun-2024 21:40:35.775 INFO [http-nio-8080-exec-63] org.apache.catalina.core.ApplicationContext.log Manager: list: Listing contexts for virtual host 'localhost'
01-Jun-2024 21:41:38.228 INFO [http-nio-8080-exec-67] org.apache.catalina.core.ApplicationContext.log Manager: list: Listing contexts for virtual host 'localhost'
01-Jun-2024 21:42:06.801 INFO [http-nio-8080-exec-67] org.apache.catalina.core.ApplicationContext.log Manager: list: Listing contexts for virtual host 'localhost'
01-Jun-2024 21:42:12.325 INFO [http-nio-8080-exec-65] org.apache.catalina.core.ApplicationContext.log Manager: list: Listing contexts for virtual host 'localhost'
01-Jun-2024 21:42:29.927 INFO [http-nio-8080-exec-71] org.apache.catalina.core.ApplicationContext.log Manager: list: Listing contexts for virtual host 'localhost'
01-Jun-2024 21:43:43.991 INFO [http-nio-8080-exec-65] org.apache.catalina.core.ApplicationContext.log Manager: list: Listing contexts for virtual host 'localhost'
01-Jun-2024 21:44:05.338 INFO [http-nio-8080-exec-64] org.apache.catalina.core.ApplicationContext.log Manager: list: Listing contexts for virtual host 'localhost'
01-Jun-2024 21:44:45.167 INFO [http-nio-8080-exec-71] org.apache.catalina.core.ApplicationContext.log Manager: list: Listing contexts for virtual host 'localhost'
01-Jun-2024 21:45:19.491 INFO [http-nio-8080-exec-64] org.apache.catalina.core.ApplicationContext.log Manager: list: Listing contexts for virtual host 'localhost'
01-Jun-2024 21:45:26.645 INFO [http-nio-8080-exec-70] org.apache.catalina.core.ApplicationContext.log Manager: list: Listing contexts for virtual host 'localhost'
01-Jun-2024 21:45:51.325 INFO [http-nio-8080-exec-63] org.apache.catalina.core.ApplicationContext.log Manager: list: Listing contexts for virtual host 'localhost'
01-Jun-2024 21:46:01.804 INFO [http-nio-8080-exec-70] org.apache.catalina.core.ApplicationContext.log Manager: list: Listing contexts for virtual host 'localhost'
01-Jun-2024 21:46:05.961 INFO [http-nio-8080-exec-69] org.apache.catalina.core.ApplicationContext.log Manager: list: Listing contexts for virtual host 'localhost'
01-Jun-2024 21:46:10.401 INFO [http-nio-8080-exec-62] org.apache.catalina.core.ApplicationContext.log Manager: list: Listing contexts for virtual host 'localhost'
01-Jun-2024 21:46:14.875 INFO [http-nio-8080-exec-66] org.apache.catalina.core.ApplicationContext.log Manager: list: Listing contexts for virtual host 'localhost'
01-Jun-2024 21:50:06.930 INFO [http-nio-8080-exec-67] org.apache.catalina.core.ApplicationContext.log Manager: list: Listing contexts for virtual host 'localhost'
01-Jun-2024 21:50:21.617 INFO [http-nio-8080-exec-69] org.apache.catalina.core.ApplicationContext.log Manager: list: Listing contexts for virtual host 'localhost'
01-Jun-2024 21:51:44.011 INFO [http-nio-8080-exec-64] org.apache.catalina.core.ApplicationContext.log Manager: list: Listing contexts for virtual host 'localhost'
01-Jun-2024 21:52:46.055 INFO [http-nio-8080-exec-67] org.apache.catalina.core.ApplicationContext.log Manager: list: Listing contexts for virtual host 'localhost'
01-Jun-2024 21:52:56.942 INFO [http-nio-8080-exec-63] org.apache.catalina.core.ApplicationContext.log Manager: list: Listing contexts for virtual host 'localhost'
01-Jun-2024 22:02:03.242 INFO [http-nio-8080-exec-62] org.apache.catalina.core.ApplicationContext.log Manager: list: Listing contexts for virtual host 'localhost'
01-Jun-2024 22:02:10.386 INFO [http-nio-8080-exec-65] org.apache.catalina.core.ApplicationContext.log Manager: list: Listing contexts for virtual host 'localhost'
01-Jun-2024 22:02:31.163 INFO [http-nio-8080-exec-68] org.apache.catalina.core.ApplicationContext.log Manager: list: Listing contexts for virtual host 'localhost'
01-Jun-2024 22:02:58.422 INFO [http-nio-8080-exec-64] org.apache.catalina.core.ApplicationContext.log Manager: list: Listing contexts for virtual host 'localhost'
01-Jun-2024 22:03:10.840 INFO [http-nio-8080-exec-63] org.apache.catalina.core.ApplicationContext.log Manager: list: Listing contexts for virtual host 'localhost'
01-Jun-2024 22:03:38.662 INFO [http-nio-8080-exec-66] org.apache.catalina.core.ApplicationContext.log Manager: list: Listing contexts for virtual host 'localhost'
01-Jun-2024 22:03:50.922 INFO [http-nio-8080-exec-66] org.apache.catalina.core.ApplicationContext.log Manager: list: Listing contexts for virtual host 'localhost'
01-Jun-2024 22:03:59.277 INFO [http-nio-8080-exec-65] org.apache.catalina.core.ApplicationContext.log Manager: list: Listing contexts for virtual host 'localhost'
01-Jun-2024 22:05:47.257 INFO [http-nio-8080-exec-65] org.apache.catalina.core.ApplicationContext.log Manager: list: Listing contexts for virtual host 'localhost'
01-Jun-2024 22:07:08.926 INFO [http-nio-8080-exec-71] org.apache.catalina.core.ApplicationContext.log Manager: list: Listing contexts for virtual host 'localhost'
01-Jun-2024 22:09:43.937 INFO [http-nio-8080-exec-63] org.apache.catalina.core.ApplicationContext.log Manager: list: Listing contexts for virtual host 'localhost'
01-Jun-2024 22:09:52.631 INFO [http-nio-8080-exec-66] org.apache.catalina.core.ApplicationContext.log Manager: list: Listing contexts for virtual host 'localhost'
01-Jun-2024 22:10:15.199 INFO [http-nio-8080-exec-64] org.apache.catalina.core.ApplicationContext.log Manager: list: Listing contexts for virtual host 'localhost'
01-Jun-2024 22:10:55.112 INFO [http-nio-8080-exec-67] org.apache.catalina.core.ApplicationContext.log Manager: list: Listing contexts for virtual host 'localhost'
01-Jun-2024 22:11:36.247 INFO [http-nio-8080-exec-65] org.apache.catalina.core.ApplicationContext.log Manager: list: Listing contexts for virtual host 'localhost'
01-Jun-2024 22:12:46.417 INFO [http-nio-8080-exec-68] org.apache.catalina.core.ApplicationContext.log Manager: list: Listing contexts for virtual host 'localhost'
01-Jun-2024 22:12:46.420 INFO [http-nio-8080-exec-64] org.apache.catalina.core.ApplicationContext.log Manager: restart: Reloading web application '/TiendaOnline'
01-Jun-2024 22:17:39.645 INFO [http-nio-8080-exec-75] org.apache.catalina.core.ApplicationContext.log Manager: list: Listing contexts for virtual host 'localhost'
01-Jun-2024 22:19:07.705 INFO [http-nio-8080-exec-76] org.apache.catalina.core.ApplicationContext.log Manager: list: Listing contexts for virtual host 'localhost'
01-Jun-2024 22:19:07.795 INFO [http-nio-8080-exec-81] org.apache.catalina.core.ApplicationContext.log Manager: list: Listing contexts for virtual host 'localhost'
01-Jun-2024 22:19:11.683 INFO [http-nio-8080-exec-78] org.apache.catalina.core.ApplicationContext.log Manager: list: Listing contexts for virtual host 'localhost'
01-Jun-2024 22:21:12.610 INFO [http-nio-8080-exec-74] org.apache.catalina.core.ApplicationContext.log Manager: list: Listing contexts for virtual host 'localhost'
01-Jun-2024 22:22:48.591 INFO [http-nio-8080-exec-80] org.apache.catalina.core.ApplicationContext.log Manager: list: Listing contexts for virtual host 'localhost'
01-Jun-2024 22:23:14.345 INFO [http-nio-8080-exec-75] org.apache.catalina.core.ApplicationContext.log Manager: list: Listing contexts for virtual host 'localhost'
01-Jun-2024 22:25:24.663 INFO [http-nio-8080-exec-78] org.apache.catalina.core.ApplicationContext.log Manager: list: Listing contexts for virtual host 'localhost'
01-Jun-2024 22:25:50.492 INFO [http-nio-8080-exec-81] org.apache.catalina.core.ApplicationContext.log Manager: list: Listing contexts for virtual host 'localhost'
01-Jun-2024 22:26:22.023 INFO [http-nio-8080-exec-74] org.apache.catalina.core.ApplicationContext.log Manager: list: Listing contexts for virtual host 'localhost'
01-Jun-2024 22:27:02.060 INFO [http-nio-8080-exec-77] org.apache.catalina.core.ApplicationContext.log Manager: list: Listing contexts for virtual host 'localhost'
01-Jun-2024 22:28:04.835 INFO [http-nio-8080-exec-72] org.apache.catalina.core.ApplicationContext.log Manager: list: Listing contexts for virtual host 'localhost'
01-Jun-2024 22:33:30.383 INFO [http-nio-8080-exec-75] org.apache.catalina.core.ApplicationContext.log Manager: list: Listing contexts for virtual host 'localhost'
01-Jun-2024 22:36:22.004 INFO [http-nio-8080-exec-74] org.apache.catalina.core.ApplicationContext.log Manager: list: Listing contexts for virtual host 'localhost'
01-Jun-2024 22:37:09.027 INFO [http-nio-8080-exec-73] org.apache.catalina.core.ApplicationContext.log Manager: list: Listing contexts for virtual host 'localhost'
01-Jun-2024 22:37:21.059 INFO [http-nio-8080-exec-76] org.apache.catalina.core.ApplicationContext.log Manager: list: Listing contexts for virtual host 'localhost'
01-Jun-2024 22:37:30.294 INFO [http-nio-8080-exec-78] org.apache.catalina.core.ApplicationContext.log Manager: list: Listing contexts for virtual host 'localhost'
01-Jun-2024 22:37:43.770 INFO [http-nio-8080-exec-73] org.apache.catalina.core.ApplicationContext.log Manager: list: Listing contexts for virtual host 'localhost'
01-Jun-2024 22:40:19.807 INFO [http-nio-8080-exec-79] org.apache.catalina.core.ApplicationContext.log Manager: list: Listing contexts for virtual host 'localhost'
01-Jun-2024 22:40:25.456 INFO [http-nio-8080-exec-75] org.apache.catalina.core.ApplicationContext.log Manager: list: Listing contexts for virtual host 'localhost'
01-Jun-2024 22:40:26.453 INFO [http-nio-8080-exec-79] org.apache.catalina.core.ApplicationContext.log Manager: list: Listing contexts for virtual host 'localhost'
01-Jun-2024 22:40:36.203 INFO [http-nio-8080-exec-79] org.apache.catalina.core.ApplicationContext.log Manager: list: Listing contexts for virtual host 'localhost'
01-Jun-2024 22:43:56.291 INFO [http-nio-8080-exec-79] org.apache.catalina.core.ApplicationContext.log Manager: list: Listing contexts for virtual host 'localhost'
01-Jun-2024 22:56:13.276 INFO [http-nio-8080-exec-75] org.apache.catalina.core.ApplicationContext.log Manager: list: Listing contexts for virtual host 'localhost'
01-Jun-2024 22:57:25.284 INFO [http-nio-8080-exec-73] org.apache.catalina.core.ApplicationContext.log Manager: list: Listing contexts for virtual host 'localhost'
01-Jun-2024 23:02:48.185 INFO [http-nio-8080-exec-80] org.apache.catalina.core.ApplicationContext.log Manager: list: Listing contexts for virtual host 'localhost'
01-Jun-2024 23:03:37.001 INFO [http-nio-8080-exec-80] org.apache.catalina.core.ApplicationContext.log Manager: list: Listing contexts for virtual host 'localhost'
01-Jun-2024 23:04:19.838 INFO [http-nio-8080-exec-77] org.apache.catalina.core.ApplicationContext.log Manager: list: Listing contexts for virtual host 'localhost'
01-Jun-2024 23:07:00.838 INFO [http-nio-8080-exec-81] org.apache.catalina.core.ApplicationContext.log Manager: list: Listing contexts for virtual host 'localhost'
01-Jun-2024 23:08:05.823 INFO [http-nio-8080-exec-80] org.apache.catalina.core.ApplicationContext.log Manager: list: Listing contexts for virtual host 'localhost'
01-Jun-2024 23:10:38.961 INFO [http-nio-8080-exec-72] org.apache.catalina.core.ApplicationContext.log Manager: list: Listing contexts for virtual host 'localhost'
01-Jun-2024 23:11:01.891 INFO [http-nio-8080-exec-78] org.apache.catalina.core.ApplicationContext.log Manager: list: Listing contexts for virtual host 'localhost'
01-Jun-2024 23:11:04.467 INFO [http-nio-8080-exec-72] org.apache.catalina.core.ApplicationContext.log Manager: list: Listing contexts for virtual host 'localhost'
01-Jun-2024 23:11:55.443 INFO [http-nio-8080-exec-77] org.apache.catalina.core.ApplicationContext.log Manager: list: Listing contexts for virtual host 'localhost'
01-Jun-2024 23:12:32.114 INFO [http-nio-8080-exec-76] org.apache.catalina.core.ApplicationContext.log Manager: list: Listing contexts for virtual host 'localhost'
01-Jun-2024 23:12:42.470 INFO [http-nio-8080-exec-73] org.apache.catalina.core.ApplicationContext.log Manager: list: Listing contexts for virtual host 'localhost'
01-Jun-2024 23:13:25.988 INFO [http-nio-8080-exec-77] org.apache.catalina.core.ApplicationContext.log Manager: list: Listing contexts for virtual host 'localhost'
01-Jun-2024 23:13:45.226 INFO [http-nio-8080-exec-72] org.apache.catalina.core.ApplicationContext.log Manager: list: Listing contexts for virtual host 'localhost'
01-Jun-2024 23:15:00.881 INFO [http-nio-8080-exec-72] org.apache.catalina.core.ApplicationContext.log Manager: list: Listing contexts for virtual host 'localhost'
01-Jun-2024 23:15:13.986 INFO [http-nio-8080-exec-80] org.apache.catalina.core.ApplicationContext.log Manager: list: Listing contexts for virtual host 'localhost'
01-Jun-2024 23:15:19.810 INFO [http-nio-8080-exec-81] org.apache.catalina.core.ApplicationContext.log Manager: list: Listing contexts for virtual host 'localhost'
01-Jun-2024 23:15:26.884 INFO [http-nio-8080-exec-75] org.apache.catalina.core.ApplicationContext.log Manager: list: Listing contexts for virtual host 'localhost'
01-Jun-2024 23:15:52.956 INFO [http-nio-8080-exec-75] org.apache.catalina.core.ApplicationContext.log Manager: list: Listing contexts for virtual host 'localhost'
01-Jun-2024 23:16:23.765 INFO [http-nio-8080-exec-81] org.apache.catalina.core.ApplicationContext.log Manager: list: Listing contexts for virtual host 'localhost'
01-Jun-2024 23:16:36.564 INFO [http-nio-8080-exec-78] org.apache.catalina.core.ApplicationContext.log Manager: list: Listing contexts for virtual host 'localhost'
01-Jun-2024 23:16:50.217 INFO [http-nio-8080-exec-76] org.apache.catalina.core.ApplicationContext.log Manager: list: Listing contexts for virtual host 'localhost'
01-Jun-2024 23:17:01.712 INFO [http-nio-8080-exec-79] org.apache.catalina.core.ApplicationContext.log Manager: list: Listing contexts for virtual host 'localhost'
01-Jun-2024 23:17:54.026 INFO [http-nio-8080-exec-79] org.apache.catalina.core.ApplicationContext.log Manager: list: Listing contexts for virtual host 'localhost'
01-Jun-2024 23:18:02.227 INFO [http-nio-8080-exec-75] org.apache.catalina.core.ApplicationContext.log Manager: list: Listing contexts for virtual host 'localhost'
01-Jun-2024 23:22:32.161 INFO [http-nio-8080-exec-73] org.apache.catalina.core.ApplicationContext.log Manager: list: Listing contexts for virtual host 'localhost'
01-Jun-2024 23:23:34.201 INFO [http-nio-8080-exec-79] org.apache.catalina.core.ApplicationContext.log Manager: list: Listing contexts for virtual host 'localhost'
01-Jun-2024 23:23:43.113 INFO [http-nio-8080-exec-80] org.apache.catalina.core.ApplicationContext.log Manager: list: Listing contexts for virtual host 'localhost'
01-Jun-2024 23:24:05.339 INFO [http-nio-8080-exec-79] org.apache.catalina.core.ApplicationContext.log Manager: list: Listing contexts for virtual host 'localhost'
01-Jun-2024 23:24:13.878 INFO [http-nio-8080-exec-79] org.apache.catalina.core.ApplicationContext.log Manager: list: Listing contexts for virtual host 'localhost'
01-Jun-2024 23:25:23.639 INFO [http-nio-8080-exec-79] org.apache.catalina.core.ApplicationContext.log Manager: list: Listing contexts for virtual host 'localhost'
01-Jun-2024 23:25:31.712 INFO [http-nio-8080-exec-73] org.apache.catalina.core.ApplicationContext.log Manager: list: Listing contexts for virtual host 'localhost'
01-Jun-2024 23:26:05.233 INFO [http-nio-8080-exec-73] org.apache.catalina.core.ApplicationContext.log Manager: list: Listing contexts for virtual host 'localhost'
01-Jun-2024 23:26:45.896 INFO [http-nio-8080-exec-72] org.apache.catalina.core.ApplicationContext.log Manager: list: Listing contexts for virtual host 'localhost'
01-Jun-2024 23:29:25.840 INFO [http-nio-8080-exec-80] org.apache.catalina.core.ApplicationContext.log Manager: list: Listing contexts for virtual host 'localhost'
01-Jun-2024 23:30:19.736 INFO [http-nio-8080-exec-78] org.apache.catalina.core.ApplicationContext.log Manager: list: Listing contexts for virtual host 'localhost'
01-Jun-2024 23:30:25.119 INFO [http-nio-8080-exec-80] org.apache.catalina.core.ApplicationContext.log Manager: list: Listing contexts for virtual host 'localhost'
01-Jun-2024 23:32:05.354 INFO [http-nio-8080-exec-75] org.apache.catalina.core.ApplicationContext.log Manager: list: Listing contexts for virtual host 'localhost'
01-Jun-2024 23:32:48.693 INFO [http-nio-8080-exec-79] org.apache.catalina.core.ApplicationContext.log Manager: list: Listing contexts for virtual host 'localhost'
01-Jun-2024 23:32:48.791 INFO [http-nio-8080-exec-80] org.apache.catalina.core.ApplicationContext.log Manager: list: Listing contexts for virtual host 'localhost'
01-Jun-2024 23:32:48.794 INFO [http-nio-8080-exec-79] org.apache.catalina.core.ApplicationContext.log Manager: undeploy: Undeploying web application at '/TiendaOnline'
